<?xml version="1.0" encoding="UTF-8"?>
<testsuite xmlns:xsi="http://www.w3.org/2001/XMLSchema-instance" xsi:noNamespaceSchemaLocation="https://maven.apache.org/surefire/maven-surefire-plugin/xsd/surefire-test-report.xsd" version="3.0.2" name="TestSuite" time="71.225" tests="14" errors="0" skipped="4" failures="8">
  <properties>
    <property name="java.specification.version" value="20"/>
    <property name="sun.jnu.encoding" value="UTF-8"/>
    <property name="java.class.path" value="/Users/punchh_divyanshu/Desktop/AppiumFrameworkDesignDemo/target/test-classes:/Users/punchh_divyanshu/Desktop/AppiumFrameworkDesignDemo/target/classes:/Users/punchh_divyanshu/.m2/repository/junit/junit/3.8.1/junit-3.8.1.jar:/Users/punchh_divyanshu/.m2/repository/io/appium/java-client/9.2.3/java-client-9.2.3.jar:/Users/punchh_divyanshu/.m2/repository/org/seleniumhq/selenium/selenium-api/4.25.0/selenium-api-4.25.0.jar:/Users/punchh_divyanshu/.m2/repository/org/jspecify/jspecify/1.0.0/jspecify-1.0.0.jar:/Users/punchh_divyanshu/.m2/repository/org/seleniumhq/selenium/selenium-remote-driver/4.25.0/selenium-remote-driver-4.25.0.jar:/Users/punchh_divyanshu/.m2/repository/io/opentelemetry/semconv/opentelemetry-semconv/1.25.0-alpha/opentelemetry-semconv-1.25.0-alpha.jar:/Users/punchh_divyanshu/.m2/repository/io/opentelemetry/opentelemetry-api/1.42.1/opentelemetry-api-1.42.1.jar:/Users/punchh_divyanshu/.m2/repository/io/opentelemetry/opentelemetry-context/1.42.1/opentelemetry-context-1.42.1.jar:/Users/punchh_divyanshu/.m2/repository/io/opentelemetry/opentelemetry-exporter-logging/1.42.1/opentelemetry-exporter-logging-1.42.1.jar:/Users/punchh_divyanshu/.m2/repository/io/opentelemetry/opentelemetry-sdk-common/1.42.1/opentelemetry-sdk-common-1.42.1.jar:/Users/punchh_divyanshu/.m2/repository/io/opentelemetry/opentelemetry-sdk-extension-autoconfigure-spi/1.42.1/opentelemetry-sdk-extension-autoconfigure-spi-1.42.1.jar:/Users/punchh_divyanshu/.m2/repository/io/opentelemetry/opentelemetry-sdk-extension-autoconfigure/1.42.1/opentelemetry-sdk-extension-autoconfigure-1.42.1.jar:/Users/punchh_divyanshu/.m2/repository/io/opentelemetry/opentelemetry-api-incubator/1.42.1-alpha/opentelemetry-api-incubator-1.42.1-alpha.jar:/Users/punchh_divyanshu/.m2/repository/io/opentelemetry/opentelemetry-sdk-trace/1.42.1/opentelemetry-sdk-trace-1.42.1.jar:/Users/punchh_divyanshu/.m2/repository/io/opentelemetry/opentelemetry-sdk/1.42.1/opentelemetry-sdk-1.42.1.jar:/Users/punchh_divyanshu/.m2/repository/io/opentelemetry/opentelemetry-sdk-metrics/1.42.1/opentelemetry-sdk-metrics-1.42.1.jar:/Users/punchh_divyanshu/.m2/repository/io/opentelemetry/opentelemetry-sdk-logs/1.42.1/opentelemetry-sdk-logs-1.42.1.jar:/Users/punchh_divyanshu/.m2/repository/org/seleniumhq/selenium/selenium-http/4.25.0/selenium-http-4.25.0.jar:/Users/punchh_divyanshu/.m2/repository/dev/failsafe/failsafe/3.3.2/failsafe-3.3.2.jar:/Users/punchh_divyanshu/.m2/repository/org/seleniumhq/selenium/selenium-manager/4.25.0/selenium-manager-4.25.0.jar:/Users/punchh_divyanshu/.m2/repository/org/seleniumhq/selenium/selenium-os/4.25.0/selenium-os-4.25.0.jar:/Users/punchh_divyanshu/.m2/repository/org/apache/commons/commons-exec/1.4.0/commons-exec-1.4.0.jar:/Users/punchh_divyanshu/.m2/repository/com/google/code/gson/gson/2.11.0/gson-2.11.0.jar:/Users/punchh_divyanshu/.m2/repository/com/google/errorprone/error_prone_annotations/2.27.0/error_prone_annotations-2.27.0.jar:/Users/punchh_divyanshu/.m2/repository/org/slf4j/slf4j-api/2.0.13/slf4j-api-2.0.13.jar:/Users/punchh_divyanshu/.m2/repository/org/testng/testng/6.14.3/testng-6.14.3.jar:/Users/punchh_divyanshu/.m2/repository/com/beust/jcommander/1.72/jcommander-1.72.jar:/Users/punchh_divyanshu/.m2/repository/org/apache-extras/beanshell/bsh/2.0b6/bsh-2.0b6.jar:/Users/punchh_divyanshu/.m2/repository/org/slf4j/slf4j-simple/2.0.13/slf4j-simple-2.0.13.jar:/Users/punchh_divyanshu/.m2/repository/org/seleniumhq/selenium/selenium-support/4.22.0/selenium-support-4.22.0.jar:/Users/punchh_divyanshu/.m2/repository/com/google/auto/service/auto-service-annotations/1.1.1/auto-service-annotations-1.1.1.jar:/Users/punchh_divyanshu/.m2/repository/com/google/guava/guava/33.2.1-jre/guava-33.2.1-jre.jar:/Users/punchh_divyanshu/.m2/repository/com/google/guava/failureaccess/1.0.2/failureaccess-1.0.2.jar:/Users/punchh_divyanshu/.m2/repository/com/google/guava/listenablefuture/9999.0-empty-to-avoid-conflict-with-guava/listenablefuture-9999.0-empty-to-avoid-conflict-with-guava.jar:/Users/punchh_divyanshu/.m2/repository/com/google/code/findbugs/jsr305/3.0.2/jsr305-3.0.2.jar:/Users/punchh_divyanshu/.m2/repository/org/checkerframework/checker-qual/3.42.0/checker-qual-3.42.0.jar:/Users/punchh_divyanshu/.m2/repository/com/google/j2objc/j2objc-annotations/3.0.0/j2objc-annotations-3.0.0.jar:/Users/punchh_divyanshu/.m2/repository/net/bytebuddy/byte-buddy/1.14.17/byte-buddy-1.14.17.jar:/Users/punchh_divyanshu/.m2/repository/org/seleniumhq/selenium/selenium-json/4.22.0/selenium-json-4.22.0.jar:/Users/punchh_divyanshu/.m2/repository/commons-io/commons-io/2.16.1/commons-io-2.16.1.jar:/Users/punchh_divyanshu/.m2/repository/com/fasterxml/jackson/core/jackson-databind/2.18.0-rc1/jackson-databind-2.18.0-rc1.jar:/Users/punchh_divyanshu/.m2/repository/com/fasterxml/jackson/core/jackson-annotations/2.18.0-rc1/jackson-annotations-2.18.0-rc1.jar:/Users/punchh_divyanshu/.m2/repository/com/fasterxml/jackson/core/jackson-core/2.18.0-rc1/jackson-core-2.18.0-rc1.jar:/Users/punchh_divyanshu/.m2/repository/com/aventstack/extentreports/5.1.2/extentreports-5.1.2.jar:/Users/punchh_divyanshu/.m2/repository/io/reactivex/rxjava3/rxjava/3.1.6/rxjava-3.1.6.jar:/Users/punchh_divyanshu/.m2/repository/org/reactivestreams/reactive-streams/1.0.4/reactive-streams-1.0.4.jar:/Users/punchh_divyanshu/.m2/repository/org/freemarker/freemarker/2.3.32/freemarker-2.3.32.jar:/Users/punchh_divyanshu/.m2/repository/org/projectlombok/lombok/1.18.26/lombok-1.18.26.jar:"/>
    <property name="java.vm.vendor" value="Oracle Corporation"/>
    <property name="sun.arch.data.model" value="64"/>
    <property name="java.vendor.url" value="https://java.oracle.com/"/>
    <property name="user.timezone" value="Asia/Kolkata"/>
    <property name="os.name" value="Mac OS X"/>
    <property name="java.vm.specification.version" value="20"/>
    <property name="sun.java.launcher" value="SUN_STANDARD"/>
    <property name="user.country" value="IN"/>
    <property name="sun.boot.library.path" value="/Users/punchh_divyanshu/Library/Java/JavaVirtualMachines/openjdk-20.0.2/Contents/Home/lib"/>
    <property name="sun.java.command" value="/Users/punchh_divyanshu/Desktop/AppiumFrameworkDesignDemo/target/surefire/surefirebooter-20240927152435095_3.jar /Users/punchh_divyanshu/Desktop/AppiumFrameworkDesignDemo/target/surefire 2024-09-27T15-24-35_051-jvmRun1 surefire-20240927152435095_1tmp surefire_0-20240927152435095_2tmp"/>
    <property name="http.nonProxyHosts" value="local|*.local|169.254/16|*.169.254/16"/>
    <property name="jdk.debug" value="release"/>
    <property name="surefire.test.class.path" value="/Users/punchh_divyanshu/Desktop/AppiumFrameworkDesignDemo/target/test-classes:/Users/punchh_divyanshu/Desktop/AppiumFrameworkDesignDemo/target/classes:/Users/punchh_divyanshu/.m2/repository/junit/junit/3.8.1/junit-3.8.1.jar:/Users/punchh_divyanshu/.m2/repository/io/appium/java-client/9.2.3/java-client-9.2.3.jar:/Users/punchh_divyanshu/.m2/repository/org/seleniumhq/selenium/selenium-api/4.25.0/selenium-api-4.25.0.jar:/Users/punchh_divyanshu/.m2/repository/org/jspecify/jspecify/1.0.0/jspecify-1.0.0.jar:/Users/punchh_divyanshu/.m2/repository/org/seleniumhq/selenium/selenium-remote-driver/4.25.0/selenium-remote-driver-4.25.0.jar:/Users/punchh_divyanshu/.m2/repository/io/opentelemetry/semconv/opentelemetry-semconv/1.25.0-alpha/opentelemetry-semconv-1.25.0-alpha.jar:/Users/punchh_divyanshu/.m2/repository/io/opentelemetry/opentelemetry-api/1.42.1/opentelemetry-api-1.42.1.jar:/Users/punchh_divyanshu/.m2/repository/io/opentelemetry/opentelemetry-context/1.42.1/opentelemetry-context-1.42.1.jar:/Users/punchh_divyanshu/.m2/repository/io/opentelemetry/opentelemetry-exporter-logging/1.42.1/opentelemetry-exporter-logging-1.42.1.jar:/Users/punchh_divyanshu/.m2/repository/io/opentelemetry/opentelemetry-sdk-common/1.42.1/opentelemetry-sdk-common-1.42.1.jar:/Users/punchh_divyanshu/.m2/repository/io/opentelemetry/opentelemetry-sdk-extension-autoconfigure-spi/1.42.1/opentelemetry-sdk-extension-autoconfigure-spi-1.42.1.jar:/Users/punchh_divyanshu/.m2/repository/io/opentelemetry/opentelemetry-sdk-extension-autoconfigure/1.42.1/opentelemetry-sdk-extension-autoconfigure-1.42.1.jar:/Users/punchh_divyanshu/.m2/repository/io/opentelemetry/opentelemetry-api-incubator/1.42.1-alpha/opentelemetry-api-incubator-1.42.1-alpha.jar:/Users/punchh_divyanshu/.m2/repository/io/opentelemetry/opentelemetry-sdk-trace/1.42.1/opentelemetry-sdk-trace-1.42.1.jar:/Users/punchh_divyanshu/.m2/repository/io/opentelemetry/opentelemetry-sdk/1.42.1/opentelemetry-sdk-1.42.1.jar:/Users/punchh_divyanshu/.m2/repository/io/opentelemetry/opentelemetry-sdk-metrics/1.42.1/opentelemetry-sdk-metrics-1.42.1.jar:/Users/punchh_divyanshu/.m2/repository/io/opentelemetry/opentelemetry-sdk-logs/1.42.1/opentelemetry-sdk-logs-1.42.1.jar:/Users/punchh_divyanshu/.m2/repository/org/seleniumhq/selenium/selenium-http/4.25.0/selenium-http-4.25.0.jar:/Users/punchh_divyanshu/.m2/repository/dev/failsafe/failsafe/3.3.2/failsafe-3.3.2.jar:/Users/punchh_divyanshu/.m2/repository/org/seleniumhq/selenium/selenium-manager/4.25.0/selenium-manager-4.25.0.jar:/Users/punchh_divyanshu/.m2/repository/org/seleniumhq/selenium/selenium-os/4.25.0/selenium-os-4.25.0.jar:/Users/punchh_divyanshu/.m2/repository/org/apache/commons/commons-exec/1.4.0/commons-exec-1.4.0.jar:/Users/punchh_divyanshu/.m2/repository/com/google/code/gson/gson/2.11.0/gson-2.11.0.jar:/Users/punchh_divyanshu/.m2/repository/com/google/errorprone/error_prone_annotations/2.27.0/error_prone_annotations-2.27.0.jar:/Users/punchh_divyanshu/.m2/repository/org/slf4j/slf4j-api/2.0.13/slf4j-api-2.0.13.jar:/Users/punchh_divyanshu/.m2/repository/org/testng/testng/6.14.3/testng-6.14.3.jar:/Users/punchh_divyanshu/.m2/repository/com/beust/jcommander/1.72/jcommander-1.72.jar:/Users/punchh_divyanshu/.m2/repository/org/apache-extras/beanshell/bsh/2.0b6/bsh-2.0b6.jar:/Users/punchh_divyanshu/.m2/repository/org/slf4j/slf4j-simple/2.0.13/slf4j-simple-2.0.13.jar:/Users/punchh_divyanshu/.m2/repository/org/seleniumhq/selenium/selenium-support/4.22.0/selenium-support-4.22.0.jar:/Users/punchh_divyanshu/.m2/repository/com/google/auto/service/auto-service-annotations/1.1.1/auto-service-annotations-1.1.1.jar:/Users/punchh_divyanshu/.m2/repository/com/google/guava/guava/33.2.1-jre/guava-33.2.1-jre.jar:/Users/punchh_divyanshu/.m2/repository/com/google/guava/failureaccess/1.0.2/failureaccess-1.0.2.jar:/Users/punchh_divyanshu/.m2/repository/com/google/guava/listenablefuture/9999.0-empty-to-avoid-conflict-with-guava/listenablefuture-9999.0-empty-to-avoid-conflict-with-guava.jar:/Users/punchh_divyanshu/.m2/repository/com/google/code/findbugs/jsr305/3.0.2/jsr305-3.0.2.jar:/Users/punchh_divyanshu/.m2/repository/org/checkerframework/checker-qual/3.42.0/checker-qual-3.42.0.jar:/Users/punchh_divyanshu/.m2/repository/com/google/j2objc/j2objc-annotations/3.0.0/j2objc-annotations-3.0.0.jar:/Users/punchh_divyanshu/.m2/repository/net/bytebuddy/byte-buddy/1.14.17/byte-buddy-1.14.17.jar:/Users/punchh_divyanshu/.m2/repository/org/seleniumhq/selenium/selenium-json/4.22.0/selenium-json-4.22.0.jar:/Users/punchh_divyanshu/.m2/repository/commons-io/commons-io/2.16.1/commons-io-2.16.1.jar:/Users/punchh_divyanshu/.m2/repository/com/fasterxml/jackson/core/jackson-databind/2.18.0-rc1/jackson-databind-2.18.0-rc1.jar:/Users/punchh_divyanshu/.m2/repository/com/fasterxml/jackson/core/jackson-annotations/2.18.0-rc1/jackson-annotations-2.18.0-rc1.jar:/Users/punchh_divyanshu/.m2/repository/com/fasterxml/jackson/core/jackson-core/2.18.0-rc1/jackson-core-2.18.0-rc1.jar:/Users/punchh_divyanshu/.m2/repository/com/aventstack/extentreports/5.1.2/extentreports-5.1.2.jar:/Users/punchh_divyanshu/.m2/repository/io/reactivex/rxjava3/rxjava/3.1.6/rxjava-3.1.6.jar:/Users/punchh_divyanshu/.m2/repository/org/reactivestreams/reactive-streams/1.0.4/reactive-streams-1.0.4.jar:/Users/punchh_divyanshu/.m2/repository/org/freemarker/freemarker/2.3.32/freemarker-2.3.32.jar:/Users/punchh_divyanshu/.m2/repository/org/projectlombok/lombok/1.18.26/lombok-1.18.26.jar:"/>
    <property name="sun.cpu.endian" value="little"/>
    <property name="user.home" value="/Users/punchh_divyanshu"/>
    <property name="user.language" value="en"/>
    <property name="ipAddress" value="127.0.0.1"/>
    <property name="java.specification.vendor" value="Oracle Corporation"/>
    <property name="java.version.date" value="2023-07-18"/>
    <property name="java.home" value="/Users/punchh_divyanshu/Library/Java/JavaVirtualMachines/openjdk-20.0.2/Contents/Home"/>
    <property name="file.separator" value="/"/>
    <property name="basedir" value="/Users/punchh_divyanshu/Desktop/AppiumFrameworkDesignDemo"/>
    <property name="java.vm.compressedOopsMode" value="Zero based"/>
    <property name="line.separator" value="&#10;"/>
    <property name="java.vm.specification.vendor" value="Oracle Corporation"/>
    <property name="java.specification.name" value="Java Platform API Specification"/>
    <property name="apple.awt.application.name" value="ForkedBooter"/>
    <property name="surefire.real.class.path" value="/Users/punchh_divyanshu/Desktop/AppiumFrameworkDesignDemo/target/surefire/surefirebooter-20240927152435095_3.jar"/>
    <property name="sun.management.compiler" value="HotSpot 64-Bit Tiered Compilers"/>
    <property name="ftp.nonProxyHosts" value="local|*.local|169.254/16|*.169.254/16"/>
    <property name="java.runtime.version" value="20.0.2+9-78"/>
    <property name="user.name" value="punchh_divyanshu"/>
    <property name="stdout.encoding" value="UTF-8"/>
    <property name="path.separator" value=":"/>
    <property name="os.version" value="14.5"/>
    <property name="java.runtime.name" value="OpenJDK Runtime Environment"/>
    <property name="file.encoding" value="UTF-8"/>
    <property name="java.vm.name" value="OpenJDK 64-Bit Server VM"/>
    <property name="localRepository" value="/Users/punchh_divyanshu/.m2/repository"/>
    <property name="java.vendor.url.bug" value="https://bugreport.java.com/bugreport/"/>
    <property name="java.io.tmpdir" value="/var/folders/q7/2gjwkq3x4_xcsc1xw24fc8s40000gn/T/"/>
    <property name="java.version" value="20.0.2"/>
    <property name="user.dir" value="/Users/punchh_divyanshu/Desktop/AppiumFrameworkDesignDemo"/>
    <property name="os.arch" value="aarch64"/>
    <property name="java.vm.specification.name" value="Java Virtual Machine Specification"/>
    <property name="native.encoding" value="UTF-8"/>
    <property name="java.library.path" value="/Users/punchh_divyanshu/Library/Java/Extensions:/Library/Java/Extensions:/Network/Library/Java/Extensions:/System/Library/Java/Extensions:/usr/lib/java:."/>
    <property name="java.vm.info" value="mixed mode, sharing"/>
    <property name="stderr.encoding" value="UTF-8"/>
    <property name="java.vendor" value="Oracle Corporation"/>
    <property name="java.vm.version" value="20.0.2+9-78"/>
    <property name="sun.io.unicode.encoding" value="UnicodeBig"/>
    <property name="socksNonProxyHosts" value="local|*.local|169.254/16|*.169.254/16"/>
    <property name="java.class.version" value="64.0"/>
  </properties>
  <testcase name="ConfigureAppium" classname="org.example.Module.HybridTestCase" time="23.041">
    <failure message="Could not start a new session. Response code 500. Message: An unknown server-side error occurred while processing the command. Original error: Could not find a connected Android device in 20000ms &#10;Host info: host: &apos;192.168.1.5&apos;, ip: &apos;2401:4900:889a:5449:1585:e1b5:cc32:34ae%en0&apos;&#10;Build info: version: &apos;4.25.0&apos;, revision: &apos;8a8aea2337&apos;&#10;System info: os.name: &apos;Mac OS X&apos;, os.arch: &apos;aarch64&apos;, os.version: &apos;14.5&apos;, java.version: &apos;20.0.2&apos;&#10;Driver info: io.appium.java_client.android.AndroidDriver&#10;Command: [null, newSession {capabilities=[Capabilities {appium:app: /Users/punchh_divyanshu/Des..., appium:automationName: UIAutomator2, appium:chromedriverExecutable: /Users/punchh_divyanshu/Dow..., appium:deviceName: Pixel 8 API 33 Emulator, platformName: ANDROID}]}]&#10;Capabilities {appium:app: /Users/punchh_divyanshu/Des..., appium:automationName: UIAutomator2, appium:chromedriverExecutable: /Users/punchh_divyanshu/Dow..., appium:deviceName: Pixel 8 API 33 Emulator, platformName: ANDROID}" type="org.openqa.selenium.SessionNotCreatedException"><![CDATA[org.openqa.selenium.SessionNotCreatedException: 
Could not start a new session. Response code 500. Message: An unknown server-side error occurred while processing the command. Original error: Could not find a connected Android device in 20000ms 
Host info: host: '192.168.1.5', ip: '2401:4900:889a:5449:1585:e1b5:cc32:34ae%en0'
Build info: version: '4.25.0', revision: '8a8aea2337'
System info: os.name: 'Mac OS X', os.arch: 'aarch64', os.version: '14.5', java.version: '20.0.2'
Driver info: io.appium.java_client.android.AndroidDriver
Command: [null, newSession {capabilities=[Capabilities {appium:app: /Users/punchh_divyanshu/Des..., appium:automationName: UIAutomator2, appium:chromedriverExecutable: /Users/punchh_divyanshu/Dow..., appium:deviceName: Pixel 8 API 33 Emulator, platformName: ANDROID}]}]
Capabilities {appium:app: /Users/punchh_divyanshu/Des..., appium:automationName: UIAutomator2, appium:chromedriverExecutable: /Users/punchh_divyanshu/Dow..., appium:deviceName: Pixel 8 API 33 Emulator, platformName: ANDROID}
	at org.openqa.selenium.remote.ProtocolHandshake.createSession(ProtocolHandshake.java:114)
	at org.openqa.selenium.remote.ProtocolHandshake.createSession(ProtocolHandshake.java:75)
	at org.openqa.selenium.remote.ProtocolHandshake.createSession(ProtocolHandshake.java:61)
	at io.appium.java_client.remote.AppiumCommandExecutor.createSession(AppiumCommandExecutor.java:176)
	at io.appium.java_client.remote.AppiumCommandExecutor.execute(AppiumCommandExecutor.java:237)
	at org.openqa.selenium.remote.RemoteWebDriver.execute(RemoteWebDriver.java:545)
	at io.appium.java_client.AppiumDriver.startSession(AppiumDriver.java:270)
	at org.openqa.selenium.remote.RemoteWebDriver.<init>(RemoteWebDriver.java:174)
	at io.appium.java_client.AppiumDriver.<init>(AppiumDriver.java:91)
	at io.appium.java_client.AppiumDriver.<init>(AppiumDriver.java:103)
	at io.appium.java_client.android.AndroidDriver.<init>(AndroidDriver.java:109)
	at org.example.TestUtils.AndroidBaseTest.ConfigureAppium(AndroidBaseTest.java:85)
	at java.base/jdk.internal.reflect.DirectMethodHandleAccessor.invoke(DirectMethodHandleAccessor.java:104)
	at java.base/java.lang.reflect.Method.invoke(Method.java:578)
	at org.testng.internal.MethodInvocationHelper.invokeMethod(MethodInvocationHelper.java:124)
	at org.testng.internal.MethodInvocationHelper.invokeMethodConsideringTimeout(MethodInvocationHelper.java:59)
	at org.testng.internal.Invoker.invokeConfigurationMethod(Invoker.java:458)
	at org.testng.internal.Invoker.invokeConfigurations(Invoker.java:222)
	at org.testng.internal.Invoker.invokeConfigurations(Invoker.java:142)
	at org.testng.internal.TestMethodWorker.invokeBeforeClassMethods(TestMethodWorker.java:168)
	at org.testng.internal.TestMethodWorker.run(TestMethodWorker.java:105)
	at org.testng.TestRunner.privateRun(TestRunner.java:648)
	at org.testng.TestRunner.run(TestRunner.java:505)
	at org.testng.SuiteRunner.runTest(SuiteRunner.java:455)
	at org.testng.SuiteRunner.runSequentially(SuiteRunner.java:450)
	at org.testng.SuiteRunner.privateRun(SuiteRunner.java:415)
	at org.testng.SuiteRunner.run(SuiteRunner.java:364)
	at org.testng.SuiteRunnerWorker.runSuite(SuiteRunnerWorker.java:52)
	at org.testng.SuiteRunnerWorker.run(SuiteRunnerWorker.java:84)
	at org.testng.TestNG.runSuitesSequentially(TestNG.java:1208)
	at org.testng.TestNG.runSuitesLocally(TestNG.java:1137)
	at org.testng.TestNG.runSuites(TestNG.java:1049)
	at org.testng.TestNG.run(TestNG.java:1017)
	at org.apache.maven.surefire.testng.TestNGExecutor.run(TestNGExecutor.java:308)
	at org.apache.maven.surefire.testng.TestNGXmlTestSuite.execute(TestNGXmlTestSuite.java:71)
	at org.apache.maven.surefire.testng.TestNGProvider.invoke(TestNGProvider.java:113)
	at org.apache.maven.surefire.booter.ForkedBooter.runSuitesInProcess(ForkedBooter.java:385)
	at org.apache.maven.surefire.booter.ForkedBooter.execute(ForkedBooter.java:162)
	at org.apache.maven.surefire.booter.ForkedBooter.run(ForkedBooter.java:507)
	at org.apache.maven.surefire.booter.ForkedBooter.main(ForkedBooter.java:495)
]]></failure>
    <system-out><![CDATA[[TestNGContentHandler] [WARN] It is strongly recommended to add "<!DOCTYPE suite SYSTEM "http://testng.org/testng-1.0.dtd" >" at the top of your file, otherwise TestNG may fail or not work as expected.
&amp#27;[35m[Appium]&amp#27;[39m Welcome to Appium v2.6.0
&amp#27;[35m[Appium]&amp#27;[39m Non-default server args:
&amp#27;[35m[Appium]&amp#27;[39m { address: &amp#27;[32m'127.0.0.1'&amp#27;[39m }
&amp#27;[35m[Appium]&amp#27;[39m The autodetected Appium home path: /Users/punchh_divyanshu
&amp#27;[35m[Appium]&amp#27;[39m Attempting to load driver uiautomator2...
&amp#27;[35m[Appium]&amp#27;[39m Attempting to load driver xcuitest...
&amp#27;[35m[Appium]&amp#27;[39m Requiring driver at /Users/punchh_divyanshu/node_modules/appium-uiautomator2-driver/build/index.js
&amp#27;[35m[Appium]&amp#27;[39m Requiring driver at /Users/punchh_divyanshu/node_modules/appium-xcuitest-driver/build/index.js
[Appium] AndroidUiautomator2Driver has been successfully loaded in 1.178s
[Appium] XCUITestDriver has been successfully loaded in 1.178s
[Appium] Appium REST http interface listener started on http://127.0.0.1:4723
[Appium] Available drivers:
[Appium]   - uiautomator2@3.0.4 (automationName 'UiAutomator2')
[Appium]   - xcuitest@7.18.0 (automationName 'XCUITest')
[Appium] No plugins have been installed. Use the "appium plugin" command to install the one(s) you want to use.
&amp#27;[38;5;0m[HTTP]&amp#27;[0m &amp#27;[37m-->&amp#27;[39m &amp#27;[37mGET&amp#27;[39m &amp#27;[37m/status&amp#27;[39m
&amp#27;[38;5;0m[HTTP]&amp#27;[0m {}
&amp#27;[38;5;16m[AppiumDriver@d0d6]&amp#27;[0m Calling AppiumDriver.getStatus() with args: []
&amp#27;[38;5;16m[AppiumDriver@d0d6]&amp#27;[0m Responding to client with driver.getStatus() result: {"ready":true,"message":"The server is ready to accept new connections","build":{"version":"2.6.0"}}
&amp#27;[38;5;0m[HTTP]&amp#27;[0m <-- GET /status 200 2 ms - 110
&amp#27;[38;5;0m[HTTP]&amp#27;[0m 
&amp#27;[38;5;0m[HTTP]&amp#27;[0m Request idempotency key: 3de356ed-6bc8-4e92-9e65-4c196c6e813b
&amp#27;[38;5;0m[HTTP]&amp#27;[0m &amp#27;[37m-->&amp#27;[39m &amp#27;[37mPOST&amp#27;[39m &amp#27;[37m/session&amp#27;[39m
&amp#27;[38;5;0m[HTTP]&amp#27;[0m {"capabilities":{"firstMatch":[{"appium:chromedriverExecutable":"/Users/punchh_divyanshu/Downloads/chromedriver","appium:deviceName":"Pixel 8 API 33 Emulator","platformName":"ANDROID","appium:automationName":"UIAutomator2","appium:app":"/Users/punchh_divyanshu/Desktop/AppiumFrameworkDesignDemo//src//test//java//resources//General-Store.apk"}]}}
&amp#27;[38;5;16m[AppiumDriver@d0d6]&amp#27;[0m Calling AppiumDriver.createSession() with args: [null,null,{"firstMatch":[{"appium:chromedriverExecutable":"/Users/punchh_divyanshu/Downloads/chromedriver","appium:deviceName":"Pixel 8 API 33 Emulator","platformName":"ANDROID","appium:automationName":"UIAutomator2","appium:app":"/Users/punchh_divyanshu/Desktop/AppiumFrameworkDesignDemo//src//test//java//resources//General-Store.apk"}]}]
&amp#27;[38;5;16m[AppiumDriver@d0d6]&amp#27;[0m Event 'newSessionRequested' logged at 1727430878019 (15:24:38 GMT+0530 (India Standard Time))
[Appium] Attempting to find matching driver for automationName 'UIAutomator2' and platformName 'ANDROID'
[Appium] The 'uiautomator2' driver was installed and matched caps.
[Appium] Will require it at /Users/punchh_divyanshu/node_modules/appium-uiautomator2-driver
[Appium] Requiring driver at /Users/punchh_divyanshu/node_modules/appium-uiautomator2-driver/build/index.js
&amp#27;[38;5;16m[AppiumDriver@d0d6]&amp#27;[0m Appium v2.6.0 creating new AndroidUiautomator2Driver (v3.0.4) session
&amp#27;[38;5;16m[AppiumDriver@d0d6]&amp#27;[0m Checking BaseDriver versions for Appium and AndroidUiautomator2Driver
&amp#27;[38;5;16m[AppiumDriver@d0d6]&amp#27;[0m Appium's BaseDriver version is 9.7.0
&amp#27;[38;5;16m[AppiumDriver@d0d6]&amp#27;[0m AndroidUiautomator2Driver's BaseDriver version is 9.5.2
&amp#27;[38;5;32m[AndroidUiautomator2Driver@f3ef]&amp#27;[0m Creating session with W3C capabilities: {
&amp#27;[38;5;32m[AndroidUiautomator2Driver@f3ef]&amp#27;[0m   "alwaysMatch": {
&amp#27;[38;5;32m[AndroidUiautomator2Driver@f3ef]&amp#27;[0m     "platformName": "ANDROID",
&amp#27;[38;5;32m[AndroidUiautomator2Driver@f3ef]&amp#27;[0m     "appium:chromedriverExecutable": "/Users/punchh_divyanshu/Downloads/chromedriver",
&amp#27;[38;5;32m[AndroidUiautomator2Driver@f3ef]&amp#27;[0m     "appium:deviceName": "Pixel 8 API 33 Emulator",
&amp#27;[38;5;32m[AndroidUiautomator2Driver@f3ef]&amp#27;[0m     "appium:automationName": "UIAutomator2",
&amp#27;[38;5;32m[AndroidUiautomator2Driver@f3ef]&amp#27;[0m     "appium:app": "/Users/punchh_divyanshu/Desktop/AppiumFrameworkDesignDemo//src//test//java//resources//General-Store.apk"
&amp#27;[38;5;32m[AndroidUiautomator2Driver@f3ef]&amp#27;[0m   },
&amp#27;[38;5;32m[AndroidUiautomator2Driver@f3ef]&amp#27;[0m   "firstMatch": [
&amp#27;[38;5;32m[AndroidUiautomator2Driver@f3ef]&amp#27;[0m     {}
&amp#27;[38;5;32m[AndroidUiautomator2Driver@f3ef]&amp#27;[0m   ]
&amp#27;[38;5;32m[AndroidUiautomator2Driver@f3ef]&amp#27;[0m }
&amp#27;[38;5;32m[AndroidUiautomator2Driver@f3ef (521e9412)]&amp#27;[0m Session created with session id: 521e9412-f834-4b46-ae6a-55e26d0afa92
&amp#27;[38;5;48m[ADB]&amp#27;[0m Found 2 'build-tools' folders under '/users/punchh_divyanshu/Library/Android/sdk' (newest first):
&amp#27;[38;5;48m[ADB]&amp#27;[0m     /users/punchh_divyanshu/Library/Android/sdk/build-tools/34.0.0
&amp#27;[38;5;48m[ADB]&amp#27;[0m     /users/punchh_divyanshu/Library/Android/sdk/build-tools/30.0.3
&amp#27;[38;5;48m[ADB]&amp#27;[0m Using 'adb' from '/users/punchh_divyanshu/Library/Android/sdk/platform-tools/adb'
&amp#27;[38;5;48m[ADB]&amp#27;[0m Running '/users/punchh_divyanshu/Library/Android/sdk/platform-tools/adb -P 5037 start-server'
&amp#27;[38;5;32m[AndroidUiautomator2Driver@f3ef (521e9412)]&amp#27;[0m Retrieving device list
&amp#27;[38;5;48m[ADB]&amp#27;[0m Trying to find connected Android devices
&amp#27;[38;5;48m[ADB]&amp#27;[0m Getting connected devices
&amp#27;[38;5;48m[ADB]&amp#27;[0m No connected devices have been detected
&amp#27;[38;5;48m[ADB]&amp#27;[0m Could not find online devices
&amp#27;[38;5;48m[ADB]&amp#27;[0m Reconnecting adb (target offline)
&amp#27;[38;5;48m[ADB]&amp#27;[0m Running '/users/punchh_divyanshu/Library/Android/sdk/platform-tools/adb -P 5037 reconnect offline'
&amp#27;[38;5;48m[ADB]&amp#27;[0m Getting connected devices
&amp#27;[38;5;48m[ADB]&amp#27;[0m No connected devices have been detected
&amp#27;[38;5;48m[ADB]&amp#27;[0m Could not find online devices
&amp#27;[38;5;48m[ADB]&amp#27;[0m Reconnecting adb (target offline)
&amp#27;[38;5;48m[ADB]&amp#27;[0m Running '/users/punchh_divyanshu/Library/Android/sdk/platform-tools/adb -P 5037 reconnect offline'
&amp#27;[38;5;48m[ADB]&amp#27;[0m Getting connected devices
&amp#27;[38;5;48m[ADB]&amp#27;[0m No connected devices have been detected
&amp#27;[38;5;48m[ADB]&amp#27;[0m Could not find online devices
&amp#27;[38;5;48m[ADB]&amp#27;[0m Reconnecting adb (target offline)
&amp#27;[38;5;48m[ADB]&amp#27;[0m Running '/users/punchh_divyanshu/Library/Android/sdk/platform-tools/adb -P 5037 reconnect offline'
&amp#27;[38;5;48m[ADB]&amp#27;[0m Getting connected devices
&amp#27;[38;5;48m[ADB]&amp#27;[0m No connected devices have been detected
&amp#27;[38;5;48m[ADB]&amp#27;[0m Could not find online devices
&amp#27;[38;5;48m[ADB]&amp#27;[0m Reconnecting adb (target offline)
&amp#27;[38;5;48m[ADB]&amp#27;[0m Running '/users/punchh_divyanshu/Library/Android/sdk/platform-tools/adb -P 5037 reconnect offline'
&amp#27;[38;5;48m[ADB]&amp#27;[0m Getting connected devices
&amp#27;[38;5;48m[ADB]&amp#27;[0m No connected devices have been detected
&amp#27;[38;5;48m[ADB]&amp#27;[0m Could not find online devices
&amp#27;[38;5;48m[ADB]&amp#27;[0m Reconnecting adb (target offline)
&amp#27;[38;5;48m[ADB]&amp#27;[0m Running '/users/punchh_divyanshu/Library/Android/sdk/platform-tools/adb -P 5037 reconnect offline'
&amp#27;[38;5;48m[ADB]&amp#27;[0m Getting connected devices
&amp#27;[38;5;48m[ADB]&amp#27;[0m No connected devices have been detected
&amp#27;[38;5;48m[ADB]&amp#27;[0m Could not find online devices
&amp#27;[38;5;48m[ADB]&amp#27;[0m Reconnecting adb (target offline)
&amp#27;[38;5;48m[ADB]&amp#27;[0m Running '/users/punchh_divyanshu/Library/Android/sdk/platform-tools/adb -P 5037 reconnect offline'
&amp#27;[38;5;48m[ADB]&amp#27;[0m Getting connected devices
&amp#27;[38;5;48m[ADB]&amp#27;[0m No connected devices have been detected
&amp#27;[38;5;48m[ADB]&amp#27;[0m Could not find online devices
&amp#27;[38;5;48m[ADB]&amp#27;[0m Reconnecting adb (target offline)
&amp#27;[38;5;48m[ADB]&amp#27;[0m Running '/users/punchh_divyanshu/Library/Android/sdk/platform-tools/adb -P 5037 reconnect offline'
&amp#27;[38;5;48m[ADB]&amp#27;[0m Getting connected devices
&amp#27;[38;5;48m[ADB]&amp#27;[0m No connected devices have been detected
&amp#27;[38;5;48m[ADB]&amp#27;[0m Could not find online devices
&amp#27;[38;5;48m[ADB]&amp#27;[0m Reconnecting adb (target offline)
&amp#27;[38;5;48m[ADB]&amp#27;[0m Running '/users/punchh_divyanshu/Library/Android/sdk/platform-tools/adb -P 5037 reconnect offline'
&amp#27;[38;5;48m[ADB]&amp#27;[0m Getting connected devices
&amp#27;[38;5;48m[ADB]&amp#27;[0m No connected devices have been detected
&amp#27;[38;5;48m[ADB]&amp#27;[0m Could not find online devices
&amp#27;[38;5;48m[ADB]&amp#27;[0m Reconnecting adb (target offline)
&amp#27;[38;5;48m[ADB]&amp#27;[0m Running '/users/punchh_divyanshu/Library/Android/sdk/platform-tools/adb -P 5037 reconnect offline'
&amp#27;[38;5;48m[ADB]&amp#27;[0m Getting connected devices
&amp#27;[38;5;48m[ADB]&amp#27;[0m No connected devices have been detected
&amp#27;[38;5;48m[ADB]&amp#27;[0m Could not find online devices
&amp#27;[38;5;48m[ADB]&amp#27;[0m Reconnecting adb (target offline)
&amp#27;[38;5;48m[ADB]&amp#27;[0m Running '/users/punchh_divyanshu/Library/Android/sdk/platform-tools/adb -P 5037 reconnect offline'
&amp#27;[38;5;48m[ADB]&amp#27;[0m Getting connected devices
&amp#27;[38;5;48m[ADB]&amp#27;[0m No connected devices have been detected
&amp#27;[38;5;48m[ADB]&amp#27;[0m Could not find online devices
&amp#27;[38;5;48m[ADB]&amp#27;[0m Reconnecting adb (target offline)
&amp#27;[38;5;48m[ADB]&amp#27;[0m Running '/users/punchh_divyanshu/Library/Android/sdk/platform-tools/adb -P 5037 reconnect offline'
&amp#27;[38;5;48m[ADB]&amp#27;[0m Getting connected devices
&amp#27;[38;5;48m[ADB]&amp#27;[0m No connected devices have been detected
&amp#27;[38;5;48m[ADB]&amp#27;[0m Could not find online devices
&amp#27;[38;5;48m[ADB]&amp#27;[0m Reconnecting adb (target offline)
&amp#27;[38;5;48m[ADB]&amp#27;[0m Running '/users/punchh_divyanshu/Library/Android/sdk/platform-tools/adb -P 5037 reconnect offline'
&amp#27;[38;5;48m[ADB]&amp#27;[0m Getting connected devices
&amp#27;[38;5;48m[ADB]&amp#27;[0m No connected devices have been detected
&amp#27;[38;5;48m[ADB]&amp#27;[0m Could not find online devices
&amp#27;[38;5;48m[ADB]&amp#27;[0m Reconnecting adb (target offline)
&amp#27;[38;5;48m[ADB]&amp#27;[0m Running '/users/punchh_divyanshu/Library/Android/sdk/platform-tools/adb -P 5037 reconnect offline'
&amp#27;[38;5;48m[ADB]&amp#27;[0m Getting connected devices
&amp#27;[38;5;48m[ADB]&amp#27;[0m No connected devices have been detected
&amp#27;[38;5;48m[ADB]&amp#27;[0m Could not find online devices
&amp#27;[38;5;48m[ADB]&amp#27;[0m Reconnecting adb (target offline)
&amp#27;[38;5;48m[ADB]&amp#27;[0m Running '/users/punchh_divyanshu/Library/Android/sdk/platform-tools/adb -P 5037 reconnect offline'
&amp#27;[38;5;48m[ADB]&amp#27;[0m Getting connected devices
&amp#27;[38;5;48m[ADB]&amp#27;[0m No connected devices have been detected
&amp#27;[38;5;48m[ADB]&amp#27;[0m Could not find online devices
&amp#27;[38;5;48m[ADB]&amp#27;[0m Reconnecting adb (target offline)
&amp#27;[38;5;48m[ADB]&amp#27;[0m Running '/users/punchh_divyanshu/Library/Android/sdk/platform-tools/adb -P 5037 reconnect offline'
&amp#27;[38;5;48m[ADB]&amp#27;[0m Getting connected devices
&amp#27;[38;5;48m[ADB]&amp#27;[0m No connected devices have been detected
&amp#27;[38;5;48m[ADB]&amp#27;[0m Could not find online devices
&amp#27;[38;5;48m[ADB]&amp#27;[0m Reconnecting adb (target offline)
&amp#27;[38;5;48m[ADB]&amp#27;[0m Running '/users/punchh_divyanshu/Library/Android/sdk/platform-tools/adb -P 5037 reconnect offline'
&amp#27;[38;5;48m[ADB]&amp#27;[0m Getting connected devices
&amp#27;[38;5;48m[ADB]&amp#27;[0m No connected devices have been detected
&amp#27;[38;5;48m[ADB]&amp#27;[0m Could not find online devices
&amp#27;[38;5;48m[ADB]&amp#27;[0m Reconnecting adb (target offline)
&amp#27;[38;5;48m[ADB]&amp#27;[0m Running '/users/punchh_divyanshu/Library/Android/sdk/platform-tools/adb -P 5037 reconnect offline'
&amp#27;[38;5;48m[ADB]&amp#27;[0m Getting connected devices
&amp#27;[38;5;48m[ADB]&amp#27;[0m No connected devices have been detected
&amp#27;[38;5;48m[ADB]&amp#27;[0m Could not find online devices
&amp#27;[38;5;48m[ADB]&amp#27;[0m Reconnecting adb (target offline)
&amp#27;[38;5;48m[ADB]&amp#27;[0m Running '/users/punchh_divyanshu/Library/Android/sdk/platform-tools/adb -P 5037 reconnect offline'
&amp#27;[38;5;48m[ADB]&amp#27;[0m Getting connected devices
&amp#27;[38;5;48m[ADB]&amp#27;[0m No connected devices have been detected
&amp#27;[38;5;48m[ADB]&amp#27;[0m Could not find online devices
&amp#27;[38;5;48m[ADB]&amp#27;[0m Reconnecting adb (target offline)
&amp#27;[38;5;48m[ADB]&amp#27;[0m Running '/users/punchh_divyanshu/Library/Android/sdk/platform-tools/adb -P 5037 reconnect offline'
&amp#27;[38;5;48m[ADB]&amp#27;[0m Getting connected devices
&amp#27;[38;5;48m[ADB]&amp#27;[0m No connected devices have been detected
&amp#27;[38;5;48m[ADB]&amp#27;[0m Could not find online devices
&amp#27;[38;5;48m[ADB]&amp#27;[0m Reconnecting adb (target offline)
&amp#27;[38;5;48m[ADB]&amp#27;[0m Running '/users/punchh_divyanshu/Library/Android/sdk/platform-tools/adb -P 5037 reconnect offline'
&amp#27;[38;5;48m[ADB]&amp#27;[0m Getting connected devices
&amp#27;[38;5;48m[ADB]&amp#27;[0m No connected devices have been detected
&amp#27;[38;5;48m[ADB]&amp#27;[0m Could not find online devices
&amp#27;[38;5;48m[ADB]&amp#27;[0m Reconnecting adb (target offline)
&amp#27;[38;5;48m[ADB]&amp#27;[0m Running '/users/punchh_divyanshu/Library/Android/sdk/platform-tools/adb -P 5037 reconnect offline'
&amp#27;[38;5;48m[ADB]&amp#27;[0m Getting connected devices
&amp#27;[38;5;48m[ADB]&amp#27;[0m No connected devices have been detected
&amp#27;[38;5;48m[ADB]&amp#27;[0m Could not find online devices
&amp#27;[38;5;48m[ADB]&amp#27;[0m Reconnecting adb (target offline)
&amp#27;[38;5;48m[ADB]&amp#27;[0m Running '/users/punchh_divyanshu/Library/Android/sdk/platform-tools/adb -P 5037 reconnect offline'
&amp#27;[38;5;48m[ADB]&amp#27;[0m Getting connected devices
&amp#27;[38;5;48m[ADB]&amp#27;[0m No connected devices have been detected
&amp#27;[38;5;48m[ADB]&amp#27;[0m Could not find online devices
&amp#27;[38;5;48m[ADB]&amp#27;[0m Reconnecting adb (target offline)
&amp#27;[38;5;48m[ADB]&amp#27;[0m Running '/users/punchh_divyanshu/Library/Android/sdk/platform-tools/adb -P 5037 reconnect offline'
&amp#27;[38;5;48m[ADB]&amp#27;[0m Getting connected devices
&amp#27;[38;5;48m[ADB]&amp#27;[0m No connected devices have been detected
&amp#27;[38;5;48m[ADB]&amp#27;[0m Could not find online devices
&amp#27;[38;5;48m[ADB]&amp#27;[0m Reconnecting adb (target offline)
&amp#27;[38;5;48m[ADB]&amp#27;[0m Running '/users/punchh_divyanshu/Library/Android/sdk/platform-tools/adb -P 5037 reconnect offline'
&amp#27;[38;5;48m[ADB]&amp#27;[0m Getting connected devices
&amp#27;[38;5;48m[ADB]&amp#27;[0m No connected devices have been detected
&amp#27;[38;5;48m[ADB]&amp#27;[0m Could not find online devices
&amp#27;[38;5;48m[ADB]&amp#27;[0m Reconnecting adb (target offline)
&amp#27;[38;5;48m[ADB]&amp#27;[0m Running '/users/punchh_divyanshu/Library/Android/sdk/platform-tools/adb -P 5037 reconnect offline'
&amp#27;[38;5;48m[ADB]&amp#27;[0m Getting connected devices
&amp#27;[38;5;48m[ADB]&amp#27;[0m No connected devices have been detected
&amp#27;[38;5;48m[ADB]&amp#27;[0m Could not find online devices
&amp#27;[38;5;48m[ADB]&amp#27;[0m Reconnecting adb (target offline)
&amp#27;[38;5;48m[ADB]&amp#27;[0m Running '/users/punchh_divyanshu/Library/Android/sdk/platform-tools/adb -P 5037 reconnect offline'
&amp#27;[38;5;48m[ADB]&amp#27;[0m Getting connected devices
&amp#27;[38;5;48m[ADB]&amp#27;[0m No connected devices have been detected
&amp#27;[38;5;48m[ADB]&amp#27;[0m Could not find online devices
&amp#27;[38;5;48m[ADB]&amp#27;[0m Reconnecting adb (target offline)
&amp#27;[38;5;48m[ADB]&amp#27;[0m Running '/users/punchh_divyanshu/Library/Android/sdk/platform-tools/adb -P 5037 reconnect offline'
&amp#27;[38;5;48m[ADB]&amp#27;[0m Getting connected devices
&amp#27;[38;5;48m[ADB]&amp#27;[0m No connected devices have been detected
&amp#27;[38;5;48m[ADB]&amp#27;[0m Could not find online devices
&amp#27;[38;5;48m[ADB]&amp#27;[0m Reconnecting adb (target offline)
&amp#27;[38;5;48m[ADB]&amp#27;[0m Running '/users/punchh_divyanshu/Library/Android/sdk/platform-tools/adb -P 5037 reconnect offline'
&amp#27;[38;5;48m[ADB]&amp#27;[0m Getting connected devices
&amp#27;[38;5;48m[ADB]&amp#27;[0m No connected devices have been detected
&amp#27;[38;5;48m[ADB]&amp#27;[0m Could not find online devices
&amp#27;[38;5;48m[ADB]&amp#27;[0m Reconnecting adb (target offline)
&amp#27;[38;5;48m[ADB]&amp#27;[0m Running '/users/punchh_divyanshu/Library/Android/sdk/platform-tools/adb -P 5037 reconnect offline'
&amp#27;[38;5;48m[ADB]&amp#27;[0m Getting connected devices
&amp#27;[38;5;48m[ADB]&amp#27;[0m No connected devices have been detected
&amp#27;[38;5;48m[ADB]&amp#27;[0m Could not find online devices
&amp#27;[38;5;48m[ADB]&amp#27;[0m Reconnecting adb (target offline)
&amp#27;[38;5;48m[ADB]&amp#27;[0m Running '/users/punchh_divyanshu/Library/Android/sdk/platform-tools/adb -P 5037 reconnect offline'
&amp#27;[38;5;48m[ADB]&amp#27;[0m Getting connected devices
&amp#27;[38;5;48m[ADB]&amp#27;[0m No connected devices have been detected
&amp#27;[38;5;48m[ADB]&amp#27;[0m Could not find online devices
&amp#27;[38;5;48m[ADB]&amp#27;[0m Reconnecting adb (target offline)
&amp#27;[38;5;48m[ADB]&amp#27;[0m Running '/users/punchh_divyanshu/Library/Android/sdk/platform-tools/adb -P 5037 reconnect offline'
&amp#27;[38;5;48m[ADB]&amp#27;[0m Getting connected devices
&amp#27;[38;5;48m[ADB]&amp#27;[0m No connected devices have been detected
&amp#27;[38;5;48m[ADB]&amp#27;[0m Could not find online devices
&amp#27;[38;5;48m[ADB]&amp#27;[0m Reconnecting adb (target offline)
&amp#27;[38;5;48m[ADB]&amp#27;[0m Running '/users/punchh_divyanshu/Library/Android/sdk/platform-tools/adb -P 5037 reconnect offline'
&amp#27;[38;5;48m[ADB]&amp#27;[0m Getting connected devices
&amp#27;[38;5;48m[ADB]&amp#27;[0m No connected devices have been detected
&amp#27;[38;5;48m[ADB]&amp#27;[0m Could not find online devices
&amp#27;[38;5;48m[ADB]&amp#27;[0m Reconnecting adb (target offline)
&amp#27;[38;5;48m[ADB]&amp#27;[0m Running '/users/punchh_divyanshu/Library/Android/sdk/platform-tools/adb -P 5037 reconnect offline'
&amp#27;[38;5;48m[ADB]&amp#27;[0m Getting connected devices
&amp#27;[38;5;48m[ADB]&amp#27;[0m No connected devices have been detected
&amp#27;[38;5;48m[ADB]&amp#27;[0m Could not find online devices
&amp#27;[38;5;48m[ADB]&amp#27;[0m Reconnecting adb (target offline)
&amp#27;[38;5;48m[ADB]&amp#27;[0m Running '/users/punchh_divyanshu/Library/Android/sdk/platform-tools/adb -P 5037 reconnect offline'
&amp#27;[38;5;48m[ADB]&amp#27;[0m Getting connected devices
&amp#27;[38;5;48m[ADB]&amp#27;[0m No connected devices have been detected
&amp#27;[38;5;48m[ADB]&amp#27;[0m Could not find online devices
&amp#27;[38;5;48m[ADB]&amp#27;[0m Reconnecting adb (target offline)
&amp#27;[38;5;48m[ADB]&amp#27;[0m Running '/users/punchh_divyanshu/Library/Android/sdk/platform-tools/adb -P 5037 reconnect offline'
&amp#27;[38;5;48m[ADB]&amp#27;[0m Getting connected devices
&amp#27;[38;5;48m[ADB]&amp#27;[0m No connected devices have been detected
&amp#27;[38;5;48m[ADB]&amp#27;[0m Could not find online devices
&amp#27;[38;5;48m[ADB]&amp#27;[0m Reconnecting adb (target offline)
&amp#27;[38;5;48m[ADB]&amp#27;[0m Running '/users/punchh_divyanshu/Library/Android/sdk/platform-tools/adb -P 5037 reconnect offline'
&amp#27;[38;5;48m[ADB]&amp#27;[0m Getting connected devices
&amp#27;[38;5;48m[ADB]&amp#27;[0m No connected devices have been detected
&amp#27;[38;5;48m[ADB]&amp#27;[0m Could not find online devices
&amp#27;[38;5;48m[ADB]&amp#27;[0m Reconnecting adb (target offline)
&amp#27;[38;5;48m[ADB]&amp#27;[0m Running '/users/punchh_divyanshu/Library/Android/sdk/platform-tools/adb -P 5037 reconnect offline'
&amp#27;[38;5;48m[ADB]&amp#27;[0m Getting connected devices
&amp#27;[38;5;48m[ADB]&amp#27;[0m No connected devices have been detected
&amp#27;[38;5;48m[ADB]&amp#27;[0m Could not find online devices
&amp#27;[38;5;48m[ADB]&amp#27;[0m Reconnecting adb (target offline)
&amp#27;[38;5;48m[ADB]&amp#27;[0m Running '/users/punchh_divyanshu/Library/Android/sdk/platform-tools/adb -P 5037 reconnect offline'
&amp#27;[38;5;48m[ADB]&amp#27;[0m Getting connected devices
&amp#27;[38;5;48m[ADB]&amp#27;[0m No connected devices have been detected
&amp#27;[38;5;48m[ADB]&amp#27;[0m Could not find online devices
&amp#27;[38;5;48m[ADB]&amp#27;[0m Reconnecting adb (target offline)
&amp#27;[38;5;48m[ADB]&amp#27;[0m Running '/users/punchh_divyanshu/Library/Android/sdk/platform-tools/adb -P 5037 reconnect offline'
&amp#27;[38;5;48m[ADB]&amp#27;[0m Getting connected devices
&amp#27;[38;5;48m[ADB]&amp#27;[0m No connected devices have been detected
&amp#27;[38;5;48m[ADB]&amp#27;[0m Could not find online devices
&amp#27;[38;5;48m[ADB]&amp#27;[0m Reconnecting adb (target offline)
&amp#27;[38;5;48m[ADB]&amp#27;[0m Running '/users/punchh_divyanshu/Library/Android/sdk/platform-tools/adb -P 5037 reconnect offline'
&amp#27;[38;5;48m[ADB]&amp#27;[0m Getting connected devices
&amp#27;[38;5;48m[ADB]&amp#27;[0m No connected devices have been detected
&amp#27;[38;5;48m[ADB]&amp#27;[0m Could not find online devices
&amp#27;[38;5;48m[ADB]&amp#27;[0m Reconnecting adb (target offline)
&amp#27;[38;5;48m[ADB]&amp#27;[0m Running '/users/punchh_divyanshu/Library/Android/sdk/platform-tools/adb -P 5037 reconnect offline'
&amp#27;[38;5;48m[ADB]&amp#27;[0m Getting connected devices
&amp#27;[38;5;48m[ADB]&amp#27;[0m No connected devices have been detected
&amp#27;[38;5;48m[ADB]&amp#27;[0m Could not find online devices
&amp#27;[38;5;48m[ADB]&amp#27;[0m Reconnecting adb (target offline)
&amp#27;[38;5;48m[ADB]&amp#27;[0m Running '/users/punchh_divyanshu/Library/Android/sdk/platform-tools/adb -P 5037 reconnect offline'
&amp#27;[38;5;48m[ADB]&amp#27;[0m Getting connected devices
&amp#27;[38;5;48m[ADB]&amp#27;[0m No connected devices have been detected
&amp#27;[38;5;48m[ADB]&amp#27;[0m Could not find online devices
&amp#27;[38;5;48m[ADB]&amp#27;[0m Reconnecting adb (target offline)
&amp#27;[38;5;48m[ADB]&amp#27;[0m Running '/users/punchh_divyanshu/Library/Android/sdk/platform-tools/adb -P 5037 reconnect offline'
&amp#27;[38;5;48m[ADB]&amp#27;[0m Getting connected devices
&amp#27;[38;5;48m[ADB]&amp#27;[0m No connected devices have been detected
&amp#27;[38;5;48m[ADB]&amp#27;[0m Could not find online devices
&amp#27;[38;5;48m[ADB]&amp#27;[0m Reconnecting adb (target offline)
&amp#27;[38;5;48m[ADB]&amp#27;[0m Running '/users/punchh_divyanshu/Library/Android/sdk/platform-tools/adb -P 5037 reconnect offline'
&amp#27;[38;5;48m[ADB]&amp#27;[0m Getting connected devices
&amp#27;[38;5;48m[ADB]&amp#27;[0m No connected devices have been detected
&amp#27;[38;5;48m[ADB]&amp#27;[0m Could not find online devices
&amp#27;[38;5;48m[ADB]&amp#27;[0m Reconnecting adb (target offline)
&amp#27;[38;5;48m[ADB]&amp#27;[0m Running '/users/punchh_divyanshu/Library/Android/sdk/platform-tools/adb -P 5037 reconnect offline'
&amp#27;[38;5;48m[ADB]&amp#27;[0m Getting connected devices
&amp#27;[38;5;48m[ADB]&amp#27;[0m No connected devices have been detected
&amp#27;[38;5;48m[ADB]&amp#27;[0m Could not find online devices
&amp#27;[38;5;48m[ADB]&amp#27;[0m Reconnecting adb (target offline)
&amp#27;[38;5;48m[ADB]&amp#27;[0m Running '/users/punchh_divyanshu/Library/Android/sdk/platform-tools/adb -P 5037 reconnect offline'
&amp#27;[38;5;48m[ADB]&amp#27;[0m Getting connected devices
&amp#27;[38;5;48m[ADB]&amp#27;[0m No connected devices have been detected
&amp#27;[38;5;48m[ADB]&amp#27;[0m Could not find online devices
&amp#27;[38;5;48m[ADB]&amp#27;[0m Reconnecting adb (target offline)
&amp#27;[38;5;48m[ADB]&amp#27;[0m Running '/users/punchh_divyanshu/Library/Android/sdk/platform-tools/adb -P 5037 reconnect offline'
&amp#27;[38;5;48m[ADB]&amp#27;[0m Getting connected devices
&amp#27;[38;5;48m[ADB]&amp#27;[0m No connected devices have been detected
&amp#27;[38;5;48m[ADB]&amp#27;[0m Could not find online devices
&amp#27;[38;5;48m[ADB]&amp#27;[0m Reconnecting adb (target offline)
&amp#27;[38;5;48m[ADB]&amp#27;[0m Running '/users/punchh_divyanshu/Library/Android/sdk/platform-tools/adb -P 5037 reconnect offline'
&amp#27;[38;5;48m[ADB]&amp#27;[0m Getting connected devices
&amp#27;[38;5;48m[ADB]&amp#27;[0m No connected devices have been detected
&amp#27;[38;5;48m[ADB]&amp#27;[0m Could not find online devices
&amp#27;[38;5;48m[ADB]&amp#27;[0m Reconnecting adb (target offline)
&amp#27;[38;5;48m[ADB]&amp#27;[0m Running '/users/punchh_divyanshu/Library/Android/sdk/platform-tools/adb -P 5037 reconnect offline'
&amp#27;[38;5;48m[ADB]&amp#27;[0m Getting connected devices
&amp#27;[38;5;48m[ADB]&amp#27;[0m No connected devices have been detected
&amp#27;[38;5;48m[ADB]&amp#27;[0m Could not find online devices
&amp#27;[38;5;48m[ADB]&amp#27;[0m Reconnecting adb (target offline)
&amp#27;[38;5;48m[ADB]&amp#27;[0m Running '/users/punchh_divyanshu/Library/Android/sdk/platform-tools/adb -P 5037 reconnect offline'
&amp#27;[38;5;48m[ADB]&amp#27;[0m Getting connected devices
&amp#27;[38;5;48m[ADB]&amp#27;[0m No connected devices have been detected
&amp#27;[38;5;48m[ADB]&amp#27;[0m Could not find online devices
&amp#27;[38;5;48m[ADB]&amp#27;[0m Reconnecting adb (target offline)
&amp#27;[38;5;48m[ADB]&amp#27;[0m Running '/users/punchh_divyanshu/Library/Android/sdk/platform-tools/adb -P 5037 reconnect offline'
&amp#27;[38;5;48m[ADB]&amp#27;[0m Getting connected devices
&amp#27;[38;5;48m[ADB]&amp#27;[0m No connected devices have been detected
&amp#27;[38;5;48m[ADB]&amp#27;[0m Could not find online devices
&amp#27;[38;5;48m[ADB]&amp#27;[0m Reconnecting adb (target offline)
&amp#27;[38;5;48m[ADB]&amp#27;[0m Running '/users/punchh_divyanshu/Library/Android/sdk/platform-tools/adb -P 5037 reconnect offline'
&amp#27;[38;5;48m[ADB]&amp#27;[0m Getting connected devices
&amp#27;[38;5;48m[ADB]&amp#27;[0m No connected devices have been detected
&amp#27;[38;5;48m[ADB]&amp#27;[0m Could not find online devices
&amp#27;[38;5;48m[ADB]&amp#27;[0m Reconnecting adb (target offline)
&amp#27;[38;5;48m[ADB]&amp#27;[0m Running '/users/punchh_divyanshu/Library/Android/sdk/platform-tools/adb -P 5037 reconnect offline'
&amp#27;[38;5;48m[ADB]&amp#27;[0m Getting connected devices
&amp#27;[38;5;48m[ADB]&amp#27;[0m No connected devices have been detected
&amp#27;[38;5;48m[ADB]&amp#27;[0m Could not find online devices
&amp#27;[38;5;48m[ADB]&amp#27;[0m Reconnecting adb (target offline)
&amp#27;[38;5;48m[ADB]&amp#27;[0m Running '/users/punchh_divyanshu/Library/Android/sdk/platform-tools/adb -P 5037 reconnect offline'
&amp#27;[38;5;48m[ADB]&amp#27;[0m Getting connected devices
&amp#27;[38;5;48m[ADB]&amp#27;[0m No connected devices have been detected
&amp#27;[38;5;48m[ADB]&amp#27;[0m Could not find online devices
&amp#27;[38;5;48m[ADB]&amp#27;[0m Reconnecting adb (target offline)
&amp#27;[38;5;48m[ADB]&amp#27;[0m Running '/users/punchh_divyanshu/Library/Android/sdk/platform-tools/adb -P 5037 reconnect offline'
&amp#27;[38;5;48m[ADB]&amp#27;[0m Getting connected devices
&amp#27;[38;5;48m[ADB]&amp#27;[0m No connected devices have been detected
&amp#27;[38;5;48m[ADB]&amp#27;[0m Could not find online devices
&amp#27;[38;5;48m[ADB]&amp#27;[0m Reconnecting adb (target offline)
&amp#27;[38;5;48m[ADB]&amp#27;[0m Running '/users/punchh_divyanshu/Library/Android/sdk/platform-tools/adb -P 5037 reconnect offline'
&amp#27;[38;5;48m[ADB]&amp#27;[0m Getting connected devices
&amp#27;[38;5;48m[ADB]&amp#27;[0m No connected devices have been detected
&amp#27;[38;5;48m[ADB]&amp#27;[0m Could not find online devices
&amp#27;[38;5;48m[ADB]&amp#27;[0m Reconnecting adb (target offline)
&amp#27;[38;5;48m[ADB]&amp#27;[0m Running '/users/punchh_divyanshu/Library/Android/sdk/platform-tools/adb -P 5037 reconnect offline'
&amp#27;[38;5;48m[ADB]&amp#27;[0m Getting connected devices
&amp#27;[38;5;48m[ADB]&amp#27;[0m No connected devices have been detected
&amp#27;[38;5;48m[ADB]&amp#27;[0m Could not find online devices
&amp#27;[38;5;48m[ADB]&amp#27;[0m Reconnecting adb (target offline)
&amp#27;[38;5;48m[ADB]&amp#27;[0m Running '/users/punchh_divyanshu/Library/Android/sdk/platform-tools/adb -P 5037 reconnect offline'
&amp#27;[38;5;48m[ADB]&amp#27;[0m Getting connected devices
&amp#27;[38;5;48m[ADB]&amp#27;[0m No connected devices have been detected
&amp#27;[38;5;48m[ADB]&amp#27;[0m Could not find online devices
&amp#27;[38;5;48m[ADB]&amp#27;[0m Reconnecting adb (target offline)
&amp#27;[38;5;48m[ADB]&amp#27;[0m Running '/users/punchh_divyanshu/Library/Android/sdk/platform-tools/adb -P 5037 reconnect offline'
&amp#27;[38;5;48m[ADB]&amp#27;[0m Getting connected devices
&amp#27;[38;5;48m[ADB]&amp#27;[0m No connected devices have been detected
&amp#27;[38;5;48m[ADB]&amp#27;[0m Could not find online devices
&amp#27;[38;5;48m[ADB]&amp#27;[0m Reconnecting adb (target offline)
&amp#27;[38;5;48m[ADB]&amp#27;[0m Running '/users/punchh_divyanshu/Library/Android/sdk/platform-tools/adb -P 5037 reconnect offline'
&amp#27;[38;5;48m[ADB]&amp#27;[0m Getting connected devices
&amp#27;[38;5;48m[ADB]&amp#27;[0m No connected devices have been detected
&amp#27;[38;5;48m[ADB]&amp#27;[0m Could not find online devices
&amp#27;[38;5;48m[ADB]&amp#27;[0m Reconnecting adb (target offline)
&amp#27;[38;5;48m[ADB]&amp#27;[0m Running '/users/punchh_divyanshu/Library/Android/sdk/platform-tools/adb -P 5037 reconnect offline'
&amp#27;[38;5;48m[ADB]&amp#27;[0m Getting connected devices
&amp#27;[38;5;48m[ADB]&amp#27;[0m No connected devices have been detected
&amp#27;[38;5;48m[ADB]&amp#27;[0m Could not find online devices
&amp#27;[38;5;48m[ADB]&amp#27;[0m Reconnecting adb (target offline)
&amp#27;[38;5;48m[ADB]&amp#27;[0m Running '/users/punchh_divyanshu/Library/Android/sdk/platform-tools/adb -P 5037 reconnect offline'
&amp#27;[38;5;48m[ADB]&amp#27;[0m Getting connected devices
&amp#27;[38;5;48m[ADB]&amp#27;[0m No connected devices have been detected
&amp#27;[38;5;48m[ADB]&amp#27;[0m Could not find online devices
&amp#27;[38;5;48m[ADB]&amp#27;[0m Reconnecting adb (target offline)
&amp#27;[38;5;48m[ADB]&amp#27;[0m Running '/users/punchh_divyanshu/Library/Android/sdk/platform-tools/adb -P 5037 reconnect offline'
&amp#27;[38;5;48m[ADB]&amp#27;[0m Getting connected devices
&amp#27;[38;5;48m[ADB]&amp#27;[0m No connected devices have been detected
&amp#27;[38;5;48m[ADB]&amp#27;[0m Could not find online devices
&amp#27;[38;5;48m[ADB]&amp#27;[0m Reconnecting adb (target offline)
&amp#27;[38;5;48m[ADB]&amp#27;[0m Running '/users/punchh_divyanshu/Library/Android/sdk/platform-tools/adb -P 5037 reconnect offline'
&amp#27;[38;5;48m[ADB]&amp#27;[0m Getting connected devices
&amp#27;[38;5;48m[ADB]&amp#27;[0m No connected devices have been detected
&amp#27;[38;5;48m[ADB]&amp#27;[0m Could not find online devices
&amp#27;[38;5;48m[ADB]&amp#27;[0m Reconnecting adb (target offline)
&amp#27;[38;5;48m[ADB]&amp#27;[0m Running '/users/punchh_divyanshu/Library/Android/sdk/platform-tools/adb -P 5037 reconnect offline'
&amp#27;[38;5;48m[ADB]&amp#27;[0m Getting connected devices
&amp#27;[38;5;48m[ADB]&amp#27;[0m No connected devices have been detected
&amp#27;[38;5;48m[ADB]&amp#27;[0m Could not find online devices
&amp#27;[38;5;48m[ADB]&amp#27;[0m Reconnecting adb (target offline)
&amp#27;[38;5;48m[ADB]&amp#27;[0m Running '/users/punchh_divyanshu/Library/Android/sdk/platform-tools/adb -P 5037 reconnect offline'
&amp#27;[38;5;48m[ADB]&amp#27;[0m Getting connected devices
&amp#27;[38;5;48m[ADB]&amp#27;[0m No connected devices have been detected
&amp#27;[38;5;48m[ADB]&amp#27;[0m Could not find online devices
&amp#27;[38;5;48m[ADB]&amp#27;[0m Reconnecting adb (target offline)
&amp#27;[38;5;48m[ADB]&amp#27;[0m Running '/users/punchh_divyanshu/Library/Android/sdk/platform-tools/adb -P 5037 reconnect offline'
&amp#27;[38;5;48m[ADB]&amp#27;[0m Getting connected devices
&amp#27;[38;5;48m[ADB]&amp#27;[0m No connected devices have been detected
&amp#27;[38;5;48m[ADB]&amp#27;[0m Could not find online devices
&amp#27;[38;5;48m[ADB]&amp#27;[0m Reconnecting adb (target offline)
&amp#27;[38;5;48m[ADB]&amp#27;[0m Running '/users/punchh_divyanshu/Library/Android/sdk/platform-tools/adb -P 5037 reconnect offline'
&amp#27;[38;5;48m[ADB]&amp#27;[0m Getting connected devices
&amp#27;[38;5;48m[ADB]&amp#27;[0m No connected devices have been detected
&amp#27;[38;5;48m[ADB]&amp#27;[0m Could not find online devices
&amp#27;[38;5;48m[ADB]&amp#27;[0m Reconnecting adb (target offline)
&amp#27;[38;5;48m[ADB]&amp#27;[0m Running '/users/punchh_divyanshu/Library/Android/sdk/platform-tools/adb -P 5037 reconnect offline'
&amp#27;[38;5;48m[ADB]&amp#27;[0m Getting connected devices
&amp#27;[38;5;48m[ADB]&amp#27;[0m No connected devices have been detected
&amp#27;[38;5;48m[ADB]&amp#27;[0m Could not find online devices
&amp#27;[38;5;48m[ADB]&amp#27;[0m Reconnecting adb (target offline)
&amp#27;[38;5;48m[ADB]&amp#27;[0m Running '/users/punchh_divyanshu/Library/Android/sdk/platform-tools/adb -P 5037 reconnect offline'
&amp#27;[38;5;48m[ADB]&amp#27;[0m Getting connected devices
&amp#27;[38;5;48m[ADB]&amp#27;[0m No connected devices have been detected
&amp#27;[38;5;48m[ADB]&amp#27;[0m Could not find online devices
&amp#27;[38;5;48m[ADB]&amp#27;[0m Reconnecting adb (target offline)
&amp#27;[38;5;48m[ADB]&amp#27;[0m Running '/users/punchh_divyanshu/Library/Android/sdk/platform-tools/adb -P 5037 reconnect offline'
&amp#27;[38;5;48m[ADB]&amp#27;[0m Getting connected devices
&amp#27;[38;5;48m[ADB]&amp#27;[0m No connected devices have been detected
&amp#27;[38;5;48m[ADB]&amp#27;[0m Could not find online devices
&amp#27;[38;5;48m[ADB]&amp#27;[0m Reconnecting adb (target offline)
&amp#27;[38;5;48m[ADB]&amp#27;[0m Running '/users/punchh_divyanshu/Library/Android/sdk/platform-tools/adb -P 5037 reconnect offline'
&amp#27;[38;5;48m[ADB]&amp#27;[0m Getting connected devices
&amp#27;[38;5;48m[ADB]&amp#27;[0m No connected devices have been detected
&amp#27;[38;5;48m[ADB]&amp#27;[0m Could not find online devices
&amp#27;[38;5;48m[ADB]&amp#27;[0m Reconnecting adb (target offline)
&amp#27;[38;5;48m[ADB]&amp#27;[0m Running '/users/punchh_divyanshu/Library/Android/sdk/platform-tools/adb -P 5037 reconnect offline'
&amp#27;[38;5;48m[ADB]&amp#27;[0m Getting connected devices
&amp#27;[38;5;48m[ADB]&amp#27;[0m No connected devices have been detected
&amp#27;[38;5;48m[ADB]&amp#27;[0m Could not find online devices
&amp#27;[38;5;48m[ADB]&amp#27;[0m Reconnecting adb (target offline)
&amp#27;[38;5;48m[ADB]&amp#27;[0m Running '/users/punchh_divyanshu/Library/Android/sdk/platform-tools/adb -P 5037 reconnect offline'
&amp#27;[38;5;48m[ADB]&amp#27;[0m Getting connected devices
&amp#27;[38;5;48m[ADB]&amp#27;[0m No connected devices have been detected
&amp#27;[38;5;48m[ADB]&amp#27;[0m Could not find online devices
&amp#27;[38;5;48m[ADB]&amp#27;[0m Reconnecting adb (target offline)
&amp#27;[38;5;48m[ADB]&amp#27;[0m Running '/users/punchh_divyanshu/Library/Android/sdk/platform-tools/adb -P 5037 reconnect offline'
&amp#27;[38;5;48m[ADB]&amp#27;[0m Getting connected devices
&amp#27;[38;5;48m[ADB]&amp#27;[0m No connected devices have been detected
&amp#27;[38;5;48m[ADB]&amp#27;[0m Could not find online devices
&amp#27;[38;5;48m[ADB]&amp#27;[0m Reconnecting adb (target offline)
&amp#27;[38;5;48m[ADB]&amp#27;[0m Running '/users/punchh_divyanshu/Library/Android/sdk/platform-tools/adb -P 5037 reconnect offline'
&amp#27;[38;5;48m[ADB]&amp#27;[0m Getting connected devices
&amp#27;[38;5;48m[ADB]&amp#27;[0m No connected devices have been detected
&amp#27;[38;5;48m[ADB]&amp#27;[0m Could not find online devices
&amp#27;[38;5;48m[ADB]&amp#27;[0m Reconnecting adb (target offline)
&amp#27;[38;5;48m[ADB]&amp#27;[0m Running '/users/punchh_divyanshu/Library/Android/sdk/platform-tools/adb -P 5037 reconnect offline'
&amp#27;[38;5;48m[ADB]&amp#27;[0m Getting connected devices
&amp#27;[38;5;48m[ADB]&amp#27;[0m No connected devices have been detected
&amp#27;[38;5;48m[ADB]&amp#27;[0m Could not find online devices
&amp#27;[38;5;48m[ADB]&amp#27;[0m Reconnecting adb (target offline)
&amp#27;[38;5;48m[ADB]&amp#27;[0m Running '/users/punchh_divyanshu/Library/Android/sdk/platform-tools/adb -P 5037 reconnect offline'
&amp#27;[38;5;48m[ADB]&amp#27;[0m Getting connected devices
&amp#27;[38;5;48m[ADB]&amp#27;[0m No connected devices have been detected
&amp#27;[38;5;48m[ADB]&amp#27;[0m Could not find online devices
&amp#27;[38;5;48m[ADB]&amp#27;[0m Reconnecting adb (target offline)
&amp#27;[38;5;48m[ADB]&amp#27;[0m Running '/users/punchh_divyanshu/Library/Android/sdk/platform-tools/adb -P 5037 reconnect offline'
&amp#27;[38;5;48m[ADB]&amp#27;[0m Getting connected devices
&amp#27;[38;5;48m[ADB]&amp#27;[0m No connected devices have been detected
&amp#27;[38;5;48m[ADB]&amp#27;[0m Could not find online devices
&amp#27;[38;5;48m[ADB]&amp#27;[0m Reconnecting adb (target offline)
&amp#27;[38;5;48m[ADB]&amp#27;[0m Running '/users/punchh_divyanshu/Library/Android/sdk/platform-tools/adb -P 5037 reconnect offline'
&amp#27;[38;5;48m[ADB]&amp#27;[0m Getting connected devices
&amp#27;[38;5;48m[ADB]&amp#27;[0m No connected devices have been detected
&amp#27;[38;5;48m[ADB]&amp#27;[0m Could not find online devices
&amp#27;[38;5;48m[ADB]&amp#27;[0m Reconnecting adb (target offline)
&amp#27;[38;5;48m[ADB]&amp#27;[0m Running '/users/punchh_divyanshu/Library/Android/sdk/platform-tools/adb -P 5037 reconnect offline'
&amp#27;[38;5;48m[ADB]&amp#27;[0m Getting connected devices
&amp#27;[38;5;48m[ADB]&amp#27;[0m No connected devices have been detected
&amp#27;[38;5;48m[ADB]&amp#27;[0m Could not find online devices
&amp#27;[38;5;48m[ADB]&amp#27;[0m Reconnecting adb (target offline)
&amp#27;[38;5;48m[ADB]&amp#27;[0m Running '/users/punchh_divyanshu/Library/Android/sdk/platform-tools/adb -P 5037 reconnect offline'
&amp#27;[38;5;32m[AndroidUiautomator2Driver@f3ef (521e9412)]&amp#27;[0m Deleting UiAutomator2 session
&amp#27;[38;5;16m[AppiumDriver@d0d6]&amp#27;[0m Event 'newSessionStarted' logged at 1727430898207 (15:24:58 GMT+0530 (India Standard Time))
&amp#27;[38;5;16m[AppiumDriver@d0d6]&amp#27;[0m Encountered internal error running command: Error: Could not find a connected Android device in 20000ms
&amp#27;[38;5;16m[AppiumDriver@d0d6]&amp#27;[0m     at ADB.getDevicesWithRetry (/Users/punchh_divyanshu/node_modules/appium-uiautomator2-driver/node_modules/appium-adb/lib/tools/system-calls.js:332:13)
&amp#27;[38;5;16m[AppiumDriver@d0d6]&amp#27;[0m     at AndroidUiautomator2Driver.getDeviceInfoFromCaps (/Users/punchh_divyanshu/node_modules/appium-uiautomator2-driver/node_modules/appium-android-driver/lib/commands/device/common.js:35:21)
&amp#27;[38;5;16m[AppiumDriver@d0d6]&amp#27;[0m     at AndroidUiautomator2Driver.createSession (/Users/punchh_divyanshu/node_modules/appium-uiautomator2-driver/lib/driver.ts:363:30)
&amp#27;[38;5;16m[AppiumDriver@d0d6]&amp#27;[0m     at AppiumDriver.createSession (/usr/local/lib/node_modules/appium/lib/appium.js:717:35)
&amp#27;[38;5;0m[HTTP]&amp#27;[0m <-- POST /session 500 20238 ms - 604
&amp#27;[38;5;0m[HTTP]&amp#27;[0m 
]]></system-out>
  </testcase>
  <testcase name="ConfigureAppium" classname="org.example.Module.HybridTestCase" time="28.339">
    <failure message="Could not start a new session. Response code 500. Message: An unknown server-side error occurred while processing the command. Original error: Could not find a connected Android device in 20000ms &#10;Host info: host: &apos;192.168.1.5&apos;, ip: &apos;2401:4900:889a:5449:1585:e1b5:cc32:34ae%en0&apos;&#10;Build info: version: &apos;4.25.0&apos;, revision: &apos;8a8aea2337&apos;&#10;System info: os.name: &apos;Mac OS X&apos;, os.arch: &apos;aarch64&apos;, os.version: &apos;14.5&apos;, java.version: &apos;20.0.2&apos;&#10;Driver info: io.appium.java_client.android.AndroidDriver&#10;Command: [null, newSession {capabilities=[Capabilities {appium:app: /Users/punchh_divyanshu/Des..., appium:automationName: UIAutomator2, appium:chromedriverExecutable: /Users/punchh_divyanshu/Dow..., appium:deviceName: Pixel 8 API 33 Emulator, platformName: ANDROID}]}]&#10;Capabilities {appium:app: /Users/punchh_divyanshu/Des..., appium:automationName: UIAutomator2, appium:chromedriverExecutable: /Users/punchh_divyanshu/Dow..., appium:deviceName: Pixel 8 API 33 Emulator, platformName: ANDROID}" type="org.openqa.selenium.SessionNotCreatedException"><![CDATA[org.openqa.selenium.SessionNotCreatedException: 
Could not start a new session. Response code 500. Message: An unknown server-side error occurred while processing the command. Original error: Could not find a connected Android device in 20000ms 
Host info: host: '192.168.1.5', ip: '2401:4900:889a:5449:1585:e1b5:cc32:34ae%en0'
Build info: version: '4.25.0', revision: '8a8aea2337'
System info: os.name: 'Mac OS X', os.arch: 'aarch64', os.version: '14.5', java.version: '20.0.2'
Driver info: io.appium.java_client.android.AndroidDriver
Command: [null, newSession {capabilities=[Capabilities {appium:app: /Users/punchh_divyanshu/Des..., appium:automationName: UIAutomator2, appium:chromedriverExecutable: /Users/punchh_divyanshu/Dow..., appium:deviceName: Pixel 8 API 33 Emulator, platformName: ANDROID}]}]
Capabilities {appium:app: /Users/punchh_divyanshu/Des..., appium:automationName: UIAutomator2, appium:chromedriverExecutable: /Users/punchh_divyanshu/Dow..., appium:deviceName: Pixel 8 API 33 Emulator, platformName: ANDROID}
	at org.openqa.selenium.remote.ProtocolHandshake.createSession(ProtocolHandshake.java:114)
	at org.openqa.selenium.remote.ProtocolHandshake.createSession(ProtocolHandshake.java:75)
	at org.openqa.selenium.remote.ProtocolHandshake.createSession(ProtocolHandshake.java:61)
	at io.appium.java_client.remote.AppiumCommandExecutor.createSession(AppiumCommandExecutor.java:176)
	at io.appium.java_client.remote.AppiumCommandExecutor.execute(AppiumCommandExecutor.java:237)
	at org.openqa.selenium.remote.RemoteWebDriver.execute(RemoteWebDriver.java:545)
	at io.appium.java_client.AppiumDriver.startSession(AppiumDriver.java:270)
	at org.openqa.selenium.remote.RemoteWebDriver.<init>(RemoteWebDriver.java:174)
	at io.appium.java_client.AppiumDriver.<init>(AppiumDriver.java:91)
	at io.appium.java_client.AppiumDriver.<init>(AppiumDriver.java:103)
	at io.appium.java_client.android.AndroidDriver.<init>(AndroidDriver.java:109)
	at org.example.TestUtils.AndroidBaseTest.ConfigureAppium(AndroidBaseTest.java:85)
	at java.base/jdk.internal.reflect.DirectMethodHandleAccessor.invoke(DirectMethodHandleAccessor.java:104)
	at java.base/java.lang.reflect.Method.invoke(Method.java:578)
	at org.testng.internal.MethodInvocationHelper.invokeMethod(MethodInvocationHelper.java:124)
	at org.testng.internal.MethodInvocationHelper.invokeMethodConsideringTimeout(MethodInvocationHelper.java:59)
	at org.testng.internal.Invoker.invokeConfigurationMethod(Invoker.java:458)
	at org.testng.internal.Invoker.invokeConfigurations(Invoker.java:222)
	at org.testng.internal.Invoker.invokeConfigurations(Invoker.java:142)
	at org.testng.internal.TestMethodWorker.invokeBeforeClassMethods(TestMethodWorker.java:168)
	at org.testng.internal.TestMethodWorker.run(TestMethodWorker.java:105)
	at org.testng.TestRunner.privateRun(TestRunner.java:648)
	at org.testng.TestRunner.run(TestRunner.java:505)
	at org.testng.SuiteRunner.runTest(SuiteRunner.java:455)
	at org.testng.SuiteRunner.runSequentially(SuiteRunner.java:450)
	at org.testng.SuiteRunner.privateRun(SuiteRunner.java:415)
	at org.testng.SuiteRunner.run(SuiteRunner.java:364)
	at org.testng.SuiteRunnerWorker.runSuite(SuiteRunnerWorker.java:52)
	at org.testng.SuiteRunnerWorker.run(SuiteRunnerWorker.java:84)
	at org.testng.TestNG.runSuitesSequentially(TestNG.java:1208)
	at org.testng.TestNG.runSuitesLocally(TestNG.java:1137)
	at org.testng.TestNG.runSuites(TestNG.java:1049)
	at org.testng.TestNG.run(TestNG.java:1017)
	at org.apache.maven.surefire.testng.TestNGExecutor.run(TestNGExecutor.java:308)
	at org.apache.maven.surefire.testng.TestNGXmlTestSuite.execute(TestNGXmlTestSuite.java:71)
	at org.apache.maven.surefire.testng.TestNGProvider.invoke(TestNGProvider.java:113)
	at org.apache.maven.surefire.booter.ForkedBooter.runSuitesInProcess(ForkedBooter.java:385)
	at org.apache.maven.surefire.booter.ForkedBooter.execute(ForkedBooter.java:162)
	at org.apache.maven.surefire.booter.ForkedBooter.run(ForkedBooter.java:507)
	at org.apache.maven.surefire.booter.ForkedBooter.main(ForkedBooter.java:495)
]]></failure>
    <system-out><![CDATA[&amp#27;[38;5;0m[HTTP]&amp#27;[0m &amp#27;[37m-->&amp#27;[39m &amp#27;[37mDELETE&amp#27;[39m &amp#27;[37m/session/9315c4cc-a9ab-416e-b9d1-ebafad3e1fd1&amp#27;[39m
&amp#27;[38;5;0m[HTTP]&amp#27;[0m {}
&amp#27;[38;5;64m[XCUITestDriver@ab00 (9315c4cc)]&amp#27;[0m Calling AppiumDriver.deleteSession() with args: ["9315c4cc-a9ab-416e-b9d1-ebafad3e1fd1"]
&amp#27;[38;5;16m[AppiumDriver@d0d6]&amp#27;[0m Event 'quitSessionRequested' logged at 1727430913684 (15:25:13 GMT+0530 (India Standard Time))
&amp#27;[38;5;16m[AppiumDriver@d0d6]&amp#27;[0m Removing session 9315c4cc-a9ab-416e-b9d1-ebafad3e1fd1 from our master session list
&amp#27;[38;5;64m[XCUITestDriver@ab00 (9315c4cc)]&amp#27;[0m Matched '/session/9315c4cc-a9ab-416e-b9d1-ebafad3e1fd1' to command name 'deleteSession'
&amp#27;[38;5;64m[XCUITestDriver@ab00 (9315c4cc)]&amp#27;[0m Proxying [DELETE /session/9315c4cc-a9ab-416e-b9d1-ebafad3e1fd1] to [DELETE http://127.0.0.1:8100/session/958B9F67-4F00-4316-B32B-AD8DCB1CC8F9] with no body
&amp#27;[38;5;64m[XCUITestDriver@ab00 (9315c4cc)]&amp#27;[0m Got response with status 200: {"value":null,"sessionId":null}
&amp#27;[38;5;144m[DevCon Factory]&amp#27;[0m Releasing connections for 908A038A-7715-466C-AB2E-241C25D68F2F device on any port number
&amp#27;[38;5;144m[DevCon Factory]&amp#27;[0m Found cached connections to release: ["908A038A-7715-466C-AB2E-241C25D68F2F:8100"]
&amp#27;[38;5;144m[DevCon Factory]&amp#27;[0m Cached connections count: 0
&amp#27;[38;5;64m[XCUITestDriver@ab00 (9315c4cc)]&amp#27;[0m Not clearing log files. Use `clearSystemFiles` capability to turn on.
&amp#27;[38;5;128m[IOSSimulatorLog]&amp#27;[0m Stopping iOS log capture
&amp#27;[38;5;16m[AppiumDriver@d0d6]&amp#27;[0m Event 'quitSessionFinished' logged at 1727430914760 (15:25:14 GMT+0530 (India Standard Time))
&amp#27;[38;5;16m[AppiumDriver@d0d6]&amp#27;[0m Received response: null
&amp#27;[38;5;16m[AppiumDriver@d0d6]&amp#27;[0m But deleting session, so not returning
&amp#27;[38;5;16m[AppiumDriver@d0d6]&amp#27;[0m Responding to client with driver.deleteSession() result: null
&amp#27;[38;5;0m[HTTP]&amp#27;[0m <-- DELETE /session/9315c4cc-a9ab-416e-b9d1-ebafad3e1fd1 200 1078 ms - 14
&amp#27;[38;5;0m[HTTP]&amp#27;[0m 
&amp#27;[38;5;0m[HTTP]&amp#27;[0m &amp#27;[37m-->&amp#27;[39m &amp#27;[37mGET&amp#27;[39m &amp#27;[37m/status&amp#27;[39m
&amp#27;[38;5;0m[HTTP]&amp#27;[0m {}
&amp#27;[38;5;16m[AppiumDriver@d0d6]&amp#27;[0m Calling AppiumDriver.getStatus() with args: []
&amp#27;[38;5;16m[AppiumDriver@d0d6]&amp#27;[0m Responding to client with driver.getStatus() result: {"ready":true,"message":"The server is ready to accept new connections","build":{"version":"2.6.0"}}
&amp#27;[38;5;0m[HTTP]&amp#27;[0m <-- GET /status 200 0 ms - 110
&amp#27;[38;5;0m[HTTP]&amp#27;[0m 
&amp#27;[38;5;0m[HTTP]&amp#27;[0m Request idempotency key: 06d28bda-1e56-4687-b4bc-32760ab13162
&amp#27;[38;5;0m[HTTP]&amp#27;[0m &amp#27;[37m-->&amp#27;[39m &amp#27;[37mPOST&amp#27;[39m &amp#27;[37m/session&amp#27;[39m
&amp#27;[38;5;0m[HTTP]&amp#27;[0m {"capabilities":{"firstMatch":[{"appium:chromedriverExecutable":"/Users/punchh_divyanshu/Downloads/chromedriver","appium:deviceName":"Pixel 8 API 33 Emulator","platformName":"ANDROID","appium:automationName":"UIAutomator2","appium:app":"/Users/punchh_divyanshu/Desktop/AppiumFrameworkDesignDemo//src//test//java//resources//General-Store.apk"}]}}
&amp#27;[38;5;16m[AppiumDriver@d0d6]&amp#27;[0m Calling AppiumDriver.createSession() with args: [null,null,{"firstMatch":[{"appium:chromedriverExecutable":"/Users/punchh_divyanshu/Downloads/chromedriver","appium:deviceName":"Pixel 8 API 33 Emulator","platformName":"ANDROID","appium:automationName":"UIAutomator2","appium:app":"/Users/punchh_divyanshu/Desktop/AppiumFrameworkDesignDemo//src//test//java//resources//General-Store.apk"}]}]
&amp#27;[38;5;16m[AppiumDriver@d0d6]&amp#27;[0m Event 'newSessionRequested' logged at 1727430914953 (15:25:14 GMT+0530 (India Standard Time))
[Appium] Attempting to find matching driver for automationName 'UIAutomator2' and platformName 'ANDROID'
[Appium] The 'uiautomator2' driver was installed and matched caps.
[Appium] Will require it at /Users/punchh_divyanshu/node_modules/appium-uiautomator2-driver
[Appium] Requiring driver at /Users/punchh_divyanshu/node_modules/appium-uiautomator2-driver/build/index.js
&amp#27;[38;5;16m[AppiumDriver@d0d6]&amp#27;[0m Appium v2.6.0 creating new AndroidUiautomator2Driver (v3.0.4) session
&amp#27;[38;5;16m[AppiumDriver@d0d6]&amp#27;[0m Checking BaseDriver versions for Appium and AndroidUiautomator2Driver
&amp#27;[38;5;16m[AppiumDriver@d0d6]&amp#27;[0m Appium's BaseDriver version is 9.7.0
&amp#27;[38;5;16m[AppiumDriver@d0d6]&amp#27;[0m AndroidUiautomator2Driver's BaseDriver version is 9.5.2
&amp#27;[38;5;32m[AndroidUiautomator2Driver@5fba]&amp#27;[0m Creating session with W3C capabilities: {
&amp#27;[38;5;32m[AndroidUiautomator2Driver@5fba]&amp#27;[0m   "alwaysMatch": {
&amp#27;[38;5;32m[AndroidUiautomator2Driver@5fba]&amp#27;[0m     "platformName": "ANDROID",
&amp#27;[38;5;32m[AndroidUiautomator2Driver@5fba]&amp#27;[0m     "appium:chromedriverExecutable": "/Users/punchh_divyanshu/Downloads/chromedriver",
&amp#27;[38;5;32m[AndroidUiautomator2Driver@5fba]&amp#27;[0m     "appium:deviceName": "Pixel 8 API 33 Emulator",
&amp#27;[38;5;32m[AndroidUiautomator2Driver@5fba]&amp#27;[0m     "appium:automationName": "UIAutomator2",
&amp#27;[38;5;32m[AndroidUiautomator2Driver@5fba]&amp#27;[0m     "appium:app": "/Users/punchh_divyanshu/Desktop/AppiumFrameworkDesignDemo//src//test//java//resources//General-Store.apk"
&amp#27;[38;5;32m[AndroidUiautomator2Driver@5fba]&amp#27;[0m   },
&amp#27;[38;5;32m[AndroidUiautomator2Driver@5fba]&amp#27;[0m   "firstMatch": [
&amp#27;[38;5;32m[AndroidUiautomator2Driver@5fba]&amp#27;[0m     {}
&amp#27;[38;5;32m[AndroidUiautomator2Driver@5fba]&amp#27;[0m   ]
&amp#27;[38;5;32m[AndroidUiautomator2Driver@5fba]&amp#27;[0m }
&amp#27;[38;5;32m[AndroidUiautomator2Driver@5fba (aeb0e4c4)]&amp#27;[0m Session created with session id: aeb0e4c4-d98a-40c8-a90c-afdf0621b0a8
&amp#27;[38;5;48m[ADB]&amp#27;[0m Using 'adb' from '/users/punchh_divyanshu/Library/Android/sdk/platform-tools/adb'
&amp#27;[38;5;48m[ADB]&amp#27;[0m Running '/users/punchh_divyanshu/Library/Android/sdk/platform-tools/adb -P 5037 start-server'
&amp#27;[38;5;32m[AndroidUiautomator2Driver@5fba (aeb0e4c4)]&amp#27;[0m Retrieving device list
&amp#27;[38;5;48m[ADB]&amp#27;[0m Trying to find connected Android devices
&amp#27;[38;5;48m[ADB]&amp#27;[0m Getting connected devices
&amp#27;[38;5;48m[ADB]&amp#27;[0m No connected devices have been detected
&amp#27;[38;5;48m[ADB]&amp#27;[0m Could not find online devices
&amp#27;[38;5;48m[ADB]&amp#27;[0m Reconnecting adb (target offline)
&amp#27;[38;5;48m[ADB]&amp#27;[0m Running '/users/punchh_divyanshu/Library/Android/sdk/platform-tools/adb -P 5037 reconnect offline'
&amp#27;[38;5;48m[ADB]&amp#27;[0m Getting connected devices
&amp#27;[38;5;48m[ADB]&amp#27;[0m No connected devices have been detected
&amp#27;[38;5;48m[ADB]&amp#27;[0m Could not find online devices
&amp#27;[38;5;48m[ADB]&amp#27;[0m Reconnecting adb (target offline)
&amp#27;[38;5;48m[ADB]&amp#27;[0m Running '/users/punchh_divyanshu/Library/Android/sdk/platform-tools/adb -P 5037 reconnect offline'
&amp#27;[38;5;48m[ADB]&amp#27;[0m Getting connected devices
&amp#27;[38;5;48m[ADB]&amp#27;[0m No connected devices have been detected
&amp#27;[38;5;48m[ADB]&amp#27;[0m Could not find online devices
&amp#27;[38;5;48m[ADB]&amp#27;[0m Reconnecting adb (target offline)
&amp#27;[38;5;48m[ADB]&amp#27;[0m Running '/users/punchh_divyanshu/Library/Android/sdk/platform-tools/adb -P 5037 reconnect offline'
&amp#27;[35m[Appium]&amp#27;[39m Welcome to Appium v2.6.0
&amp#27;[35m[Appium]&amp#27;[39m Non-default server args:
&amp#27;[35m[Appium]&amp#27;[39m { address: &amp#27;[32m'127.0.0.1'&amp#27;[39m }
&amp#27;[35m[Appium]&amp#27;[39m The autodetected Appium home path: /Users/punchh_divyanshu
&amp#27;[35m[Appium]&amp#27;[39m Attempting to load driver uiautomator2...
&amp#27;[35m[Appium]&amp#27;[39m Attempting to load driver xcuitest...
&amp#27;[35m[Appium]&amp#27;[39m Requiring driver at /Users/punchh_divyanshu/node_modules/appium-uiautomator2-driver/build/index.js
&amp#27;[35m[Appium]&amp#27;[39m Requiring driver at /Users/punchh_divyanshu/node_modules/appium-xcuitest-driver/build/index.js
&amp#27;[38;5;48m[ADB]&amp#27;[0m Getting connected devices
&amp#27;[38;5;48m[ADB]&amp#27;[0m No connected devices have been detected
&amp#27;[38;5;48m[ADB]&amp#27;[0m Could not find online devices
&amp#27;[38;5;48m[ADB]&amp#27;[0m Reconnecting adb (target offline)
&amp#27;[38;5;48m[ADB]&amp#27;[0m Running '/users/punchh_divyanshu/Library/Android/sdk/platform-tools/adb -P 5037 reconnect offline'
&amp#27;[38;5;48m[ADB]&amp#27;[0m Getting connected devices
&amp#27;[38;5;48m[ADB]&amp#27;[0m No connected devices have been detected
&amp#27;[38;5;48m[ADB]&amp#27;[0m Could not find online devices
&amp#27;[38;5;48m[ADB]&amp#27;[0m Reconnecting adb (target offline)
&amp#27;[38;5;48m[ADB]&amp#27;[0m Running '/users/punchh_divyanshu/Library/Android/sdk/platform-tools/adb -P 5037 reconnect offline'
&amp#27;[38;5;48m[ADB]&amp#27;[0m Getting connected devices
&amp#27;[38;5;48m[ADB]&amp#27;[0m No connected devices have been detected
&amp#27;[38;5;48m[ADB]&amp#27;[0m Could not find online devices
&amp#27;[38;5;48m[ADB]&amp#27;[0m Reconnecting adb (target offline)
&amp#27;[38;5;48m[ADB]&amp#27;[0m Running '/users/punchh_divyanshu/Library/Android/sdk/platform-tools/adb -P 5037 reconnect offline'
&amp#27;[38;5;48m[ADB]&amp#27;[0m Getting connected devices
&amp#27;[38;5;48m[ADB]&amp#27;[0m No connected devices have been detected
&amp#27;[38;5;48m[ADB]&amp#27;[0m Could not find online devices
&amp#27;[38;5;48m[ADB]&amp#27;[0m Reconnecting adb (target offline)
&amp#27;[38;5;48m[ADB]&amp#27;[0m Running '/users/punchh_divyanshu/Library/Android/sdk/platform-tools/adb -P 5037 reconnect offline'
&amp#27;[38;5;48m[ADB]&amp#27;[0m Getting connected devices
&amp#27;[38;5;48m[ADB]&amp#27;[0m No connected devices have been detected
&amp#27;[38;5;48m[ADB]&amp#27;[0m Could not find online devices
&amp#27;[38;5;48m[ADB]&amp#27;[0m Reconnecting adb (target offline)
&amp#27;[38;5;48m[ADB]&amp#27;[0m Running '/users/punchh_divyanshu/Library/Android/sdk/platform-tools/adb -P 5037 reconnect offline'
[Appium] AndroidUiautomator2Driver has been successfully loaded in 1.017s
[Appium] XCUITestDriver has been successfully loaded in 1.017s
&amp#27;[38;5;0m[HTTP]&amp#27;[0m Could not start REST http interface listener. The requested port may already be in use. Please make sure there is no other instance of this server running already.
[Appium] Could not configure Appium server. It's possible that a driver or plugin tried to update the server and failed. Original error: listen EADDRINUSE: address already in use 127.0.0.1:4723
[Appium] Error: listen EADDRINUSE: address already in use 127.0.0.1:4723
[Appium]     at Server.setupListenHandle [as _listen2] (node:net:1740:16)
[Appium]     at listenInCluster (node:net:1788:12)
[Appium]     at doListen (node:net:1937:7)
[Appium]     at processTicksAndRejections (node:internal/process/task_queues:83:21)
&amp#27;[38;5;48m[ADB]&amp#27;[0m Getting connected devices
&amp#27;[38;5;48m[ADB]&amp#27;[0m No connected devices have been detected
&amp#27;[38;5;48m[ADB]&amp#27;[0m Could not find online devices
&amp#27;[38;5;48m[ADB]&amp#27;[0m Reconnecting adb (target offline)
&amp#27;[38;5;48m[ADB]&amp#27;[0m Running '/users/punchh_divyanshu/Library/Android/sdk/platform-tools/adb -P 5037 reconnect offline'
&amp#27;[38;5;48m[ADB]&amp#27;[0m Getting connected devices
&amp#27;[38;5;48m[ADB]&amp#27;[0m No connected devices have been detected
&amp#27;[38;5;48m[ADB]&amp#27;[0m Could not find online devices
&amp#27;[38;5;48m[ADB]&amp#27;[0m Reconnecting adb (target offline)
&amp#27;[38;5;48m[ADB]&amp#27;[0m Running '/users/punchh_divyanshu/Library/Android/sdk/platform-tools/adb -P 5037 reconnect offline'
&amp#27;[38;5;48m[ADB]&amp#27;[0m Getting connected devices
&amp#27;[38;5;48m[ADB]&amp#27;[0m No connected devices have been detected
&amp#27;[38;5;48m[ADB]&amp#27;[0m Could not find online devices
&amp#27;[38;5;48m[ADB]&amp#27;[0m Reconnecting adb (target offline)
&amp#27;[38;5;48m[ADB]&amp#27;[0m Running '/users/punchh_divyanshu/Library/Android/sdk/platform-tools/adb -P 5037 reconnect offline'
&amp#27;[38;5;48m[ADB]&amp#27;[0m Getting connected devices
&amp#27;[38;5;48m[ADB]&amp#27;[0m No connected devices have been detected
&amp#27;[38;5;48m[ADB]&amp#27;[0m Could not find online devices
&amp#27;[38;5;48m[ADB]&amp#27;[0m Reconnecting adb (target offline)
&amp#27;[38;5;48m[ADB]&amp#27;[0m Running '/users/punchh_divyanshu/Library/Android/sdk/platform-tools/adb -P 5037 reconnect offline'
&amp#27;[38;5;48m[ADB]&amp#27;[0m Getting connected devices
&amp#27;[38;5;48m[ADB]&amp#27;[0m No connected devices have been detected
&amp#27;[38;5;48m[ADB]&amp#27;[0m Could not find online devices
&amp#27;[38;5;48m[ADB]&amp#27;[0m Reconnecting adb (target offline)
&amp#27;[38;5;48m[ADB]&amp#27;[0m Running '/users/punchh_divyanshu/Library/Android/sdk/platform-tools/adb -P 5037 reconnect offline'
&amp#27;[38;5;48m[ADB]&amp#27;[0m Getting connected devices
&amp#27;[38;5;48m[ADB]&amp#27;[0m No connected devices have been detected
&amp#27;[38;5;48m[ADB]&amp#27;[0m Could not find online devices
&amp#27;[38;5;48m[ADB]&amp#27;[0m Reconnecting adb (target offline)
&amp#27;[38;5;48m[ADB]&amp#27;[0m Running '/users/punchh_divyanshu/Library/Android/sdk/platform-tools/adb -P 5037 reconnect offline'
&amp#27;[38;5;48m[ADB]&amp#27;[0m Getting connected devices
&amp#27;[38;5;48m[ADB]&amp#27;[0m No connected devices have been detected
&amp#27;[38;5;48m[ADB]&amp#27;[0m Could not find online devices
&amp#27;[38;5;48m[ADB]&amp#27;[0m Reconnecting adb (target offline)
&amp#27;[38;5;48m[ADB]&amp#27;[0m Running '/users/punchh_divyanshu/Library/Android/sdk/platform-tools/adb -P 5037 reconnect offline'
&amp#27;[38;5;48m[ADB]&amp#27;[0m Getting connected devices
&amp#27;[38;5;48m[ADB]&amp#27;[0m No connected devices have been detected
&amp#27;[38;5;48m[ADB]&amp#27;[0m Could not find online devices
&amp#27;[38;5;48m[ADB]&amp#27;[0m Reconnecting adb (target offline)
&amp#27;[38;5;48m[ADB]&amp#27;[0m Running '/users/punchh_divyanshu/Library/Android/sdk/platform-tools/adb -P 5037 reconnect offline'
&amp#27;[38;5;48m[ADB]&amp#27;[0m Getting connected devices
&amp#27;[38;5;48m[ADB]&amp#27;[0m No connected devices have been detected
&amp#27;[38;5;48m[ADB]&amp#27;[0m Could not find online devices
&amp#27;[38;5;48m[ADB]&amp#27;[0m Reconnecting adb (target offline)
&amp#27;[38;5;48m[ADB]&amp#27;[0m Running '/users/punchh_divyanshu/Library/Android/sdk/platform-tools/adb -P 5037 reconnect offline'
&amp#27;[38;5;48m[ADB]&amp#27;[0m Getting connected devices
&amp#27;[38;5;48m[ADB]&amp#27;[0m No connected devices have been detected
&amp#27;[38;5;48m[ADB]&amp#27;[0m Could not find online devices
&amp#27;[38;5;48m[ADB]&amp#27;[0m Reconnecting adb (target offline)
&amp#27;[38;5;48m[ADB]&amp#27;[0m Running '/users/punchh_divyanshu/Library/Android/sdk/platform-tools/adb -P 5037 reconnect offline'
&amp#27;[38;5;48m[ADB]&amp#27;[0m Getting connected devices
&amp#27;[38;5;48m[ADB]&amp#27;[0m No connected devices have been detected
&amp#27;[38;5;48m[ADB]&amp#27;[0m Could not find online devices
&amp#27;[38;5;48m[ADB]&amp#27;[0m Reconnecting adb (target offline)
&amp#27;[38;5;48m[ADB]&amp#27;[0m Running '/users/punchh_divyanshu/Library/Android/sdk/platform-tools/adb -P 5037 reconnect offline'
&amp#27;[38;5;48m[ADB]&amp#27;[0m Getting connected devices
&amp#27;[38;5;48m[ADB]&amp#27;[0m No connected devices have been detected
&amp#27;[38;5;48m[ADB]&amp#27;[0m Could not find online devices
&amp#27;[38;5;48m[ADB]&amp#27;[0m Reconnecting adb (target offline)
&amp#27;[38;5;48m[ADB]&amp#27;[0m Running '/users/punchh_divyanshu/Library/Android/sdk/platform-tools/adb -P 5037 reconnect offline'
&amp#27;[38;5;48m[ADB]&amp#27;[0m Getting connected devices
&amp#27;[38;5;48m[ADB]&amp#27;[0m No connected devices have been detected
&amp#27;[38;5;48m[ADB]&amp#27;[0m Could not find online devices
&amp#27;[38;5;48m[ADB]&amp#27;[0m Reconnecting adb (target offline)
&amp#27;[38;5;48m[ADB]&amp#27;[0m Running '/users/punchh_divyanshu/Library/Android/sdk/platform-tools/adb -P 5037 reconnect offline'
&amp#27;[38;5;48m[ADB]&amp#27;[0m Getting connected devices
&amp#27;[38;5;48m[ADB]&amp#27;[0m No connected devices have been detected
&amp#27;[38;5;48m[ADB]&amp#27;[0m Could not find online devices
&amp#27;[38;5;48m[ADB]&amp#27;[0m Reconnecting adb (target offline)
&amp#27;[38;5;48m[ADB]&amp#27;[0m Running '/users/punchh_divyanshu/Library/Android/sdk/platform-tools/adb -P 5037 reconnect offline'
&amp#27;[38;5;48m[ADB]&amp#27;[0m Getting connected devices
&amp#27;[38;5;48m[ADB]&amp#27;[0m No connected devices have been detected
&amp#27;[38;5;48m[ADB]&amp#27;[0m Could not find online devices
&amp#27;[38;5;48m[ADB]&amp#27;[0m Reconnecting adb (target offline)
&amp#27;[38;5;48m[ADB]&amp#27;[0m Running '/users/punchh_divyanshu/Library/Android/sdk/platform-tools/adb -P 5037 reconnect offline'
&amp#27;[38;5;48m[ADB]&amp#27;[0m Getting connected devices
&amp#27;[38;5;48m[ADB]&amp#27;[0m No connected devices have been detected
&amp#27;[38;5;48m[ADB]&amp#27;[0m Could not find online devices
&amp#27;[38;5;48m[ADB]&amp#27;[0m Reconnecting adb (target offline)
&amp#27;[38;5;48m[ADB]&amp#27;[0m Running '/users/punchh_divyanshu/Library/Android/sdk/platform-tools/adb -P 5037 reconnect offline'
&amp#27;[38;5;48m[ADB]&amp#27;[0m Getting connected devices
&amp#27;[38;5;48m[ADB]&amp#27;[0m No connected devices have been detected
&amp#27;[38;5;48m[ADB]&amp#27;[0m Could not find online devices
&amp#27;[38;5;48m[ADB]&amp#27;[0m Reconnecting adb (target offline)
&amp#27;[38;5;48m[ADB]&amp#27;[0m Running '/users/punchh_divyanshu/Library/Android/sdk/platform-tools/adb -P 5037 reconnect offline'
&amp#27;[38;5;48m[ADB]&amp#27;[0m Getting connected devices
&amp#27;[38;5;48m[ADB]&amp#27;[0m No connected devices have been detected
&amp#27;[38;5;48m[ADB]&amp#27;[0m Could not find online devices
&amp#27;[38;5;48m[ADB]&amp#27;[0m Reconnecting adb (target offline)
&amp#27;[38;5;48m[ADB]&amp#27;[0m Running '/users/punchh_divyanshu/Library/Android/sdk/platform-tools/adb -P 5037 reconnect offline'
&amp#27;[38;5;48m[ADB]&amp#27;[0m Getting connected devices
&amp#27;[38;5;48m[ADB]&amp#27;[0m No connected devices have been detected
&amp#27;[38;5;48m[ADB]&amp#27;[0m Could not find online devices
&amp#27;[38;5;48m[ADB]&amp#27;[0m Reconnecting adb (target offline)
&amp#27;[38;5;48m[ADB]&amp#27;[0m Running '/users/punchh_divyanshu/Library/Android/sdk/platform-tools/adb -P 5037 reconnect offline'
&amp#27;[38;5;48m[ADB]&amp#27;[0m Getting connected devices
&amp#27;[38;5;48m[ADB]&amp#27;[0m No connected devices have been detected
&amp#27;[38;5;48m[ADB]&amp#27;[0m Could not find online devices
&amp#27;[38;5;48m[ADB]&amp#27;[0m Reconnecting adb (target offline)
&amp#27;[38;5;48m[ADB]&amp#27;[0m Running '/users/punchh_divyanshu/Library/Android/sdk/platform-tools/adb -P 5037 reconnect offline'
&amp#27;[38;5;48m[ADB]&amp#27;[0m Getting connected devices
&amp#27;[38;5;48m[ADB]&amp#27;[0m No connected devices have been detected
&amp#27;[38;5;48m[ADB]&amp#27;[0m Could not find online devices
&amp#27;[38;5;48m[ADB]&amp#27;[0m Reconnecting adb (target offline)
&amp#27;[38;5;48m[ADB]&amp#27;[0m Running '/users/punchh_divyanshu/Library/Android/sdk/platform-tools/adb -P 5037 reconnect offline'
&amp#27;[38;5;48m[ADB]&amp#27;[0m Getting connected devices
&amp#27;[38;5;48m[ADB]&amp#27;[0m No connected devices have been detected
&amp#27;[38;5;48m[ADB]&amp#27;[0m Could not find online devices
&amp#27;[38;5;48m[ADB]&amp#27;[0m Reconnecting adb (target offline)
&amp#27;[38;5;48m[ADB]&amp#27;[0m Running '/users/punchh_divyanshu/Library/Android/sdk/platform-tools/adb -P 5037 reconnect offline'
&amp#27;[38;5;48m[ADB]&amp#27;[0m Getting connected devices
&amp#27;[38;5;48m[ADB]&amp#27;[0m No connected devices have been detected
&amp#27;[38;5;48m[ADB]&amp#27;[0m Could not find online devices
&amp#27;[38;5;48m[ADB]&amp#27;[0m Reconnecting adb (target offline)
&amp#27;[38;5;48m[ADB]&amp#27;[0m Running '/users/punchh_divyanshu/Library/Android/sdk/platform-tools/adb -P 5037 reconnect offline'
&amp#27;[38;5;48m[ADB]&amp#27;[0m Getting connected devices
&amp#27;[38;5;48m[ADB]&amp#27;[0m No connected devices have been detected
&amp#27;[38;5;48m[ADB]&amp#27;[0m Could not find online devices
&amp#27;[38;5;48m[ADB]&amp#27;[0m Reconnecting adb (target offline)
&amp#27;[38;5;48m[ADB]&amp#27;[0m Running '/users/punchh_divyanshu/Library/Android/sdk/platform-tools/adb -P 5037 reconnect offline'
&amp#27;[38;5;48m[ADB]&amp#27;[0m Getting connected devices
&amp#27;[38;5;48m[ADB]&amp#27;[0m No connected devices have been detected
&amp#27;[38;5;48m[ADB]&amp#27;[0m Could not find online devices
&amp#27;[38;5;48m[ADB]&amp#27;[0m Reconnecting adb (target offline)
&amp#27;[38;5;48m[ADB]&amp#27;[0m Running '/users/punchh_divyanshu/Library/Android/sdk/platform-tools/adb -P 5037 reconnect offline'
&amp#27;[38;5;48m[ADB]&amp#27;[0m Getting connected devices
&amp#27;[38;5;48m[ADB]&amp#27;[0m No connected devices have been detected
&amp#27;[38;5;48m[ADB]&amp#27;[0m Could not find online devices
&amp#27;[38;5;48m[ADB]&amp#27;[0m Reconnecting adb (target offline)
&amp#27;[38;5;48m[ADB]&amp#27;[0m Running '/users/punchh_divyanshu/Library/Android/sdk/platform-tools/adb -P 5037 reconnect offline'
&amp#27;[38;5;48m[ADB]&amp#27;[0m Getting connected devices
&amp#27;[38;5;48m[ADB]&amp#27;[0m No connected devices have been detected
&amp#27;[38;5;48m[ADB]&amp#27;[0m Could not find online devices
&amp#27;[38;5;48m[ADB]&amp#27;[0m Reconnecting adb (target offline)
&amp#27;[38;5;48m[ADB]&amp#27;[0m Running '/users/punchh_divyanshu/Library/Android/sdk/platform-tools/adb -P 5037 reconnect offline'
&amp#27;[38;5;48m[ADB]&amp#27;[0m Getting connected devices
&amp#27;[38;5;48m[ADB]&amp#27;[0m No connected devices have been detected
&amp#27;[38;5;48m[ADB]&amp#27;[0m Could not find online devices
&amp#27;[38;5;48m[ADB]&amp#27;[0m Reconnecting adb (target offline)
&amp#27;[38;5;48m[ADB]&amp#27;[0m Running '/users/punchh_divyanshu/Library/Android/sdk/platform-tools/adb -P 5037 reconnect offline'
&amp#27;[38;5;48m[ADB]&amp#27;[0m Getting connected devices
&amp#27;[38;5;48m[ADB]&amp#27;[0m No connected devices have been detected
&amp#27;[38;5;48m[ADB]&amp#27;[0m Could not find online devices
&amp#27;[38;5;48m[ADB]&amp#27;[0m Reconnecting adb (target offline)
&amp#27;[38;5;48m[ADB]&amp#27;[0m Running '/users/punchh_divyanshu/Library/Android/sdk/platform-tools/adb -P 5037 reconnect offline'
&amp#27;[38;5;48m[ADB]&amp#27;[0m Getting connected devices
&amp#27;[38;5;48m[ADB]&amp#27;[0m No connected devices have been detected
&amp#27;[38;5;48m[ADB]&amp#27;[0m Could not find online devices
&amp#27;[38;5;48m[ADB]&amp#27;[0m Reconnecting adb (target offline)
&amp#27;[38;5;48m[ADB]&amp#27;[0m Running '/users/punchh_divyanshu/Library/Android/sdk/platform-tools/adb -P 5037 reconnect offline'
&amp#27;[38;5;48m[ADB]&amp#27;[0m Getting connected devices
&amp#27;[38;5;48m[ADB]&amp#27;[0m No connected devices have been detected
&amp#27;[38;5;48m[ADB]&amp#27;[0m Could not find online devices
&amp#27;[38;5;48m[ADB]&amp#27;[0m Reconnecting adb (target offline)
&amp#27;[38;5;48m[ADB]&amp#27;[0m Running '/users/punchh_divyanshu/Library/Android/sdk/platform-tools/adb -P 5037 reconnect offline'
&amp#27;[38;5;48m[ADB]&amp#27;[0m Getting connected devices
&amp#27;[38;5;48m[ADB]&amp#27;[0m No connected devices have been detected
&amp#27;[38;5;48m[ADB]&amp#27;[0m Could not find online devices
&amp#27;[38;5;48m[ADB]&amp#27;[0m Reconnecting adb (target offline)
&amp#27;[38;5;48m[ADB]&amp#27;[0m Running '/users/punchh_divyanshu/Library/Android/sdk/platform-tools/adb -P 5037 reconnect offline'
&amp#27;[38;5;48m[ADB]&amp#27;[0m Getting connected devices
&amp#27;[38;5;48m[ADB]&amp#27;[0m No connected devices have been detected
&amp#27;[38;5;48m[ADB]&amp#27;[0m Could not find online devices
&amp#27;[38;5;48m[ADB]&amp#27;[0m Reconnecting adb (target offline)
&amp#27;[38;5;48m[ADB]&amp#27;[0m Running '/users/punchh_divyanshu/Library/Android/sdk/platform-tools/adb -P 5037 reconnect offline'
&amp#27;[38;5;48m[ADB]&amp#27;[0m Getting connected devices
&amp#27;[38;5;48m[ADB]&amp#27;[0m No connected devices have been detected
&amp#27;[38;5;48m[ADB]&amp#27;[0m Could not find online devices
&amp#27;[38;5;48m[ADB]&amp#27;[0m Reconnecting adb (target offline)
&amp#27;[38;5;48m[ADB]&amp#27;[0m Running '/users/punchh_divyanshu/Library/Android/sdk/platform-tools/adb -P 5037 reconnect offline'
&amp#27;[38;5;48m[ADB]&amp#27;[0m Getting connected devices
&amp#27;[38;5;48m[ADB]&amp#27;[0m No connected devices have been detected
&amp#27;[38;5;48m[ADB]&amp#27;[0m Could not find online devices
&amp#27;[38;5;48m[ADB]&amp#27;[0m Reconnecting adb (target offline)
&amp#27;[38;5;48m[ADB]&amp#27;[0m Running '/users/punchh_divyanshu/Library/Android/sdk/platform-tools/adb -P 5037 reconnect offline'
&amp#27;[38;5;48m[ADB]&amp#27;[0m Getting connected devices
&amp#27;[38;5;48m[ADB]&amp#27;[0m No connected devices have been detected
&amp#27;[38;5;48m[ADB]&amp#27;[0m Could not find online devices
&amp#27;[38;5;48m[ADB]&amp#27;[0m Reconnecting adb (target offline)
&amp#27;[38;5;48m[ADB]&amp#27;[0m Running '/users/punchh_divyanshu/Library/Android/sdk/platform-tools/adb -P 5037 reconnect offline'
&amp#27;[38;5;48m[ADB]&amp#27;[0m Getting connected devices
&amp#27;[38;5;48m[ADB]&amp#27;[0m No connected devices have been detected
&amp#27;[38;5;48m[ADB]&amp#27;[0m Could not find online devices
&amp#27;[38;5;48m[ADB]&amp#27;[0m Reconnecting adb (target offline)
&amp#27;[38;5;48m[ADB]&amp#27;[0m Running '/users/punchh_divyanshu/Library/Android/sdk/platform-tools/adb -P 5037 reconnect offline'
&amp#27;[38;5;48m[ADB]&amp#27;[0m Getting connected devices
&amp#27;[38;5;48m[ADB]&amp#27;[0m No connected devices have been detected
&amp#27;[38;5;48m[ADB]&amp#27;[0m Could not find online devices
&amp#27;[38;5;48m[ADB]&amp#27;[0m Reconnecting adb (target offline)
&amp#27;[38;5;48m[ADB]&amp#27;[0m Running '/users/punchh_divyanshu/Library/Android/sdk/platform-tools/adb -P 5037 reconnect offline'
&amp#27;[38;5;48m[ADB]&amp#27;[0m Getting connected devices
&amp#27;[38;5;48m[ADB]&amp#27;[0m No connected devices have been detected
&amp#27;[38;5;48m[ADB]&amp#27;[0m Could not find online devices
&amp#27;[38;5;48m[ADB]&amp#27;[0m Reconnecting adb (target offline)
&amp#27;[38;5;48m[ADB]&amp#27;[0m Running '/users/punchh_divyanshu/Library/Android/sdk/platform-tools/adb -P 5037 reconnect offline'
&amp#27;[38;5;48m[ADB]&amp#27;[0m Getting connected devices
&amp#27;[38;5;48m[ADB]&amp#27;[0m No connected devices have been detected
&amp#27;[38;5;48m[ADB]&amp#27;[0m Could not find online devices
&amp#27;[38;5;48m[ADB]&amp#27;[0m Reconnecting adb (target offline)
&amp#27;[38;5;48m[ADB]&amp#27;[0m Running '/users/punchh_divyanshu/Library/Android/sdk/platform-tools/adb -P 5037 reconnect offline'
&amp#27;[38;5;48m[ADB]&amp#27;[0m Getting connected devices
&amp#27;[38;5;48m[ADB]&amp#27;[0m No connected devices have been detected
&amp#27;[38;5;48m[ADB]&amp#27;[0m Could not find online devices
&amp#27;[38;5;48m[ADB]&amp#27;[0m Reconnecting adb (target offline)
&amp#27;[38;5;48m[ADB]&amp#27;[0m Running '/users/punchh_divyanshu/Library/Android/sdk/platform-tools/adb -P 5037 reconnect offline'
&amp#27;[38;5;48m[ADB]&amp#27;[0m Getting connected devices
&amp#27;[38;5;48m[ADB]&amp#27;[0m No connected devices have been detected
&amp#27;[38;5;48m[ADB]&amp#27;[0m Could not find online devices
&amp#27;[38;5;48m[ADB]&amp#27;[0m Reconnecting adb (target offline)
&amp#27;[38;5;48m[ADB]&amp#27;[0m Running '/users/punchh_divyanshu/Library/Android/sdk/platform-tools/adb -P 5037 reconnect offline'
&amp#27;[38;5;48m[ADB]&amp#27;[0m Getting connected devices
&amp#27;[38;5;48m[ADB]&amp#27;[0m No connected devices have been detected
&amp#27;[38;5;48m[ADB]&amp#27;[0m Could not find online devices
&amp#27;[38;5;48m[ADB]&amp#27;[0m Reconnecting adb (target offline)
&amp#27;[38;5;48m[ADB]&amp#27;[0m Running '/users/punchh_divyanshu/Library/Android/sdk/platform-tools/adb -P 5037 reconnect offline'
&amp#27;[38;5;48m[ADB]&amp#27;[0m Getting connected devices
&amp#27;[38;5;48m[ADB]&amp#27;[0m No connected devices have been detected
&amp#27;[38;5;48m[ADB]&amp#27;[0m Could not find online devices
&amp#27;[38;5;48m[ADB]&amp#27;[0m Reconnecting adb (target offline)
&amp#27;[38;5;48m[ADB]&amp#27;[0m Running '/users/punchh_divyanshu/Library/Android/sdk/platform-tools/adb -P 5037 reconnect offline'
&amp#27;[38;5;48m[ADB]&amp#27;[0m Getting connected devices
&amp#27;[38;5;48m[ADB]&amp#27;[0m No connected devices have been detected
&amp#27;[38;5;48m[ADB]&amp#27;[0m Could not find online devices
&amp#27;[38;5;48m[ADB]&amp#27;[0m Reconnecting adb (target offline)
&amp#27;[38;5;48m[ADB]&amp#27;[0m Running '/users/punchh_divyanshu/Library/Android/sdk/platform-tools/adb -P 5037 reconnect offline'
&amp#27;[38;5;48m[ADB]&amp#27;[0m Getting connected devices
&amp#27;[38;5;48m[ADB]&amp#27;[0m No connected devices have been detected
&amp#27;[38;5;48m[ADB]&amp#27;[0m Could not find online devices
&amp#27;[38;5;48m[ADB]&amp#27;[0m Reconnecting adb (target offline)
&amp#27;[38;5;48m[ADB]&amp#27;[0m Running '/users/punchh_divyanshu/Library/Android/sdk/platform-tools/adb -P 5037 reconnect offline'
&amp#27;[38;5;48m[ADB]&amp#27;[0m Getting connected devices
&amp#27;[38;5;48m[ADB]&amp#27;[0m No connected devices have been detected
&amp#27;[38;5;48m[ADB]&amp#27;[0m Could not find online devices
&amp#27;[38;5;48m[ADB]&amp#27;[0m Reconnecting adb (target offline)
&amp#27;[38;5;48m[ADB]&amp#27;[0m Running '/users/punchh_divyanshu/Library/Android/sdk/platform-tools/adb -P 5037 reconnect offline'
&amp#27;[38;5;48m[ADB]&amp#27;[0m Getting connected devices
&amp#27;[38;5;48m[ADB]&amp#27;[0m No connected devices have been detected
&amp#27;[38;5;48m[ADB]&amp#27;[0m Could not find online devices
&amp#27;[38;5;48m[ADB]&amp#27;[0m Reconnecting adb (target offline)
&amp#27;[38;5;48m[ADB]&amp#27;[0m Running '/users/punchh_divyanshu/Library/Android/sdk/platform-tools/adb -P 5037 reconnect offline'
&amp#27;[38;5;48m[ADB]&amp#27;[0m Getting connected devices
&amp#27;[38;5;48m[ADB]&amp#27;[0m No connected devices have been detected
&amp#27;[38;5;48m[ADB]&amp#27;[0m Could not find online devices
&amp#27;[38;5;48m[ADB]&amp#27;[0m Reconnecting adb (target offline)
&amp#27;[38;5;48m[ADB]&amp#27;[0m Running '/users/punchh_divyanshu/Library/Android/sdk/platform-tools/adb -P 5037 reconnect offline'
&amp#27;[38;5;48m[ADB]&amp#27;[0m Getting connected devices
&amp#27;[38;5;48m[ADB]&amp#27;[0m No connected devices have been detected
&amp#27;[38;5;48m[ADB]&amp#27;[0m Could not find online devices
&amp#27;[38;5;48m[ADB]&amp#27;[0m Reconnecting adb (target offline)
&amp#27;[38;5;48m[ADB]&amp#27;[0m Running '/users/punchh_divyanshu/Library/Android/sdk/platform-tools/adb -P 5037 reconnect offline'
&amp#27;[38;5;48m[ADB]&amp#27;[0m Getting connected devices
&amp#27;[38;5;48m[ADB]&amp#27;[0m No connected devices have been detected
&amp#27;[38;5;48m[ADB]&amp#27;[0m Could not find online devices
&amp#27;[38;5;48m[ADB]&amp#27;[0m Reconnecting adb (target offline)
&amp#27;[38;5;48m[ADB]&amp#27;[0m Running '/users/punchh_divyanshu/Library/Android/sdk/platform-tools/adb -P 5037 reconnect offline'
&amp#27;[38;5;48m[ADB]&amp#27;[0m Getting connected devices
&amp#27;[38;5;48m[ADB]&amp#27;[0m No connected devices have been detected
&amp#27;[38;5;48m[ADB]&amp#27;[0m Could not find online devices
&amp#27;[38;5;48m[ADB]&amp#27;[0m Reconnecting adb (target offline)
&amp#27;[38;5;48m[ADB]&amp#27;[0m Running '/users/punchh_divyanshu/Library/Android/sdk/platform-tools/adb -P 5037 reconnect offline'
&amp#27;[38;5;48m[ADB]&amp#27;[0m Getting connected devices
&amp#27;[38;5;48m[ADB]&amp#27;[0m No connected devices have been detected
&amp#27;[38;5;48m[ADB]&amp#27;[0m Could not find online devices
&amp#27;[38;5;48m[ADB]&amp#27;[0m Reconnecting adb (target offline)
&amp#27;[38;5;48m[ADB]&amp#27;[0m Running '/users/punchh_divyanshu/Library/Android/sdk/platform-tools/adb -P 5037 reconnect offline'
&amp#27;[38;5;48m[ADB]&amp#27;[0m Getting connected devices
&amp#27;[38;5;48m[ADB]&amp#27;[0m No connected devices have been detected
&amp#27;[38;5;48m[ADB]&amp#27;[0m Could not find online devices
&amp#27;[38;5;48m[ADB]&amp#27;[0m Reconnecting adb (target offline)
&amp#27;[38;5;48m[ADB]&amp#27;[0m Running '/users/punchh_divyanshu/Library/Android/sdk/platform-tools/adb -P 5037 reconnect offline'
&amp#27;[38;5;48m[ADB]&amp#27;[0m Getting connected devices
&amp#27;[38;5;48m[ADB]&amp#27;[0m No connected devices have been detected
&amp#27;[38;5;48m[ADB]&amp#27;[0m Could not find online devices
&amp#27;[38;5;48m[ADB]&amp#27;[0m Reconnecting adb (target offline)
&amp#27;[38;5;48m[ADB]&amp#27;[0m Running '/users/punchh_divyanshu/Library/Android/sdk/platform-tools/adb -P 5037 reconnect offline'
&amp#27;[38;5;48m[ADB]&amp#27;[0m Getting connected devices
&amp#27;[38;5;48m[ADB]&amp#27;[0m No connected devices have been detected
&amp#27;[38;5;48m[ADB]&amp#27;[0m Could not find online devices
&amp#27;[38;5;48m[ADB]&amp#27;[0m Reconnecting adb (target offline)
&amp#27;[38;5;48m[ADB]&amp#27;[0m Running '/users/punchh_divyanshu/Library/Android/sdk/platform-tools/adb -P 5037 reconnect offline'
&amp#27;[38;5;48m[ADB]&amp#27;[0m Getting connected devices
&amp#27;[38;5;48m[ADB]&amp#27;[0m No connected devices have been detected
&amp#27;[38;5;48m[ADB]&amp#27;[0m Could not find online devices
&amp#27;[38;5;48m[ADB]&amp#27;[0m Reconnecting adb (target offline)
&amp#27;[38;5;48m[ADB]&amp#27;[0m Running '/users/punchh_divyanshu/Library/Android/sdk/platform-tools/adb -P 5037 reconnect offline'
&amp#27;[38;5;48m[ADB]&amp#27;[0m Getting connected devices
&amp#27;[38;5;48m[ADB]&amp#27;[0m No connected devices have been detected
&amp#27;[38;5;48m[ADB]&amp#27;[0m Could not find online devices
&amp#27;[38;5;48m[ADB]&amp#27;[0m Reconnecting adb (target offline)
&amp#27;[38;5;48m[ADB]&amp#27;[0m Running '/users/punchh_divyanshu/Library/Android/sdk/platform-tools/adb -P 5037 reconnect offline'
&amp#27;[38;5;48m[ADB]&amp#27;[0m Getting connected devices
&amp#27;[38;5;48m[ADB]&amp#27;[0m No connected devices have been detected
&amp#27;[38;5;48m[ADB]&amp#27;[0m Could not find online devices
&amp#27;[38;5;48m[ADB]&amp#27;[0m Reconnecting adb (target offline)
&amp#27;[38;5;48m[ADB]&amp#27;[0m Running '/users/punchh_divyanshu/Library/Android/sdk/platform-tools/adb -P 5037 reconnect offline'
&amp#27;[38;5;48m[ADB]&amp#27;[0m Getting connected devices
&amp#27;[38;5;48m[ADB]&amp#27;[0m No connected devices have been detected
&amp#27;[38;5;48m[ADB]&amp#27;[0m Could not find online devices
&amp#27;[38;5;48m[ADB]&amp#27;[0m Reconnecting adb (target offline)
&amp#27;[38;5;48m[ADB]&amp#27;[0m Running '/users/punchh_divyanshu/Library/Android/sdk/platform-tools/adb -P 5037 reconnect offline'
&amp#27;[38;5;48m[ADB]&amp#27;[0m Getting connected devices
&amp#27;[38;5;48m[ADB]&amp#27;[0m No connected devices have been detected
&amp#27;[38;5;48m[ADB]&amp#27;[0m Could not find online devices
&amp#27;[38;5;48m[ADB]&amp#27;[0m Reconnecting adb (target offline)
&amp#27;[38;5;48m[ADB]&amp#27;[0m Running '/users/punchh_divyanshu/Library/Android/sdk/platform-tools/adb -P 5037 reconnect offline'
&amp#27;[38;5;48m[ADB]&amp#27;[0m Getting connected devices
&amp#27;[38;5;48m[ADB]&amp#27;[0m No connected devices have been detected
&amp#27;[38;5;48m[ADB]&amp#27;[0m Could not find online devices
&amp#27;[38;5;48m[ADB]&amp#27;[0m Reconnecting adb (target offline)
&amp#27;[38;5;48m[ADB]&amp#27;[0m Running '/users/punchh_divyanshu/Library/Android/sdk/platform-tools/adb -P 5037 reconnect offline'
&amp#27;[38;5;48m[ADB]&amp#27;[0m Getting connected devices
&amp#27;[38;5;48m[ADB]&amp#27;[0m No connected devices have been detected
&amp#27;[38;5;48m[ADB]&amp#27;[0m Could not find online devices
&amp#27;[38;5;48m[ADB]&amp#27;[0m Reconnecting adb (target offline)
&amp#27;[38;5;48m[ADB]&amp#27;[0m Running '/users/punchh_divyanshu/Library/Android/sdk/platform-tools/adb -P 5037 reconnect offline'
&amp#27;[38;5;48m[ADB]&amp#27;[0m Getting connected devices
&amp#27;[38;5;48m[ADB]&amp#27;[0m No connected devices have been detected
&amp#27;[38;5;48m[ADB]&amp#27;[0m Could not find online devices
&amp#27;[38;5;48m[ADB]&amp#27;[0m Reconnecting adb (target offline)
&amp#27;[38;5;48m[ADB]&amp#27;[0m Running '/users/punchh_divyanshu/Library/Android/sdk/platform-tools/adb -P 5037 reconnect offline'
&amp#27;[38;5;48m[ADB]&amp#27;[0m Getting connected devices
&amp#27;[38;5;48m[ADB]&amp#27;[0m No connected devices have been detected
&amp#27;[38;5;48m[ADB]&amp#27;[0m Could not find online devices
&amp#27;[38;5;48m[ADB]&amp#27;[0m Reconnecting adb (target offline)
&amp#27;[38;5;48m[ADB]&amp#27;[0m Running '/users/punchh_divyanshu/Library/Android/sdk/platform-tools/adb -P 5037 reconnect offline'
&amp#27;[38;5;48m[ADB]&amp#27;[0m Getting connected devices
&amp#27;[38;5;48m[ADB]&amp#27;[0m No connected devices have been detected
&amp#27;[38;5;48m[ADB]&amp#27;[0m Could not find online devices
&amp#27;[38;5;48m[ADB]&amp#27;[0m Reconnecting adb (target offline)
&amp#27;[38;5;48m[ADB]&amp#27;[0m Running '/users/punchh_divyanshu/Library/Android/sdk/platform-tools/adb -P 5037 reconnect offline'
&amp#27;[38;5;48m[ADB]&amp#27;[0m Getting connected devices
&amp#27;[38;5;48m[ADB]&amp#27;[0m No connected devices have been detected
&amp#27;[38;5;48m[ADB]&amp#27;[0m Could not find online devices
&amp#27;[38;5;48m[ADB]&amp#27;[0m Reconnecting adb (target offline)
&amp#27;[38;5;48m[ADB]&amp#27;[0m Running '/users/punchh_divyanshu/Library/Android/sdk/platform-tools/adb -P 5037 reconnect offline'
&amp#27;[38;5;48m[ADB]&amp#27;[0m Getting connected devices
&amp#27;[38;5;48m[ADB]&amp#27;[0m No connected devices have been detected
&amp#27;[38;5;48m[ADB]&amp#27;[0m Could not find online devices
&amp#27;[38;5;48m[ADB]&amp#27;[0m Reconnecting adb (target offline)
&amp#27;[38;5;48m[ADB]&amp#27;[0m Running '/users/punchh_divyanshu/Library/Android/sdk/platform-tools/adb -P 5037 reconnect offline'
&amp#27;[38;5;48m[ADB]&amp#27;[0m Getting connected devices
&amp#27;[38;5;48m[ADB]&amp#27;[0m No connected devices have been detected
&amp#27;[38;5;48m[ADB]&amp#27;[0m Could not find online devices
&amp#27;[38;5;48m[ADB]&amp#27;[0m Reconnecting adb (target offline)
&amp#27;[38;5;48m[ADB]&amp#27;[0m Running '/users/punchh_divyanshu/Library/Android/sdk/platform-tools/adb -P 5037 reconnect offline'
&amp#27;[38;5;48m[ADB]&amp#27;[0m Getting connected devices
&amp#27;[38;5;48m[ADB]&amp#27;[0m No connected devices have been detected
&amp#27;[38;5;48m[ADB]&amp#27;[0m Could not find online devices
&amp#27;[38;5;48m[ADB]&amp#27;[0m Reconnecting adb (target offline)
&amp#27;[38;5;48m[ADB]&amp#27;[0m Running '/users/punchh_divyanshu/Library/Android/sdk/platform-tools/adb -P 5037 reconnect offline'
&amp#27;[38;5;48m[ADB]&amp#27;[0m Getting connected devices
&amp#27;[38;5;48m[ADB]&amp#27;[0m No connected devices have been detected
&amp#27;[38;5;48m[ADB]&amp#27;[0m Could not find online devices
&amp#27;[38;5;48m[ADB]&amp#27;[0m Reconnecting adb (target offline)
&amp#27;[38;5;48m[ADB]&amp#27;[0m Running '/users/punchh_divyanshu/Library/Android/sdk/platform-tools/adb -P 5037 reconnect offline'
&amp#27;[38;5;48m[ADB]&amp#27;[0m Getting connected devices
&amp#27;[38;5;48m[ADB]&amp#27;[0m No connected devices have been detected
&amp#27;[38;5;48m[ADB]&amp#27;[0m Could not find online devices
&amp#27;[38;5;48m[ADB]&amp#27;[0m Reconnecting adb (target offline)
&amp#27;[38;5;48m[ADB]&amp#27;[0m Running '/users/punchh_divyanshu/Library/Android/sdk/platform-tools/adb -P 5037 reconnect offline'
&amp#27;[38;5;48m[ADB]&amp#27;[0m Getting connected devices
&amp#27;[38;5;48m[ADB]&amp#27;[0m No connected devices have been detected
&amp#27;[38;5;48m[ADB]&amp#27;[0m Could not find online devices
&amp#27;[38;5;48m[ADB]&amp#27;[0m Reconnecting adb (target offline)
&amp#27;[38;5;48m[ADB]&amp#27;[0m Running '/users/punchh_divyanshu/Library/Android/sdk/platform-tools/adb -P 5037 reconnect offline'
&amp#27;[38;5;48m[ADB]&amp#27;[0m Getting connected devices
&amp#27;[38;5;48m[ADB]&amp#27;[0m No connected devices have been detected
&amp#27;[38;5;48m[ADB]&amp#27;[0m Could not find online devices
&amp#27;[38;5;48m[ADB]&amp#27;[0m Reconnecting adb (target offline)
&amp#27;[38;5;48m[ADB]&amp#27;[0m Running '/users/punchh_divyanshu/Library/Android/sdk/platform-tools/adb -P 5037 reconnect offline'
&amp#27;[38;5;32m[AndroidUiautomator2Driver@5fba (aeb0e4c4)]&amp#27;[0m Deleting UiAutomator2 session
&amp#27;[38;5;16m[AppiumDriver@d0d6]&amp#27;[0m Event 'newSessionStarted' logged at 1727430935037 (15:25:35 GMT+0530 (India Standard Time))
&amp#27;[38;5;16m[AppiumDriver@d0d6]&amp#27;[0m Encountered internal error running command: Error: Could not find a connected Android device in 20000ms
&amp#27;[38;5;16m[AppiumDriver@d0d6]&amp#27;[0m     at ADB.getDevicesWithRetry (/Users/punchh_divyanshu/node_modules/appium-uiautomator2-driver/node_modules/appium-adb/lib/tools/system-calls.js:332:13)
&amp#27;[38;5;16m[AppiumDriver@d0d6]&amp#27;[0m     at AndroidUiautomator2Driver.getDeviceInfoFromCaps (/Users/punchh_divyanshu/node_modules/appium-uiautomator2-driver/node_modules/appium-android-driver/lib/commands/device/common.js:35:21)
&amp#27;[38;5;16m[AppiumDriver@d0d6]&amp#27;[0m     at AndroidUiautomator2Driver.createSession (/Users/punchh_divyanshu/node_modules/appium-uiautomator2-driver/lib/driver.ts:363:30)
&amp#27;[38;5;16m[AppiumDriver@d0d6]&amp#27;[0m     at AppiumDriver.createSession (/usr/local/lib/node_modules/appium/lib/appium.js:717:35)
&amp#27;[38;5;0m[HTTP]&amp#27;[0m <-- POST /session 500 20086 ms - 604
&amp#27;[38;5;0m[HTTP]&amp#27;[0m 
]]></system-out>
  </testcase>
  <testcase name="preSetup" classname="org.example.Module.HybridTestCase" time="23.122">
    <failure message="Cannot invoke &quot;org.pageObjects.Android.FormPage.setActivity()&quot; because &quot;this.formPage&quot; is null" type="java.lang.NullPointerException"><![CDATA[java.lang.NullPointerException: Cannot invoke "org.pageObjects.Android.FormPage.setActivity()" because "this.formPage" is null
	at org.example.Module.HybridTestCase.preSetup(HybridTestCase.java:37)
	at java.base/jdk.internal.reflect.DirectMethodHandleAccessor.invoke(DirectMethodHandleAccessor.java:104)
	at java.base/java.lang.reflect.Method.invoke(Method.java:578)
	at org.testng.internal.MethodInvocationHelper.invokeMethod(MethodInvocationHelper.java:124)
	at org.testng.internal.MethodInvocationHelper.invokeMethodConsideringTimeout(MethodInvocationHelper.java:59)
	at org.testng.internal.Invoker.invokeConfigurationMethod(Invoker.java:458)
	at org.testng.internal.Invoker.invokeConfigurations(Invoker.java:222)
	at org.testng.internal.Invoker.invokeMethod(Invoker.java:523)
	at org.testng.internal.Invoker.invokeTestMethod(Invoker.java:719)
	at org.testng.internal.Invoker.invokeTestMethods(Invoker.java:989)
	at org.testng.internal.TestMethodWorker.invokeTestMethods(TestMethodWorker.java:125)
	at org.testng.internal.TestMethodWorker.run(TestMethodWorker.java:109)
	at org.testng.TestRunner.privateRun(TestRunner.java:648)
	at org.testng.TestRunner.run(TestRunner.java:505)
	at org.testng.SuiteRunner.runTest(SuiteRunner.java:455)
	at org.testng.SuiteRunner.runSequentially(SuiteRunner.java:450)
	at org.testng.SuiteRunner.privateRun(SuiteRunner.java:415)
	at org.testng.SuiteRunner.run(SuiteRunner.java:364)
	at org.testng.SuiteRunnerWorker.runSuite(SuiteRunnerWorker.java:52)
	at org.testng.SuiteRunnerWorker.run(SuiteRunnerWorker.java:84)
	at org.testng.TestNG.runSuitesSequentially(TestNG.java:1208)
	at org.testng.TestNG.runSuitesLocally(TestNG.java:1137)
	at org.testng.TestNG.runSuites(TestNG.java:1049)
	at org.testng.TestNG.run(TestNG.java:1017)
	at org.apache.maven.surefire.testng.TestNGExecutor.run(TestNGExecutor.java:308)
	at org.apache.maven.surefire.testng.TestNGXmlTestSuite.execute(TestNGXmlTestSuite.java:71)
	at org.apache.maven.surefire.testng.TestNGProvider.invoke(TestNGProvider.java:113)
	at org.apache.maven.surefire.booter.ForkedBooter.runSuitesInProcess(ForkedBooter.java:385)
	at org.apache.maven.surefire.booter.ForkedBooter.execute(ForkedBooter.java:162)
	at org.apache.maven.surefire.booter.ForkedBooter.run(ForkedBooter.java:507)
	at org.apache.maven.surefire.booter.ForkedBooter.main(ForkedBooter.java:495)
]]></failure>
  </testcase>
  <testcase name="preSetup" classname="org.example.Module.HybridTestCase" time="23.123">
    <failure message="Cannot invoke &quot;org.pageObjects.Android.FormPage.setActivity()&quot; because &quot;this.formPage&quot; is null" type="java.lang.NullPointerException"><![CDATA[java.lang.NullPointerException: Cannot invoke "org.pageObjects.Android.FormPage.setActivity()" because "this.formPage" is null
	at org.example.Module.HybridTestCase.preSetup(HybridTestCase.java:37)
	at java.base/jdk.internal.reflect.DirectMethodHandleAccessor.invoke(DirectMethodHandleAccessor.java:104)
	at java.base/java.lang.reflect.Method.invoke(Method.java:578)
	at org.testng.internal.MethodInvocationHelper.invokeMethod(MethodInvocationHelper.java:124)
	at org.testng.internal.MethodInvocationHelper.invokeMethodConsideringTimeout(MethodInvocationHelper.java:59)
	at org.testng.internal.Invoker.invokeConfigurationMethod(Invoker.java:458)
	at org.testng.internal.Invoker.invokeConfigurations(Invoker.java:222)
	at org.testng.internal.Invoker.invokeMethod(Invoker.java:523)
	at org.testng.internal.Invoker.invokeTestMethod(Invoker.java:719)
	at org.testng.internal.Invoker.invokeTestMethods(Invoker.java:989)
	at org.testng.internal.TestMethodWorker.invokeTestMethods(TestMethodWorker.java:125)
	at org.testng.internal.TestMethodWorker.run(TestMethodWorker.java:109)
	at org.testng.TestRunner.privateRun(TestRunner.java:648)
	at org.testng.TestRunner.run(TestRunner.java:505)
	at org.testng.SuiteRunner.runTest(SuiteRunner.java:455)
	at org.testng.SuiteRunner.runSequentially(SuiteRunner.java:450)
	at org.testng.SuiteRunner.privateRun(SuiteRunner.java:415)
	at org.testng.SuiteRunner.run(SuiteRunner.java:364)
	at org.testng.SuiteRunnerWorker.runSuite(SuiteRunnerWorker.java:52)
	at org.testng.SuiteRunnerWorker.run(SuiteRunnerWorker.java:84)
	at org.testng.TestNG.runSuitesSequentially(TestNG.java:1208)
	at org.testng.TestNG.runSuitesLocally(TestNG.java:1137)
	at org.testng.TestNG.runSuites(TestNG.java:1049)
	at org.testng.TestNG.run(TestNG.java:1017)
	at org.apache.maven.surefire.testng.TestNGExecutor.run(TestNGExecutor.java:308)
	at org.apache.maven.surefire.testng.TestNGXmlTestSuite.execute(TestNGXmlTestSuite.java:71)
	at org.apache.maven.surefire.testng.TestNGProvider.invoke(TestNGProvider.java:113)
	at org.apache.maven.surefire.booter.ForkedBooter.runSuitesInProcess(ForkedBooter.java:385)
	at org.apache.maven.surefire.booter.ForkedBooter.execute(ForkedBooter.java:162)
	at org.apache.maven.surefire.booter.ForkedBooter.run(ForkedBooter.java:507)
	at org.apache.maven.surefire.booter.ForkedBooter.main(ForkedBooter.java:495)
]]></failure>
  </testcase>
  <testcase name="preSetup" classname="org.example.Module.HybridTestCase" time="28.342">
    <failure message="Cannot invoke &quot;org.pageObjects.Android.FormPage.setActivity()&quot; because &quot;this.formPage&quot; is null" type="java.lang.NullPointerException"><![CDATA[java.lang.NullPointerException: Cannot invoke "org.pageObjects.Android.FormPage.setActivity()" because "this.formPage" is null
	at org.example.Module.HybridTestCase.preSetup(HybridTestCase.java:37)
	at java.base/jdk.internal.reflect.DirectMethodHandleAccessor.invoke(DirectMethodHandleAccessor.java:104)
	at java.base/java.lang.reflect.Method.invoke(Method.java:578)
	at org.testng.internal.MethodInvocationHelper.invokeMethod(MethodInvocationHelper.java:124)
	at org.testng.internal.MethodInvocationHelper.invokeMethodConsideringTimeout(MethodInvocationHelper.java:59)
	at org.testng.internal.Invoker.invokeConfigurationMethod(Invoker.java:458)
	at org.testng.internal.Invoker.invokeConfigurations(Invoker.java:222)
	at org.testng.internal.Invoker.invokeMethod(Invoker.java:523)
	at org.testng.internal.Invoker.invokeTestMethod(Invoker.java:719)
	at org.testng.internal.Invoker.invokeTestMethods(Invoker.java:989)
	at org.testng.internal.TestMethodWorker.invokeTestMethods(TestMethodWorker.java:125)
	at org.testng.internal.TestMethodWorker.run(TestMethodWorker.java:109)
	at org.testng.TestRunner.privateRun(TestRunner.java:648)
	at org.testng.TestRunner.run(TestRunner.java:505)
	at org.testng.SuiteRunner.runTest(SuiteRunner.java:455)
	at org.testng.SuiteRunner.runSequentially(SuiteRunner.java:450)
	at org.testng.SuiteRunner.privateRun(SuiteRunner.java:415)
	at org.testng.SuiteRunner.run(SuiteRunner.java:364)
	at org.testng.SuiteRunnerWorker.runSuite(SuiteRunnerWorker.java:52)
	at org.testng.SuiteRunnerWorker.run(SuiteRunnerWorker.java:84)
	at org.testng.TestNG.runSuitesSequentially(TestNG.java:1208)
	at org.testng.TestNG.runSuitesLocally(TestNG.java:1137)
	at org.testng.TestNG.runSuites(TestNG.java:1049)
	at org.testng.TestNG.run(TestNG.java:1017)
	at org.apache.maven.surefire.testng.TestNGExecutor.run(TestNGExecutor.java:308)
	at org.apache.maven.surefire.testng.TestNGXmlTestSuite.execute(TestNGXmlTestSuite.java:71)
	at org.apache.maven.surefire.testng.TestNGProvider.invoke(TestNGProvider.java:113)
	at org.apache.maven.surefire.booter.ForkedBooter.runSuitesInProcess(ForkedBooter.java:385)
	at org.apache.maven.surefire.booter.ForkedBooter.execute(ForkedBooter.java:162)
	at org.apache.maven.surefire.booter.ForkedBooter.run(ForkedBooter.java:507)
	at org.apache.maven.surefire.booter.ForkedBooter.main(ForkedBooter.java:495)
]]></failure>
  </testcase>
  <testcase name="preSetup" classname="org.example.Module.HybridTestCase" time="28.342">
    <failure message="Cannot invoke &quot;org.pageObjects.Android.FormPage.setActivity()&quot; because &quot;this.formPage&quot; is null" type="java.lang.NullPointerException"><![CDATA[java.lang.NullPointerException: Cannot invoke "org.pageObjects.Android.FormPage.setActivity()" because "this.formPage" is null
	at org.example.Module.HybridTestCase.preSetup(HybridTestCase.java:37)
	at java.base/jdk.internal.reflect.DirectMethodHandleAccessor.invoke(DirectMethodHandleAccessor.java:104)
	at java.base/java.lang.reflect.Method.invoke(Method.java:578)
	at org.testng.internal.MethodInvocationHelper.invokeMethod(MethodInvocationHelper.java:124)
	at org.testng.internal.MethodInvocationHelper.invokeMethodConsideringTimeout(MethodInvocationHelper.java:59)
	at org.testng.internal.Invoker.invokeConfigurationMethod(Invoker.java:458)
	at org.testng.internal.Invoker.invokeConfigurations(Invoker.java:222)
	at org.testng.internal.Invoker.invokeMethod(Invoker.java:523)
	at org.testng.internal.Invoker.invokeTestMethod(Invoker.java:719)
	at org.testng.internal.Invoker.invokeTestMethods(Invoker.java:989)
	at org.testng.internal.TestMethodWorker.invokeTestMethods(TestMethodWorker.java:125)
	at org.testng.internal.TestMethodWorker.run(TestMethodWorker.java:109)
	at org.testng.TestRunner.privateRun(TestRunner.java:648)
	at org.testng.TestRunner.run(TestRunner.java:505)
	at org.testng.SuiteRunner.runTest(SuiteRunner.java:455)
	at org.testng.SuiteRunner.runSequentially(SuiteRunner.java:450)
	at org.testng.SuiteRunner.privateRun(SuiteRunner.java:415)
	at org.testng.SuiteRunner.run(SuiteRunner.java:364)
	at org.testng.SuiteRunnerWorker.runSuite(SuiteRunnerWorker.java:52)
	at org.testng.SuiteRunnerWorker.run(SuiteRunnerWorker.java:84)
	at org.testng.TestNG.runSuitesSequentially(TestNG.java:1208)
	at org.testng.TestNG.runSuitesLocally(TestNG.java:1137)
	at org.testng.TestNG.runSuites(TestNG.java:1049)
	at org.testng.TestNG.run(TestNG.java:1017)
	at org.apache.maven.surefire.testng.TestNGExecutor.run(TestNGExecutor.java:308)
	at org.apache.maven.surefire.testng.TestNGXmlTestSuite.execute(TestNGXmlTestSuite.java:71)
	at org.apache.maven.surefire.testng.TestNGProvider.invoke(TestNGProvider.java:113)
	at org.apache.maven.surefire.booter.ForkedBooter.runSuitesInProcess(ForkedBooter.java:385)
	at org.apache.maven.surefire.booter.ForkedBooter.execute(ForkedBooter.java:162)
	at org.apache.maven.surefire.booter.ForkedBooter.run(ForkedBooter.java:507)
	at org.apache.maven.surefire.booter.ForkedBooter.main(ForkedBooter.java:495)
]]></failure>
  </testcase>
  <testcase name="HybridAction" classname="org.example.Module.HybridTestCase" time="0.0">
    <skipped message="Cannot invoke &quot;org.pageObjects.Android.FormPage.setActivity()&quot; because &quot;this.formPage&quot; is null"/>
  </testcase>
  <testcase name="HybridAction" classname="org.example.Module.HybridTestCase" time="0.0">
    <skipped message="Cannot invoke &quot;org.pageObjects.Android.FormPage.setActivity()&quot; because &quot;this.formPage&quot; is null"/>
  </testcase>
  <testcase name="HybridAction" classname="org.example.Module.HybridTestCase" time="0.0">
    <skipped message="Cannot invoke &quot;org.pageObjects.Android.FormPage.setActivity()&quot; because &quot;this.formPage&quot; is null"/>
  </testcase>
  <testcase name="HybridAction" classname="org.example.Module.HybridTestCase" time="0.0">
    <skipped message="Cannot invoke &quot;org.pageObjects.Android.FormPage.setActivity()&quot; because &quot;this.formPage&quot; is null"/>
  </testcase>
  <testcase name="tearDown" classname="org.example.Module.HybridTestCase" time="23.123">
    <failure message="Cannot invoke &quot;io.appium.java_client.android.AndroidDriver.quit()&quot; because &quot;this.driver&quot; is null" type="java.lang.NullPointerException"><![CDATA[java.lang.NullPointerException: Cannot invoke "io.appium.java_client.android.AndroidDriver.quit()" because "this.driver" is null
	at org.example.TestUtils.AndroidBaseTest.tearDown(AndroidBaseTest.java:97)
	at java.base/jdk.internal.reflect.DirectMethodHandleAccessor.invoke(DirectMethodHandleAccessor.java:104)
	at java.base/java.lang.reflect.Method.invoke(Method.java:578)
	at org.testng.internal.MethodInvocationHelper.invokeMethod(MethodInvocationHelper.java:124)
	at org.testng.internal.MethodInvocationHelper.invokeMethodConsideringTimeout(MethodInvocationHelper.java:59)
	at org.testng.internal.Invoker.invokeConfigurationMethod(Invoker.java:458)
	at org.testng.internal.Invoker.invokeConfigurations(Invoker.java:222)
	at org.testng.internal.Invoker.invokeConfigurations(Invoker.java:142)
	at org.testng.internal.TestMethodWorker.invokeAfterClassMethods(TestMethodWorker.java:214)
	at org.testng.internal.TestMethodWorker.run(TestMethodWorker.java:111)
	at org.testng.TestRunner.privateRun(TestRunner.java:648)
	at org.testng.TestRunner.run(TestRunner.java:505)
	at org.testng.SuiteRunner.runTest(SuiteRunner.java:455)
	at org.testng.SuiteRunner.runSequentially(SuiteRunner.java:450)
	at org.testng.SuiteRunner.privateRun(SuiteRunner.java:415)
	at org.testng.SuiteRunner.run(SuiteRunner.java:364)
	at org.testng.SuiteRunnerWorker.runSuite(SuiteRunnerWorker.java:52)
	at org.testng.SuiteRunnerWorker.run(SuiteRunnerWorker.java:84)
	at org.testng.TestNG.runSuitesSequentially(TestNG.java:1208)
	at org.testng.TestNG.runSuitesLocally(TestNG.java:1137)
	at org.testng.TestNG.runSuites(TestNG.java:1049)
	at org.testng.TestNG.run(TestNG.java:1017)
	at org.apache.maven.surefire.testng.TestNGExecutor.run(TestNGExecutor.java:308)
	at org.apache.maven.surefire.testng.TestNGXmlTestSuite.execute(TestNGXmlTestSuite.java:71)
	at org.apache.maven.surefire.testng.TestNGProvider.invoke(TestNGProvider.java:113)
	at org.apache.maven.surefire.booter.ForkedBooter.runSuitesInProcess(ForkedBooter.java:385)
	at org.apache.maven.surefire.booter.ForkedBooter.execute(ForkedBooter.java:162)
	at org.apache.maven.surefire.booter.ForkedBooter.run(ForkedBooter.java:507)
	at org.apache.maven.surefire.booter.ForkedBooter.main(ForkedBooter.java:495)
]]></failure>
  </testcase>
  <testcase name="tearDown" classname="org.example.Module.HybridTestCase" time="28.343">
    <failure message="Cannot invoke &quot;io.appium.java_client.android.AndroidDriver.quit()&quot; because &quot;this.driver&quot; is null" type="java.lang.NullPointerException"><![CDATA[java.lang.NullPointerException: Cannot invoke "io.appium.java_client.android.AndroidDriver.quit()" because "this.driver" is null
	at org.example.TestUtils.AndroidBaseTest.tearDown(AndroidBaseTest.java:97)
	at java.base/jdk.internal.reflect.DirectMethodHandleAccessor.invoke(DirectMethodHandleAccessor.java:104)
	at java.base/java.lang.reflect.Method.invoke(Method.java:578)
	at org.testng.internal.MethodInvocationHelper.invokeMethod(MethodInvocationHelper.java:124)
	at org.testng.internal.MethodInvocationHelper.invokeMethodConsideringTimeout(MethodInvocationHelper.java:59)
	at org.testng.internal.Invoker.invokeConfigurationMethod(Invoker.java:458)
	at org.testng.internal.Invoker.invokeConfigurations(Invoker.java:222)
	at org.testng.internal.Invoker.invokeConfigurations(Invoker.java:142)
	at org.testng.internal.TestMethodWorker.invokeAfterClassMethods(TestMethodWorker.java:214)
	at org.testng.internal.TestMethodWorker.run(TestMethodWorker.java:111)
	at org.testng.TestRunner.privateRun(TestRunner.java:648)
	at org.testng.TestRunner.run(TestRunner.java:505)
	at org.testng.SuiteRunner.runTest(SuiteRunner.java:455)
	at org.testng.SuiteRunner.runSequentially(SuiteRunner.java:450)
	at org.testng.SuiteRunner.privateRun(SuiteRunner.java:415)
	at org.testng.SuiteRunner.run(SuiteRunner.java:364)
	at org.testng.SuiteRunnerWorker.runSuite(SuiteRunnerWorker.java:52)
	at org.testng.SuiteRunnerWorker.run(SuiteRunnerWorker.java:84)
	at org.testng.TestNG.runSuitesSequentially(TestNG.java:1208)
	at org.testng.TestNG.runSuitesLocally(TestNG.java:1137)
	at org.testng.TestNG.runSuites(TestNG.java:1049)
	at org.testng.TestNG.run(TestNG.java:1017)
	at org.apache.maven.surefire.testng.TestNGExecutor.run(TestNGExecutor.java:308)
	at org.apache.maven.surefire.testng.TestNGXmlTestSuite.execute(TestNGXmlTestSuite.java:71)
	at org.apache.maven.surefire.testng.TestNGProvider.invoke(TestNGProvider.java:113)
	at org.apache.maven.surefire.booter.ForkedBooter.runSuitesInProcess(ForkedBooter.java:385)
	at org.apache.maven.surefire.booter.ForkedBooter.execute(ForkedBooter.java:162)
	at org.apache.maven.surefire.booter.ForkedBooter.run(ForkedBooter.java:507)
	at org.apache.maven.surefire.booter.ForkedBooter.main(ForkedBooter.java:495)
]]></failure>
  </testcase>
  <testcase name="BasicsTest" classname="org.example.Module.IOSBasicsTest" time="6.972">
    <system-out><![CDATA[&amp#27;[38;5;0m[HTTP]&amp#27;[0m &amp#27;[37m-->&amp#27;[39m &amp#27;[37mGET&amp#27;[39m &amp#27;[37m/status&amp#27;[39m
&amp#27;[38;5;0m[HTTP]&amp#27;[0m {}
&amp#27;[38;5;16m[AppiumDriver@d0d6]&amp#27;[0m Calling AppiumDriver.getStatus() with args: []
&amp#27;[38;5;16m[AppiumDriver@d0d6]&amp#27;[0m Responding to client with driver.getStatus() result: {"ready":true,"message":"The server is ready to accept new connections","build":{"version":"2.6.0"}}
&amp#27;[38;5;0m[HTTP]&amp#27;[0m <-- GET /status 200 1 ms - 110
&amp#27;[38;5;0m[HTTP]&amp#27;[0m 
&amp#27;[38;5;0m[HTTP]&amp#27;[0m Request idempotency key: ceff06c1-9abb-4956-8ddf-b1a91ac466c5
&amp#27;[38;5;0m[HTTP]&amp#27;[0m &amp#27;[37m-->&amp#27;[39m &amp#27;[37mPOST&amp#27;[39m &amp#27;[37m/session&amp#27;[39m
&amp#27;[38;5;0m[HTTP]&amp#27;[0m {"capabilities":{"firstMatch":[{"appium:wdaLaunchTimeout":2300000,"appium:deviceName":"iPhone 12 mini","platformName":"IOS","appium:automationName":"XCuiTest","appium:app":"/Users/punchh_divyanshu/Library/Developer/Xcode/DerivedData/UIKitCatalog-awclvqlxxucovxaxgfhxokvvyzjw/Build/Products/Debug-iphonesimulator/UIKitCatalog.app","appium:platformVersion":"17.5"}]}}
&amp#27;[38;5;16m[AppiumDriver@d0d6]&amp#27;[0m Calling AppiumDriver.createSession() with args: [null,null,{"firstMatch":[{"appium:wdaLaunchTimeout":2300000,"appium:deviceName":"iPhone 12 mini","platformName":"IOS","appium:automationName":"XCuiTest","appium:app":"/Users/punchh_divyanshu/Library/Developer/Xcode/DerivedData/UIKitCatalog-awclvqlxxucovxaxgfhxokvvyzjw/Build/Products/Debug-iphonesimulator/UIKitCatalog.app","appium:platformVersion":"17.5"}]}]
&amp#27;[38;5;16m[AppiumDriver@d0d6]&amp#27;[0m Event 'newSessionRequested' logged at 1727430898386 (15:24:58 GMT+0530 (India Standard Time))
[Appium] Attempting to find matching driver for automationName 'XCuiTest' and platformName 'IOS'
[Appium] The 'xcuitest' driver was installed and matched caps.
[Appium] Will require it at /Users/punchh_divyanshu/node_modules/appium-xcuitest-driver
[Appium] Requiring driver at /Users/punchh_divyanshu/node_modules/appium-xcuitest-driver/build/index.js
&amp#27;[38;5;16m[AppiumDriver@d0d6]&amp#27;[0m Appium v2.6.0 creating new XCUITestDriver (v7.18.0) session
&amp#27;[38;5;16m[AppiumDriver@d0d6]&amp#27;[0m Checking BaseDriver versions for Appium and XCUITestDriver
&amp#27;[38;5;16m[AppiumDriver@d0d6]&amp#27;[0m Appium's BaseDriver version is 9.7.0
&amp#27;[38;5;16m[AppiumDriver@d0d6]&amp#27;[0m XCUITestDriver's BaseDriver version is 9.5.2
&amp#27;[38;5;64m[XCUITestDriver@ab00]&amp#27;[0m Creating session with W3C capabilities: {
&amp#27;[38;5;64m[XCUITestDriver@ab00]&amp#27;[0m   "alwaysMatch": {
&amp#27;[38;5;64m[XCUITestDriver@ab00]&amp#27;[0m     "platformName": "IOS",
&amp#27;[38;5;64m[XCUITestDriver@ab00]&amp#27;[0m     "appium:wdaLaunchTimeout": 2300000,
&amp#27;[38;5;64m[XCUITestDriver@ab00]&amp#27;[0m     "appium:deviceName": "iPhone 12 mini",
&amp#27;[38;5;64m[XCUITestDriver@ab00]&amp#27;[0m     "appium:automationName": "XCuiTest",
&amp#27;[38;5;64m[XCUITestDriver@ab00]&amp#27;[0m     "appium:app": "/Users/punchh_divyanshu/Library/Developer/Xcode/DerivedData/UIKitCatalog-awclvqlxxucovxaxgfhxokvvyzjw/Build/Products/Debug-iphonesimulator/UIKitCatalog.app",
&amp#27;[38;5;64m[XCUITestDriver@ab00]&amp#27;[0m     "appium:platformVersion": "17.5"
&amp#27;[38;5;64m[XCUITestDriver@ab00]&amp#27;[0m   },
&amp#27;[38;5;64m[XCUITestDriver@ab00]&amp#27;[0m   "firstMatch": [
&amp#27;[38;5;64m[XCUITestDriver@ab00]&amp#27;[0m     {}
&amp#27;[38;5;64m[XCUITestDriver@ab00]&amp#27;[0m   ]
&amp#27;[38;5;64m[XCUITestDriver@ab00]&amp#27;[0m }
&amp#27;[38;5;80m[BaseDriver]&amp#27;[0m calendarAccessAuthorized is a deprecated capability
&amp#27;[38;5;80m[BaseDriver]&amp#27;[0m useSimpleBuildTest is a deprecated capability
&amp#27;[38;5;80m[BaseDriver]&amp#27;[0m waitForQuiescence is a deprecated capability
&amp#27;[38;5;80m[BaseDriver]&amp#27;[0m appInstallStrategy is a deprecated capability
&amp#27;[38;5;80m[BaseDriver]&amp#27;[0m calendarAccessAuthorized is a deprecated capability
&amp#27;[38;5;80m[BaseDriver]&amp#27;[0m useSimpleBuildTest is a deprecated capability
&amp#27;[38;5;80m[BaseDriver]&amp#27;[0m waitForQuiescence is a deprecated capability
&amp#27;[38;5;80m[BaseDriver]&amp#27;[0m appInstallStrategy is a deprecated capability
&amp#27;[38;5;80m[BaseDriver]&amp#27;[0m calendarAccessAuthorized is a deprecated capability
&amp#27;[38;5;80m[BaseDriver]&amp#27;[0m useSimpleBuildTest is a deprecated capability
&amp#27;[38;5;80m[BaseDriver]&amp#27;[0m waitForQuiescence is a deprecated capability
&amp#27;[38;5;80m[BaseDriver]&amp#27;[0m appInstallStrategy is a deprecated capability
&amp#27;[38;5;64m[XCUITestDriver@ab00 (9315c4cc)]&amp#27;[0m Session created with session id: 9315c4cc-a9ab-416e-b9d1-ebafad3e1fd1
&amp#27;[38;5;96m[XCUITest]&amp#27;[0m Current user: 'punchh_divyanshu'
&amp#27;[38;5;64m[XCUITestDriver@ab00 (9315c4cc)]&amp#27;[0m No real device udid has been provided in capabilities. Will select a matching simulator to run the test.
&amp#27;[38;5;64m[XCUITestDriver@ab00 (9315c4cc)]&amp#27;[0m iOS SDK Version set to '17.5'
&amp#27;[38;5;64m[XCUITestDriver@ab00 (9315c4cc)]&amp#27;[0m Looking for an existing Simulator with platformName: iOS, platformVersion: 17.5, deviceName: iPhone 12 mini
&amp#27;[38;5;64m[XCUITestDriver@ab00 (9315c4cc)]&amp#27;[0m Constructing iOS simulator for Xcode version 15.4 with udid '908A038A-7715-466C-AB2E-241C25D68F2F'
&amp#27;[38;5;64m[XCUITestDriver@ab00 (9315c4cc)]&amp#27;[0m Determining device to run tests on: udid: '908A038A-7715-466C-AB2E-241C25D68F2F', real device: false
&amp#27;[38;5;64m[XCUITestDriver@ab00 (9315c4cc)]&amp#27;[0m Event 'xcodeDetailsRetrieved' logged at 1727430898708 (15:24:58 GMT+0530 (India Standard Time))
&amp#27;[38;5;80m[BaseDriver]&amp#27;[0m Using local app '/Users/punchh_divyanshu/Library/Developer/Xcode/DerivedData/UIKitCatalog-awclvqlxxucovxaxgfhxokvvyzjw/Build/Products/Debug-iphonesimulator/UIKitCatalog.app'
&amp#27;[38;5;64m[XCUITestDriver@ab00 (9315c4cc)]&amp#27;[0m Caching the manifest for com.example28.apple-samplecode.UICatalog app from a file source using the key '37ce9b2d132d21e956744628756b134bba572192'
&amp#27;[38;5;64m[XCUITestDriver@ab00 (9315c4cc)]&amp#27;[0m Event 'appConfigured' logged at 1727430898716 (15:24:58 GMT+0530 (India Standard Time))
&amp#27;[38;5;96m[XCUITest]&amp#27;[0m Checking whether app '/Users/punchh_divyanshu/Library/Developer/Xcode/DerivedData/UIKitCatalog-awclvqlxxucovxaxgfhxokvvyzjw/Build/Products/Debug-iphonesimulator/UIKitCatalog.app' is actually present on file system
&amp#27;[38;5;96m[XCUITest]&amp#27;[0m App is present
&amp#27;[38;5;64m[XCUITestDriver@ab00 (9315c4cc)]&amp#27;[0m CFBundleIdentifier: "com.example28.apple-samplecode.UICatalog"
&amp#27;[38;5;64m[XCUITestDriver@ab00 (9315c4cc)]&amp#27;[0m Event 'resetStarted' logged at 1727430898717 (15:24:58 GMT+0530 (India Standard Time))
&amp#27;[38;5;112m[simctl]&amp#27;[0m Error running 'terminate': An error was encountered processing the command (domain=NSPOSIXErrorDomain, code=3):
Simulator device failed to terminate com.example28.apple-samplecode.UICatalog.
found nothing to terminate
Underlying error (domain=NSPOSIXErrorDomain, code=3):
	The request to terminate "com.example28.apple-samplecode.UICatalog" failed. found nothing to terminate
	found nothing to terminate
&amp#27;[38;5;64m[XCUITestDriver@ab00 (9315c4cc)]&amp#27;[0m Reset: failed to terminate Simulator application with id "com.example28.apple-samplecode.UICatalog"
&amp#27;[38;5;64m[XCUITestDriver@ab00 (9315c4cc)]&amp#27;[0m Not scrubbing third party app in anticipation of uninstall
&amp#27;[38;5;64m[XCUITestDriver@ab00 (9315c4cc)]&amp#27;[0m Event 'resetComplete' logged at 1727430898824 (15:24:58 GMT+0530 (India Standard Time))
&amp#27;[38;5;64m[XCUITestDriver@ab00 (9315c4cc)]&amp#27;[0m Using WDA path: '/Users/punchh_divyanshu/node_modules/appium-xcuitest-driver/node_modules/appium-webdriveragent'
&amp#27;[38;5;64m[XCUITestDriver@ab00 (9315c4cc)]&amp#27;[0m Using WDA agent: '/Users/punchh_divyanshu/node_modules/appium-xcuitest-driver/node_modules/appium-webdriveragent/WebDriverAgent.xcodeproj'
&amp#27;[38;5;128m[IOSSimulatorLog]&amp#27;[0m Starting log capture for iOS Simulator with udid '908A038A-7715-466C-AB2E-241C25D68F2F' using simctl
&amp#27;[35m[Appium]&amp#27;[39m Welcome to Appium v2.6.0
&amp#27;[35m[Appium]&amp#27;[39m Non-default server args:
&amp#27;[35m[Appium]&amp#27;[39m { address: &amp#27;[32m'127.0.0.1'&amp#27;[39m }
&amp#27;[35m[Appium]&amp#27;[39m The autodetected Appium home path: /Users/punchh_divyanshu
&amp#27;[35m[Appium]&amp#27;[39m Attempting to load driver uiautomator2...
&amp#27;[35m[Appium]&amp#27;[39m Attempting to load driver xcuitest...
&amp#27;[35m[Appium]&amp#27;[39m Requiring driver at /Users/punchh_divyanshu/node_modules/appium-xcuitest-driver/build/index.js
&amp#27;[35m[Appium]&amp#27;[39m Requiring driver at /Users/punchh_divyanshu/node_modules/appium-uiautomator2-driver/build/index.js
&amp#27;[38;5;64m[XCUITestDriver@ab00 (9315c4cc)]&amp#27;[0m Event 'logCaptureStarted' logged at 1727430899066 (15:24:59 GMT+0530 (India Standard Time))
&amp#27;[38;5;64m[XCUITestDriver@ab00 (9315c4cc)]&amp#27;[0m Setting up simulator
&amp#27;[38;5;64m[XCUITestDriver@ab00 (9315c4cc)]&amp#27;[0m Setting preferences of 908A038A-7715-466C-AB2E-241C25D68F2F Simulator to {"ConnectHardwareKeyboard":false}
&amp#27;[38;5;64m[XCUITestDriver@ab00 (9315c4cc)]&amp#27;[0m Setting common Simulator preferences to {"RotateWindowWhenSignaledByGuest":true,"StartLastDeviceOnLaunch":false,"DetachOnWindowClose":false,"AttachBootedOnStart":true,"ConnectHardwareKeyboard":false,"PasteboardAutomaticSync":false}
&amp#27;[38;5;64m[XCUITestDriver@ab00 (9315c4cc)]&amp#27;[0m Updated 908A038A-7715-466C-AB2E-241C25D68F2F Simulator preferences at '/Users/punchh_divyanshu/Library/Preferences/com.apple.iphonesimulator.plist' with {"RotateWindowWhenSignaledByGuest":true,"StartLastDeviceOnLaunch":false,"DetachOnWindowClose":false,"AttachBootedOnStart":true,"ConnectHardwareKeyboard":false,"PasteboardAutomaticSync":false,"DevicePreferences":{"908A038A-7715-466C-AB2E-241C25D68F2F":{"SimulatorExternalDisplay":2114,"ConnectHardwareKeyboard":false,"ChromeTint":"","SimulatorWindowGeometry":{"8C1DEAA9-C010-4754-826B-FC534D0BEC39":{"WindowCenter":"{719.5, 465.5}","WindowScale":0.9065533980582524}},"SimulatorWindowOrientation":"Portrait","SimulatorWindowRotationAngle":0}}}
&amp#27;[38;5;64m[XCUITestDriver@ab00 (9315c4cc)]&amp#27;[0m Got Simulator UI client PID: 90828
&amp#27;[38;5;64m[XCUITestDriver@ab00 (9315c4cc)]&amp#27;[0m Both Simulator with UDID '908A038A-7715-466C-AB2E-241C25D68F2F' and the UI client are currently running
&amp#27;[38;5;64m[XCUITestDriver@ab00 (9315c4cc)]&amp#27;[0m Event 'simStarted' logged at 1727430899220 (15:24:59 GMT+0530 (India Standard Time))
&amp#27;[38;5;64m[XCUITestDriver@ab00 (9315c4cc)]&amp#27;[0m Verifying application platform
&amp#27;[38;5;64m[XCUITestDriver@ab00 (9315c4cc)]&amp#27;[0m CFBundleSupportedPlatforms: ["iPhoneSimulator"]
&amp#27;[38;5;64m[XCUITestDriver@ab00 (9315c4cc)]&amp#27;[0m CFBundleExecutable: "UIKitCatalog"
&amp#27;[38;5;64m[XCUITestDriver@ab00 (9315c4cc)]&amp#27;[0m /Users/punchh_divyanshu/Library/Developer/Xcode/DerivedData/UIKitCatalog-awclvqlxxucovxaxgfhxokvvyzjw/Build/Products/Debug-iphonesimulator/UIKitCatalog.app/UIKitCatalog: Mach-O 64-bit executable arm64
&amp#27;[38;5;64m[XCUITestDriver@ab00 (9315c4cc)]&amp#27;[0m App 'com.example28.apple-samplecode.UICatalog' is already installed
&amp#27;[38;5;64m[XCUITestDriver@ab00 (9315c4cc)]&amp#27;[0m Reset requested. Removing app with id 'com.example28.apple-samplecode.UICatalog' from the device
[Appium] XCUITestDriver has been successfully loaded in 1.118s
[Appium] AndroidUiautomator2Driver has been successfully loaded in 1.119s
&amp#27;[38;5;0m[HTTP]&amp#27;[0m Could not start REST http interface listener. The requested port may already be in use. Please make sure there is no other instance of this server running already.
[Appium] Could not configure Appium server. It's possible that a driver or plugin tried to update the server and failed. Original error: listen EADDRINUSE: address already in use 127.0.0.1:4723
[Appium] Error: listen EADDRINUSE: address already in use 127.0.0.1:4723
[Appium]     at Server.setupListenHandle [as _listen2] (node:net:1740:16)
[Appium]     at listenInCluster (node:net:1788:12)
[Appium]     at doListen (node:net:1937:7)
[Appium]     at processTicksAndRejections (node:internal/process/task_queues:83:21)
&amp#27;[38;5;64m[XCUITestDriver@ab00 (9315c4cc)]&amp#27;[0m Installing '/Users/punchh_divyanshu/Library/Developer/Xcode/DerivedData/UIKitCatalog-awclvqlxxucovxaxgfhxokvvyzjw/Build/Products/Debug-iphonesimulator/UIKitCatalog.app' on Simulator with UUID '908A038A-7715-466C-AB2E-241C25D68F2F'...
&amp#27;[38;5;64m[XCUITestDriver@ab00 (9315c4cc)]&amp#27;[0m Parsed BUILD_DIR configuration value: '/Users/punchh_divyanshu/Library/Developer/Xcode/DerivedData/WebDriverAgent-cjacsydrzqxbziajsmlahvesclrf/Build/Products'
&amp#27;[38;5;64m[XCUITestDriver@ab00 (9315c4cc)]&amp#27;[0m Got derived data root: '/Users/punchh_divyanshu/Library/Developer/Xcode/DerivedData/WebDriverAgent-cjacsydrzqxbziajsmlahvesclrf'
&amp#27;[38;5;64m[XCUITestDriver@ab00 (9315c4cc)]&amp#27;[0m The app has been successfully installed in 4033ms
&amp#27;[38;5;64m[XCUITestDriver@ab00 (9315c4cc)]&amp#27;[0m Event 'appInstalled' logged at 1727430904604 (15:25:04 GMT+0530 (India Standard Time))
&amp#27;[38;5;64m[XCUITestDriver@ab00 (9315c4cc)]&amp#27;[0m No obsolete cached processes from previous WDA sessions listening on port 8100 have been found
&amp#27;[38;5;144m[DevCon Factory]&amp#27;[0m Requesting connection for device 908A038A-7715-466C-AB2E-241C25D68F2F on local port 8100
&amp#27;[38;5;144m[DevCon Factory]&amp#27;[0m Cached connections count: 0
&amp#27;[38;5;144m[DevCon Factory]&amp#27;[0m Successfully requested the connection for 908A038A-7715-466C-AB2E-241C25D68F2F:8100
&amp#27;[38;5;64m[XCUITestDriver@ab00 (9315c4cc)]&amp#27;[0m Starting WebDriverAgent initialization with the synchronization key 'XCUITestDriver'
&amp#27;[38;5;160m[WD Proxy]&amp#27;[0m Matched '/status' to command name 'getStatus'
&amp#27;[38;5;160m[WD Proxy]&amp#27;[0m Proxying [GET /status] to [GET http://127.0.0.1:8100/status] with no body
&amp#27;[38;5;160m[WD Proxy]&amp#27;[0m Got response with status 200: {"value":{"build":{"upgradedAt":"1719214412139","version":"8.7.4","time":"Sep 23 2024 09:50:51","productBundleIdentifier":"com.facebook.WebDriverAgentRunner"},"os":{"testmanagerdVersion":65535,"name":"iOS","sdkVersion":"17.4","version":"17.5"},"device":"iphone","ios":{"simulatorVersion":"17.5","ip":"192.168.1.5"},"message":"WebDriverAgent is ready to accept commands","state":"success","ready":true},"sessionId":null}
&amp#27;[38;5;64m[XCUITestDriver@ab00 (9315c4cc)]&amp#27;[0m Upgrade timestamp of the currently bundled WDA: 1719214412139
&amp#27;[38;5;64m[XCUITestDriver@ab00 (9315c4cc)]&amp#27;[0m Upgrade timestamp of the WDA on the device: 1719214412139
&amp#27;[38;5;64m[XCUITestDriver@ab00 (9315c4cc)]&amp#27;[0m Will reuse previously cached WDA instance at 'http://127.0.0.1:8100/' with 'com.facebook.WebDriverAgentRunner'. Set the wdaLocalPort capability to a value different from 8100 if this is an undesired behavior.
&amp#27;[38;5;64m[XCUITestDriver@ab00 (9315c4cc)]&amp#27;[0m Trying to start WebDriverAgent 2 times with 10000ms interval
&amp#27;[38;5;64m[XCUITestDriver@ab00 (9315c4cc)]&amp#27;[0m These values can be customized by changing wdaStartupRetries/wdaStartupRetryInterval capabilities
&amp#27;[38;5;64m[XCUITestDriver@ab00 (9315c4cc)]&amp#27;[0m Event 'wdaStartAttempted' logged at 1727430904709 (15:25:04 GMT+0530 (India Standard Time))
&amp#27;[38;5;64m[XCUITestDriver@ab00 (9315c4cc)]&amp#27;[0m Using provided WebdriverAgent at 'http://127.0.0.1:8100/'
&amp#27;[38;5;160m[WD Proxy]&amp#27;[0m Matched '/status' to command name 'getStatus'
&amp#27;[38;5;160m[WD Proxy]&amp#27;[0m Proxying [GET /status] to [GET http://127.0.0.1:8100/status] with no body
&amp#27;[38;5;160m[WD Proxy]&amp#27;[0m Got response with status 200: {"value":{"build":{"upgradedAt":"1719214412139","version":"8.7.4","time":"Sep 23 2024 09:50:51","productBundleIdentifier":"com.facebook.WebDriverAgentRunner"},"os":{"testmanagerdVersion":65535,"name":"iOS","sdkVersion":"17.4","version":"17.5"},"device":"iphone","ios":{"simulatorVersion":"17.5","ip":"192.168.1.5"},"message":"WebDriverAgent is ready to accept commands","state":"success","ready":true},"sessionId":null}
&amp#27;[38;5;64m[XCUITestDriver@ab00 (9315c4cc)]&amp#27;[0m Event 'wdaSessionAttempted' logged at 1727430904730 (15:25:04 GMT+0530 (India Standard Time))
&amp#27;[38;5;64m[XCUITestDriver@ab00 (9315c4cc)]&amp#27;[0m Sending createSession command to WDA
&amp#27;[38;5;64m[XCUITestDriver@ab00 (9315c4cc)]&amp#27;[0m Matched '/session' to command name 'createSession'
&amp#27;[38;5;64m[XCUITestDriver@ab00 (9315c4cc)]&amp#27;[0m Proxying [POST /session] to [POST http://127.0.0.1:8100/session] with body: {"capabilities":{"firstMatch":[{"bundleId":"com.example28.apple-samplecode.UICatalog","arguments":[],"environment":{},"eventloopIdleDelaySec":0,"shouldWaitForQuiescence":true,"shouldUseTestManagerForVisibilityDetection":false,"maxTypingFrequency":60,"shouldUseSingletonTestManager":true,"shouldTerminateApp":true,"forceAppLaunch":true,"useNativeCachingStrategy":true,"forceSimulatorSoftwareKeyboardPresence":true}],"alwaysMatch":{}}}
&amp#27;[38;5;64m[XCUITestDriver@ab00 (9315c4cc)]&amp#27;[0m Got response with status 200: {"value":{"sessionId":"958B9F67-4F00-4316-B32B-AD8DCB1CC8F9","capabilities":{"sdkVersion":"17.5","device":"iphone"}},"sessionId":"958B9F67-4F00-4316-B32B-AD8DCB1CC8F9"}
&amp#27;[38;5;64m[XCUITestDriver@ab00 (9315c4cc)]&amp#27;[0m Determined the downstream protocol as 'W3C'
&amp#27;[38;5;64m[XCUITestDriver@ab00 (9315c4cc)]&amp#27;[0m WDA session startup took 1928ms
&amp#27;[38;5;64m[XCUITestDriver@ab00 (9315c4cc)]&amp#27;[0m Event 'wdaSessionStarted' logged at 1727430906658 (15:25:06 GMT+0530 (India Standard Time))
&amp#27;[38;5;64m[XCUITestDriver@ab00 (9315c4cc)]&amp#27;[0m Event 'wdaStarted' logged at 1727430906659 (15:25:06 GMT+0530 (India Standard Time))
&amp#27;[38;5;80m[BaseDriver]&amp#27;[0m The value of 'elementResponseAttributes' setting did not change. Skipping the update for it
&amp#27;[38;5;80m[BaseDriver]&amp#27;[0m The value of 'shouldUseCompactResponses' setting did not change. Skipping the update for it
&amp#27;[38;5;16m[AppiumDriver@d0d6]&amp#27;[0m New XCUITestDriver session created successfully, session 9315c4cc-a9ab-416e-b9d1-ebafad3e1fd1 added to master session list
&amp#27;[38;5;16m[AppiumDriver@d0d6]&amp#27;[0m Event 'newSessionStarted' logged at 1727430906662 (15:25:06 GMT+0530 (India Standard Time))
&amp#27;[38;5;64m[XCUITestDriver@ab00 (9315c4cc)]&amp#27;[0m Cached the protocol value 'W3C' for the new session 9315c4cc-a9ab-416e-b9d1-ebafad3e1fd1
&amp#27;[38;5;64m[XCUITestDriver@ab00 (9315c4cc)]&amp#27;[0m Responding to client with driver.createSession() result: {"capabilities":{"webStorageEnabled":false,"locationContextEnabled":false,"browserName":"","platform":"MAC","javascriptEnabled":true,"databaseEnabled":false,"takesScreenshot":true,"networkConnectionEnabled":false,"platformName":"IOS","wdaLaunchTimeout":2300000,"deviceName":"iPhone 12 mini","automationName":"XCuiTest","app":"/Users/punchh_divyanshu/Library/Developer/Xcode/DerivedData/UIKitCatalog-awclvqlxxucovxaxgfhxokvvyzjw/Build/Products/Debug-iphonesimulator/UIKitCatalog.app","platformVersion":"17.5","udid":"908A038A-7715-466C-AB2E-241C25D68F2F"}}
&amp#27;[38;5;0m[HTTP]&amp#27;[0m <-- POST /session 200 8277 ms - 616
&amp#27;[38;5;0m[HTTP]&amp#27;[0m 
&amp#27;[38;5;0m[HTTP]&amp#27;[0m &amp#27;[37m-->&amp#27;[39m &amp#27;[37mPOST&amp#27;[39m &amp#27;[37m/session/9315c4cc-a9ab-416e-b9d1-ebafad3e1fd1/timeouts&amp#27;[39m
&amp#27;[38;5;0m[HTTP]&amp#27;[0m {"implicit":2300000}
&amp#27;[38;5;64m[XCUITestDriver@ab00 (9315c4cc)]&amp#27;[0m Calling AppiumDriver.timeouts() with args: [null,null,null,null,2300000,"9315c4cc-a9ab-416e-b9d1-ebafad3e1fd1"]
&amp#27;[38;5;64m[XCUITestDriver@ab00 (9315c4cc)]&amp#27;[0m Executing command 'timeouts'
&amp#27;[38;5;64m[XCUITestDriver@ab00 (9315c4cc)]&amp#27;[0m W3C timeout argument: {"implicit":2300000}}
&amp#27;[38;5;64m[XCUITestDriver@ab00 (9315c4cc)]&amp#27;[0m Set implicit wait to 2300000ms
&amp#27;[38;5;64m[XCUITestDriver@ab00 (9315c4cc)]&amp#27;[0m Responding to client with driver.timeouts() result: null
&amp#27;[38;5;0m[HTTP]&amp#27;[0m <-- POST /session/9315c4cc-a9ab-416e-b9d1-ebafad3e1fd1/timeouts 200 2 ms - 14
&amp#27;[38;5;0m[HTTP]&amp#27;[0m 
&amp#27;[38;5;0m[HTTP]&amp#27;[0m &amp#27;[37m-->&amp#27;[39m &amp#27;[37mGET&amp#27;[39m &amp#27;[37m/session/9315c4cc-a9ab-416e-b9d1-ebafad3e1fd1/context&amp#27;[39m
&amp#27;[38;5;0m[HTTP]&amp#27;[0m {}
&amp#27;[38;5;64m[XCUITestDriver@ab00 (9315c4cc)]&amp#27;[0m Calling AppiumDriver.getCurrentContext() with args: ["9315c4cc-a9ab-416e-b9d1-ebafad3e1fd1"]
&amp#27;[38;5;64m[XCUITestDriver@ab00 (9315c4cc)]&amp#27;[0m Executing command 'getCurrentContext'
&amp#27;[38;5;64m[XCUITestDriver@ab00 (9315c4cc)]&amp#27;[0m Responding to client with driver.getCurrentContext() result: "NATIVE_APP"
&amp#27;[38;5;0m[HTTP]&amp#27;[0m <-- GET /session/9315c4cc-a9ab-416e-b9d1-ebafad3e1fd1/context 200 3 ms - 22
&amp#27;[38;5;0m[HTTP]&amp#27;[0m 
&amp#27;[38;5;0m[HTTP]&amp#27;[0m &amp#27;[37m-->&amp#27;[39m &amp#27;[37mPOST&amp#27;[39m &amp#27;[37m/session/9315c4cc-a9ab-416e-b9d1-ebafad3e1fd1/element&amp#27;[39m
&amp#27;[38;5;0m[HTTP]&amp#27;[0m {"using":"accessibility id","value":"Alert Views"}
&amp#27;[38;5;64m[XCUITestDriver@ab00 (9315c4cc)]&amp#27;[0m Calling AppiumDriver.findElement() with args: ["accessibility id","Alert Views","9315c4cc-a9ab-416e-b9d1-ebafad3e1fd1"]
&amp#27;[38;5;64m[XCUITestDriver@ab00 (9315c4cc)]&amp#27;[0m Executing command 'findElement'
&amp#27;[38;5;64m[XCUITestDriver@ab00 (9315c4cc)]&amp#27;[0m Valid locator strategies for this request: xpath, id, name, class name, -ios predicate string, -ios class chain, accessibility id, css selector
&amp#27;[38;5;64m[XCUITestDriver@ab00 (9315c4cc)]&amp#27;[0m Waiting up to 2300000 ms for condition
&amp#27;[38;5;64m[XCUITestDriver@ab00 (9315c4cc)]&amp#27;[0m Matched '/element' to command name 'findElement'
&amp#27;[38;5;64m[XCUITestDriver@ab00 (9315c4cc)]&amp#27;[0m Proxying [POST /element] to [POST http://127.0.0.1:8100/session/958B9F67-4F00-4316-B32B-AD8DCB1CC8F9/element] with body: {"using":"accessibility id","value":"Alert Views"}
&amp#27;[38;5;64m[XCUITestDriver@ab00 (9315c4cc)]&amp#27;[0m Got response with status 200: {"value":{"ELEMENT":"29000000-0000-0000-1F18-000000000000","element-6066-11e4-a52e-4f735466cecf":"29000000-0000-0000-1F18-000000000000"},"sessionId":"958B9F67-4F00-4316-B32B-AD8DCB1CC8F9"}
&amp#27;[38;5;64m[XCUITestDriver@ab00 (9315c4cc)]&amp#27;[0m Responding to client with driver.findElement() result: {"element-6066-11e4-a52e-4f735466cecf":"29000000-0000-0000-1F18-000000000000","ELEMENT":"29000000-0000-0000-1F18-000000000000"}
&amp#27;[38;5;0m[HTTP]&amp#27;[0m <-- POST /session/9315c4cc-a9ab-416e-b9d1-ebafad3e1fd1/element 200 192 ms - 137
&amp#27;[38;5;0m[HTTP]&amp#27;[0m 
&amp#27;[38;5;0m[HTTP]&amp#27;[0m &amp#27;[37m-->&amp#27;[39m &amp#27;[37mPOST&amp#27;[39m &amp#27;[37m/session/9315c4cc-a9ab-416e-b9d1-ebafad3e1fd1/element/29000000-0000-0000-1F18-000000000000/click&amp#27;[39m
&amp#27;[38;5;0m[HTTP]&amp#27;[0m {"id":"29000000-0000-0000-1F18-000000000000"}
&amp#27;[38;5;64m[XCUITestDriver@ab00 (9315c4cc)]&amp#27;[0m Driver proxy active, passing request on via HTTP proxy
&amp#27;[38;5;64m[XCUITestDriver@ab00 (9315c4cc)]&amp#27;[0m Executing command 'proxyReqRes'
&amp#27;[38;5;64m[XCUITestDriver@ab00 (9315c4cc)]&amp#27;[0m Matched '/session/9315c4cc-a9ab-416e-b9d1-ebafad3e1fd1/element/29000000-0000-0000-1F18-000000000000/click' to command name 'click'
&amp#27;[38;5;64m[XCUITestDriver@ab00 (9315c4cc)]&amp#27;[0m Proxying [POST /session/9315c4cc-a9ab-416e-b9d1-ebafad3e1fd1/element/29000000-0000-0000-1F18-000000000000/click] to [POST http://127.0.0.1:8100/session/958B9F67-4F00-4316-B32B-AD8DCB1CC8F9/element/29000000-0000-0000-1F18-000000000000/click] with body: {"id":"29000000-0000-0000-1F18-000000000000"}
&amp#27;[38;5;64m[XCUITestDriver@ab00 (9315c4cc)]&amp#27;[0m Got response with status 200: {"value":null,"sessionId":"958B9F67-4F00-4316-B32B-AD8DCB1CC8F9"}
&amp#27;[38;5;64m[XCUITestDriver@ab00 (9315c4cc)]&amp#27;[0m Replacing sessionId 958B9F67-4F00-4316-B32B-AD8DCB1CC8F9 with 9315c4cc-a9ab-416e-b9d1-ebafad3e1fd1
&amp#27;[38;5;0m[HTTP]&amp#27;[0m <-- POST /session/9315c4cc-a9ab-416e-b9d1-ebafad3e1fd1/element/29000000-0000-0000-1F18-000000000000/click 200 807 ms - 65
&amp#27;[38;5;0m[HTTP]&amp#27;[0m 
&amp#27;[38;5;0m[HTTP]&amp#27;[0m &amp#27;[37m-->&amp#27;[39m &amp#27;[37mGET&amp#27;[39m &amp#27;[37m/session/9315c4cc-a9ab-416e-b9d1-ebafad3e1fd1/context&amp#27;[39m
&amp#27;[38;5;0m[HTTP]&amp#27;[0m {}
&amp#27;[38;5;64m[XCUITestDriver@ab00 (9315c4cc)]&amp#27;[0m Calling AppiumDriver.getCurrentContext() with args: ["9315c4cc-a9ab-416e-b9d1-ebafad3e1fd1"]
&amp#27;[38;5;64m[XCUITestDriver@ab00 (9315c4cc)]&amp#27;[0m Executing command 'getCurrentContext'
&amp#27;[38;5;64m[XCUITestDriver@ab00 (9315c4cc)]&amp#27;[0m Responding to client with driver.getCurrentContext() result: "NATIVE_APP"
&amp#27;[38;5;0m[HTTP]&amp#27;[0m <-- GET /session/9315c4cc-a9ab-416e-b9d1-ebafad3e1fd1/context 200 6 ms - 22
&amp#27;[38;5;0m[HTTP]&amp#27;[0m 
&amp#27;[38;5;0m[HTTP]&amp#27;[0m &amp#27;[37m-->&amp#27;[39m &amp#27;[37mPOST&amp#27;[39m &amp#27;[37m/session/9315c4cc-a9ab-416e-b9d1-ebafad3e1fd1/element&amp#27;[39m
&amp#27;[38;5;0m[HTTP]&amp#27;[0m {"using":"-ios class chain","value":"**/XCUIElementTypeStaticText[`label == 'Text Entry'`]"}
&amp#27;[38;5;64m[XCUITestDriver@ab00 (9315c4cc)]&amp#27;[0m Calling AppiumDriver.findElement() with args: ["-ios class chain","**/XCUIElementTypeStaticText[`label == 'Text Entry'`]","9315c4cc-a9ab-416e-b9d1-ebafad3e1fd1"]
&amp#27;[38;5;64m[XCUITestDriver@ab00 (9315c4cc)]&amp#27;[0m Executing command 'findElement'
&amp#27;[38;5;64m[XCUITestDriver@ab00 (9315c4cc)]&amp#27;[0m Valid locator strategies for this request: xpath, id, name, class name, -ios predicate string, -ios class chain, accessibility id, css selector
&amp#27;[38;5;64m[XCUITestDriver@ab00 (9315c4cc)]&amp#27;[0m Waiting up to 2300000 ms for condition
&amp#27;[38;5;64m[XCUITestDriver@ab00 (9315c4cc)]&amp#27;[0m Matched '/element' to command name 'findElement'
&amp#27;[38;5;64m[XCUITestDriver@ab00 (9315c4cc)]&amp#27;[0m Proxying [POST /element] to [POST http://127.0.0.1:8100/session/958B9F67-4F00-4316-B32B-AD8DCB1CC8F9/element] with body: {"using":"class chain","value":"**/XCUIElementTypeStaticText[`label == 'Text Entry'`]"}
&amp#27;[38;5;64m[XCUITestDriver@ab00 (9315c4cc)]&amp#27;[0m Got response with status 200: {"value":{"ELEMENT":"BB000000-0000-0000-1F18-000000000000","element-6066-11e4-a52e-4f735466cecf":"BB000000-0000-0000-1F18-000000000000"},"sessionId":"958B9F67-4F00-4316-B32B-AD8DCB1CC8F9"}
&amp#27;[38;5;64m[XCUITestDriver@ab00 (9315c4cc)]&amp#27;[0m Responding to client with driver.findElement() result: {"element-6066-11e4-a52e-4f735466cecf":"BB000000-0000-0000-1F18-000000000000","ELEMENT":"BB000000-0000-0000-1F18-000000000000"}
&amp#27;[38;5;0m[HTTP]&amp#27;[0m <-- POST /session/9315c4cc-a9ab-416e-b9d1-ebafad3e1fd1/element 200 98 ms - 137
&amp#27;[38;5;0m[HTTP]&amp#27;[0m 
&amp#27;[38;5;0m[HTTP]&amp#27;[0m &amp#27;[37m-->&amp#27;[39m &amp#27;[37mPOST&amp#27;[39m &amp#27;[37m/session/9315c4cc-a9ab-416e-b9d1-ebafad3e1fd1/element/BB000000-0000-0000-1F18-000000000000/click&amp#27;[39m
&amp#27;[38;5;0m[HTTP]&amp#27;[0m {"id":"BB000000-0000-0000-1F18-000000000000"}
&amp#27;[38;5;64m[XCUITestDriver@ab00 (9315c4cc)]&amp#27;[0m Driver proxy active, passing request on via HTTP proxy
&amp#27;[38;5;64m[XCUITestDriver@ab00 (9315c4cc)]&amp#27;[0m Executing command 'proxyReqRes'
&amp#27;[38;5;64m[XCUITestDriver@ab00 (9315c4cc)]&amp#27;[0m Matched '/session/9315c4cc-a9ab-416e-b9d1-ebafad3e1fd1/element/BB000000-0000-0000-1F18-000000000000/click' to command name 'click'
&amp#27;[38;5;64m[XCUITestDriver@ab00 (9315c4cc)]&amp#27;[0m Proxying [POST /session/9315c4cc-a9ab-416e-b9d1-ebafad3e1fd1/element/BB000000-0000-0000-1F18-000000000000/click] to [POST http://127.0.0.1:8100/session/958B9F67-4F00-4316-B32B-AD8DCB1CC8F9/element/BB000000-0000-0000-1F18-000000000000/click] with body: {"id":"BB000000-0000-0000-1F18-000000000000"}
&amp#27;[38;5;64m[XCUITestDriver@ab00 (9315c4cc)]&amp#27;[0m Got response with status 200: {"value":null,"sessionId":"958B9F67-4F00-4316-B32B-AD8DCB1CC8F9"}
&amp#27;[38;5;64m[XCUITestDriver@ab00 (9315c4cc)]&amp#27;[0m Replacing sessionId 958B9F67-4F00-4316-B32B-AD8DCB1CC8F9 with 9315c4cc-a9ab-416e-b9d1-ebafad3e1fd1
&amp#27;[38;5;0m[HTTP]&amp#27;[0m <-- POST /session/9315c4cc-a9ab-416e-b9d1-ebafad3e1fd1/element/BB000000-0000-0000-1F18-000000000000/click 200 1383 ms - 65
&amp#27;[38;5;0m[HTTP]&amp#27;[0m 
&amp#27;[38;5;0m[HTTP]&amp#27;[0m &amp#27;[37m-->&amp#27;[39m &amp#27;[37mGET&amp#27;[39m &amp#27;[37m/session/9315c4cc-a9ab-416e-b9d1-ebafad3e1fd1/context&amp#27;[39m
&amp#27;[38;5;0m[HTTP]&amp#27;[0m {}
&amp#27;[38;5;64m[XCUITestDriver@ab00 (9315c4cc)]&amp#27;[0m Calling AppiumDriver.getCurrentContext() with args: ["9315c4cc-a9ab-416e-b9d1-ebafad3e1fd1"]
&amp#27;[38;5;64m[XCUITestDriver@ab00 (9315c4cc)]&amp#27;[0m Executing command 'getCurrentContext'
&amp#27;[38;5;64m[XCUITestDriver@ab00 (9315c4cc)]&amp#27;[0m Responding to client with driver.getCurrentContext() result: "NATIVE_APP"
&amp#27;[38;5;0m[HTTP]&amp#27;[0m <-- GET /session/9315c4cc-a9ab-416e-b9d1-ebafad3e1fd1/context 200 3 ms - 22
&amp#27;[38;5;0m[HTTP]&amp#27;[0m 
&amp#27;[38;5;0m[HTTP]&amp#27;[0m &amp#27;[37m-->&amp#27;[39m &amp#27;[37mPOST&amp#27;[39m &amp#27;[37m/session/9315c4cc-a9ab-416e-b9d1-ebafad3e1fd1/element&amp#27;[39m
&amp#27;[38;5;0m[HTTP]&amp#27;[0m {"using":"-ios class chain","value":"**/XCUIElementTypeCell"}
&amp#27;[38;5;64m[XCUITestDriver@ab00 (9315c4cc)]&amp#27;[0m Calling AppiumDriver.findElement() with args: ["-ios class chain","**/XCUIElementTypeCell","9315c4cc-a9ab-416e-b9d1-ebafad3e1fd1"]
&amp#27;[38;5;64m[XCUITestDriver@ab00 (9315c4cc)]&amp#27;[0m Executing command 'findElement'
&amp#27;[38;5;64m[XCUITestDriver@ab00 (9315c4cc)]&amp#27;[0m Valid locator strategies for this request: xpath, id, name, class name, -ios predicate string, -ios class chain, accessibility id, css selector
&amp#27;[38;5;64m[XCUITestDriver@ab00 (9315c4cc)]&amp#27;[0m Waiting up to 2300000 ms for condition
&amp#27;[38;5;64m[XCUITestDriver@ab00 (9315c4cc)]&amp#27;[0m Matched '/element' to command name 'findElement'
&amp#27;[38;5;64m[XCUITestDriver@ab00 (9315c4cc)]&amp#27;[0m Proxying [POST /element] to [POST http://127.0.0.1:8100/session/958B9F67-4F00-4316-B32B-AD8DCB1CC8F9/element] with body: {"using":"class chain","value":"**/XCUIElementTypeCell"}
&amp#27;[38;5;64m[XCUITestDriver@ab00 (9315c4cc)]&amp#27;[0m Got response with status 200: {"value":{"ELEMENT":"A4000000-0000-0000-1F18-000000000000","element-6066-11e4-a52e-4f735466cecf":"A4000000-0000-0000-1F18-000000000000"},"sessionId":"958B9F67-4F00-4316-B32B-AD8DCB1CC8F9"}
&amp#27;[38;5;64m[XCUITestDriver@ab00 (9315c4cc)]&amp#27;[0m Responding to client with driver.findElement() result: {"element-6066-11e4-a52e-4f735466cecf":"A4000000-0000-0000-1F18-000000000000","ELEMENT":"A4000000-0000-0000-1F18-000000000000"}
&amp#27;[38;5;0m[HTTP]&amp#27;[0m <-- POST /session/9315c4cc-a9ab-416e-b9d1-ebafad3e1fd1/element 200 129 ms - 137
&amp#27;[38;5;0m[HTTP]&amp#27;[0m 
&amp#27;[38;5;0m[HTTP]&amp#27;[0m &amp#27;[37m-->&amp#27;[39m &amp#27;[37mPOST&amp#27;[39m &amp#27;[37m/session/9315c4cc-a9ab-416e-b9d1-ebafad3e1fd1/element/A4000000-0000-0000-1F18-000000000000/value&amp#27;[39m
&amp#27;[38;5;0m[HTTP]&amp#27;[0m {"text":"Hello Himanshu","id":"A4000000-0000-0000-1F18-000000000000","value":["H","e","l","l","o"," ","H","i","m","a","n","s","h","u"]}
&amp#27;[38;5;64m[XCUITestDriver@ab00 (9315c4cc)]&amp#27;[0m Calling AppiumDriver.setValue() with args: [["H","e","l","l","o"," ","H","i","m","a","n","s","h","u"],"A4000000-0000-0000-1F18-000000000000","9315c4cc-a9ab-416e-b9d1-ebafad3e1fd1"]
&amp#27;[38;5;64m[XCUITestDriver@ab00 (9315c4cc)]&amp#27;[0m Executing command 'setValue'
&amp#27;[38;5;64m[XCUITestDriver@ab00 (9315c4cc)]&amp#27;[0m Matched '/element/A4000000-0000-0000-1F18-000000000000/value' to command name 'setValue'
&amp#27;[38;5;64m[XCUITestDriver@ab00 (9315c4cc)]&amp#27;[0m Added 'text' property "Hello Himanshu" to 'setValue' request body
&amp#27;[38;5;64m[XCUITestDriver@ab00 (9315c4cc)]&amp#27;[0m Proxying [POST /element/A4000000-0000-0000-1F18-000000000000/value] to [POST http://127.0.0.1:8100/session/958B9F67-4F00-4316-B32B-AD8DCB1CC8F9/element/A4000000-0000-0000-1F18-000000000000/value] with body: {"value":["H","e","l","l","o"," ","H","i","m","a","n","s","h","u"],"text":"Hello Himanshu"}
&amp#27;[38;5;64m[XCUITestDriver@ab00 (9315c4cc)]&amp#27;[0m Got response with status 200: {"value":null,"sessionId":"958B9F67-4F00-4316-B32B-AD8DCB1CC8F9"}
&amp#27;[38;5;64m[XCUITestDriver@ab00 (9315c4cc)]&amp#27;[0m Responding to client with driver.setValue() result: null
&amp#27;[38;5;0m[HTTP]&amp#27;[0m <-- POST /session/9315c4cc-a9ab-416e-b9d1-ebafad3e1fd1/element/A4000000-0000-0000-1F18-000000000000/value 200 927 ms - 14
&amp#27;[38;5;0m[HTTP]&amp#27;[0m 
&amp#27;[38;5;0m[HTTP]&amp#27;[0m &amp#27;[37m-->&amp#27;[39m &amp#27;[37mGET&amp#27;[39m &amp#27;[37m/session/9315c4cc-a9ab-416e-b9d1-ebafad3e1fd1/context&amp#27;[39m
&amp#27;[38;5;0m[HTTP]&amp#27;[0m {}
&amp#27;[38;5;64m[XCUITestDriver@ab00 (9315c4cc)]&amp#27;[0m Calling AppiumDriver.getCurrentContext() with args: ["9315c4cc-a9ab-416e-b9d1-ebafad3e1fd1"]
&amp#27;[38;5;64m[XCUITestDriver@ab00 (9315c4cc)]&amp#27;[0m Executing command 'getCurrentContext'
&amp#27;[38;5;64m[XCUITestDriver@ab00 (9315c4cc)]&amp#27;[0m Responding to client with driver.getCurrentContext() result: "NATIVE_APP"
&amp#27;[38;5;0m[HTTP]&amp#27;[0m <-- GET /session/9315c4cc-a9ab-416e-b9d1-ebafad3e1fd1/context 200 2 ms - 22
&amp#27;[38;5;0m[HTTP]&amp#27;[0m 
&amp#27;[38;5;0m[HTTP]&amp#27;[0m &amp#27;[37m-->&amp#27;[39m &amp#27;[37mPOST&amp#27;[39m &amp#27;[37m/session/9315c4cc-a9ab-416e-b9d1-ebafad3e1fd1/element&amp#27;[39m
&amp#27;[38;5;0m[HTTP]&amp#27;[0m {"using":"id","value":"OK"}
&amp#27;[38;5;64m[XCUITestDriver@ab00 (9315c4cc)]&amp#27;[0m Calling AppiumDriver.findElement() with args: ["id","OK","9315c4cc-a9ab-416e-b9d1-ebafad3e1fd1"]
&amp#27;[38;5;64m[XCUITestDriver@ab00 (9315c4cc)]&amp#27;[0m Executing command 'findElement'
&amp#27;[38;5;64m[XCUITestDriver@ab00 (9315c4cc)]&amp#27;[0m Valid locator strategies for this request: xpath, id, name, class name, -ios predicate string, -ios class chain, accessibility id, css selector
&amp#27;[38;5;64m[XCUITestDriver@ab00 (9315c4cc)]&amp#27;[0m Waiting up to 2300000 ms for condition
&amp#27;[38;5;64m[XCUITestDriver@ab00 (9315c4cc)]&amp#27;[0m Matched '/element' to command name 'findElement'
&amp#27;[38;5;64m[XCUITestDriver@ab00 (9315c4cc)]&amp#27;[0m Proxying [POST /element] to [POST http://127.0.0.1:8100/session/958B9F67-4F00-4316-B32B-AD8DCB1CC8F9/element] with body: {"using":"id","value":"OK"}
&amp#27;[38;5;64m[XCUITestDriver@ab00 (9315c4cc)]&amp#27;[0m Got response with status 200: {"value":{"ELEMENT":"2C010000-0000-0000-1F18-000000000000","element-6066-11e4-a52e-4f735466cecf":"2C010000-0000-0000-1F18-000000000000"},"sessionId":"958B9F67-4F00-4316-B32B-AD8DCB1CC8F9"}
&amp#27;[38;5;64m[XCUITestDriver@ab00 (9315c4cc)]&amp#27;[0m Responding to client with driver.findElement() result: {"element-6066-11e4-a52e-4f735466cecf":"2C010000-0000-0000-1F18-000000000000","ELEMENT":"2C010000-0000-0000-1F18-000000000000"}
&amp#27;[38;5;0m[HTTP]&amp#27;[0m <-- POST /session/9315c4cc-a9ab-416e-b9d1-ebafad3e1fd1/element 200 139 ms - 137
&amp#27;[38;5;0m[HTTP]&amp#27;[0m 
&amp#27;[38;5;0m[HTTP]&amp#27;[0m &amp#27;[37m-->&amp#27;[39m &amp#27;[37mPOST&amp#27;[39m &amp#27;[37m/session/9315c4cc-a9ab-416e-b9d1-ebafad3e1fd1/element/2C010000-0000-0000-1F18-000000000000/click&amp#27;[39m
&amp#27;[38;5;0m[HTTP]&amp#27;[0m {"id":"2C010000-0000-0000-1F18-000000000000"}
&amp#27;[38;5;64m[XCUITestDriver@ab00 (9315c4cc)]&amp#27;[0m Driver proxy active, passing request on via HTTP proxy
&amp#27;[38;5;64m[XCUITestDriver@ab00 (9315c4cc)]&amp#27;[0m Executing command 'proxyReqRes'
&amp#27;[38;5;64m[XCUITestDriver@ab00 (9315c4cc)]&amp#27;[0m Matched '/session/9315c4cc-a9ab-416e-b9d1-ebafad3e1fd1/element/2C010000-0000-0000-1F18-000000000000/click' to command name 'click'
&amp#27;[38;5;64m[XCUITestDriver@ab00 (9315c4cc)]&amp#27;[0m Proxying [POST /session/9315c4cc-a9ab-416e-b9d1-ebafad3e1fd1/element/2C010000-0000-0000-1F18-000000000000/click] to [POST http://127.0.0.1:8100/session/958B9F67-4F00-4316-B32B-AD8DCB1CC8F9/element/2C010000-0000-0000-1F18-000000000000/click] with body: {"id":"2C010000-0000-0000-1F18-000000000000"}
&amp#27;[38;5;64m[XCUITestDriver@ab00 (9315c4cc)]&amp#27;[0m Got response with status 200: {"value":null,"sessionId":"958B9F67-4F00-4316-B32B-AD8DCB1CC8F9"}
&amp#27;[38;5;64m[XCUITestDriver@ab00 (9315c4cc)]&amp#27;[0m Replacing sessionId 958B9F67-4F00-4316-B32B-AD8DCB1CC8F9 with 9315c4cc-a9ab-416e-b9d1-ebafad3e1fd1
&amp#27;[38;5;0m[HTTP]&amp#27;[0m <-- POST /session/9315c4cc-a9ab-416e-b9d1-ebafad3e1fd1/element/2C010000-0000-0000-1F18-000000000000/click 200 747 ms - 65
&amp#27;[38;5;0m[HTTP]&amp#27;[0m 
&amp#27;[38;5;0m[HTTP]&amp#27;[0m &amp#27;[37m-->&amp#27;[39m &amp#27;[37mGET&amp#27;[39m &amp#27;[37m/session/9315c4cc-a9ab-416e-b9d1-ebafad3e1fd1/context&amp#27;[39m
&amp#27;[38;5;0m[HTTP]&amp#27;[0m {}
&amp#27;[38;5;64m[XCUITestDriver@ab00 (9315c4cc)]&amp#27;[0m Calling AppiumDriver.getCurrentContext() with args: ["9315c4cc-a9ab-416e-b9d1-ebafad3e1fd1"]
&amp#27;[38;5;64m[XCUITestDriver@ab00 (9315c4cc)]&amp#27;[0m Executing command 'getCurrentContext'
&amp#27;[38;5;64m[XCUITestDriver@ab00 (9315c4cc)]&amp#27;[0m Responding to client with driver.getCurrentContext() result: "NATIVE_APP"
&amp#27;[38;5;0m[HTTP]&amp#27;[0m <-- GET /session/9315c4cc-a9ab-416e-b9d1-ebafad3e1fd1/context 200 1 ms - 22
&amp#27;[38;5;0m[HTTP]&amp#27;[0m 
&amp#27;[38;5;0m[HTTP]&amp#27;[0m &amp#27;[37m-->&amp#27;[39m &amp#27;[37mPOST&amp#27;[39m &amp#27;[37m/session/9315c4cc-a9ab-416e-b9d1-ebafad3e1fd1/element&amp#27;[39m
&amp#27;[38;5;0m[HTTP]&amp#27;[0m {"using":"accessibility id","value":"Alert Views"}
&amp#27;[38;5;64m[XCUITestDriver@ab00 (9315c4cc)]&amp#27;[0m Calling AppiumDriver.findElement() with args: ["accessibility id","Alert Views","9315c4cc-a9ab-416e-b9d1-ebafad3e1fd1"]
&amp#27;[38;5;64m[XCUITestDriver@ab00 (9315c4cc)]&amp#27;[0m Executing command 'findElement'
&amp#27;[38;5;64m[XCUITestDriver@ab00 (9315c4cc)]&amp#27;[0m Valid locator strategies for this request: xpath, id, name, class name, -ios predicate string, -ios class chain, accessibility id, css selector
&amp#27;[38;5;64m[XCUITestDriver@ab00 (9315c4cc)]&amp#27;[0m Waiting up to 2300000 ms for condition
&amp#27;[38;5;64m[XCUITestDriver@ab00 (9315c4cc)]&amp#27;[0m Matched '/element' to command name 'findElement'
&amp#27;[38;5;64m[XCUITestDriver@ab00 (9315c4cc)]&amp#27;[0m Proxying [POST /element] to [POST http://127.0.0.1:8100/session/958B9F67-4F00-4316-B32B-AD8DCB1CC8F9/element] with body: {"using":"accessibility id","value":"Alert Views"}
&amp#27;[38;5;64m[XCUITestDriver@ab00 (9315c4cc)]&amp#27;[0m Got response with status 200: {"value":{"ELEMENT":"0A000000-0000-0000-1F18-000000000000","element-6066-11e4-a52e-4f735466cecf":"0A000000-0000-0000-1F18-000000000000"},"sessionId":"958B9F67-4F00-4316-B32B-AD8DCB1CC8F9"}
&amp#27;[38;5;64m[XCUITestDriver@ab00 (9315c4cc)]&amp#27;[0m Responding to client with driver.findElement() result: {"element-6066-11e4-a52e-4f735466cecf":"0A000000-0000-0000-1F18-000000000000","ELEMENT":"0A000000-0000-0000-1F18-000000000000"}
&amp#27;[38;5;0m[HTTP]&amp#27;[0m <-- POST /session/9315c4cc-a9ab-416e-b9d1-ebafad3e1fd1/element 200 79 ms - 137
&amp#27;[38;5;0m[HTTP]&amp#27;[0m 
&amp#27;[38;5;0m[HTTP]&amp#27;[0m &amp#27;[37m-->&amp#27;[39m &amp#27;[37mPOST&amp#27;[39m &amp#27;[37m/session/9315c4cc-a9ab-416e-b9d1-ebafad3e1fd1/element/0A000000-0000-0000-1F18-000000000000/click&amp#27;[39m
&amp#27;[38;5;0m[HTTP]&amp#27;[0m {"id":"0A000000-0000-0000-1F18-000000000000"}
&amp#27;[38;5;64m[XCUITestDriver@ab00 (9315c4cc)]&amp#27;[0m Driver proxy active, passing request on via HTTP proxy
&amp#27;[38;5;64m[XCUITestDriver@ab00 (9315c4cc)]&amp#27;[0m Executing command 'proxyReqRes'
&amp#27;[38;5;64m[XCUITestDriver@ab00 (9315c4cc)]&amp#27;[0m Matched '/session/9315c4cc-a9ab-416e-b9d1-ebafad3e1fd1/element/0A000000-0000-0000-1F18-000000000000/click' to command name 'click'
&amp#27;[38;5;64m[XCUITestDriver@ab00 (9315c4cc)]&amp#27;[0m Proxying [POST /session/9315c4cc-a9ab-416e-b9d1-ebafad3e1fd1/element/0A000000-0000-0000-1F18-000000000000/click] to [POST http://127.0.0.1:8100/session/958B9F67-4F00-4316-B32B-AD8DCB1CC8F9/element/0A000000-0000-0000-1F18-000000000000/click] with body: {"id":"0A000000-0000-0000-1F18-000000000000"}
&amp#27;[38;5;64m[XCUITestDriver@ab00 (9315c4cc)]&amp#27;[0m Got response with status 200: {"value":null,"sessionId":"958B9F67-4F00-4316-B32B-AD8DCB1CC8F9"}
&amp#27;[38;5;64m[XCUITestDriver@ab00 (9315c4cc)]&amp#27;[0m Replacing sessionId 958B9F67-4F00-4316-B32B-AD8DCB1CC8F9 with 9315c4cc-a9ab-416e-b9d1-ebafad3e1fd1
&amp#27;[38;5;0m[HTTP]&amp#27;[0m <-- POST /session/9315c4cc-a9ab-416e-b9d1-ebafad3e1fd1/element/0A000000-0000-0000-1F18-000000000000/click 200 366 ms - 65
&amp#27;[38;5;0m[HTTP]&amp#27;[0m 
&amp#27;[38;5;0m[HTTP]&amp#27;[0m &amp#27;[37m-->&amp#27;[39m &amp#27;[37mGET&amp#27;[39m &amp#27;[37m/session/9315c4cc-a9ab-416e-b9d1-ebafad3e1fd1/context&amp#27;[39m
&amp#27;[38;5;0m[HTTP]&amp#27;[0m {}
&amp#27;[38;5;64m[XCUITestDriver@ab00 (9315c4cc)]&amp#27;[0m Calling AppiumDriver.getCurrentContext() with args: ["9315c4cc-a9ab-416e-b9d1-ebafad3e1fd1"]
&amp#27;[38;5;64m[XCUITestDriver@ab00 (9315c4cc)]&amp#27;[0m Executing command 'getCurrentContext'
&amp#27;[38;5;64m[XCUITestDriver@ab00 (9315c4cc)]&amp#27;[0m Responding to client with driver.getCurrentContext() result: "NATIVE_APP"
&amp#27;[38;5;0m[HTTP]&amp#27;[0m <-- GET /session/9315c4cc-a9ab-416e-b9d1-ebafad3e1fd1/context 200 2 ms - 22
&amp#27;[38;5;0m[HTTP]&amp#27;[0m 
&amp#27;[38;5;0m[HTTP]&amp#27;[0m &amp#27;[37m-->&amp#27;[39m &amp#27;[37mPOST&amp#27;[39m &amp#27;[37m/session/9315c4cc-a9ab-416e-b9d1-ebafad3e1fd1/element&amp#27;[39m
&amp#27;[38;5;0m[HTTP]&amp#27;[0m {"using":"-ios predicate string","value":"type ==  'XCUIElementTypeStaticText' AND value BEGINSWITH[c] 'Confirm'"}
&amp#27;[38;5;64m[XCUITestDriver@ab00 (9315c4cc)]&amp#27;[0m Calling AppiumDriver.findElement() with args: ["-ios predicate string","type ==  'XCUIElementTypeStaticText' AND value BEGINSWITH[c] 'Confirm'","9315c4cc-a9ab-416e-b9d1-ebafad3e1fd1"]
&amp#27;[38;5;64m[XCUITestDriver@ab00 (9315c4cc)]&amp#27;[0m Executing command 'findElement'
&amp#27;[38;5;64m[XCUITestDriver@ab00 (9315c4cc)]&amp#27;[0m Valid locator strategies for this request: xpath, id, name, class name, -ios predicate string, -ios class chain, accessibility id, css selector
&amp#27;[38;5;64m[XCUITestDriver@ab00 (9315c4cc)]&amp#27;[0m Waiting up to 2300000 ms for condition
&amp#27;[38;5;64m[XCUITestDriver@ab00 (9315c4cc)]&amp#27;[0m Matched '/element' to command name 'findElement'
&amp#27;[38;5;64m[XCUITestDriver@ab00 (9315c4cc)]&amp#27;[0m Proxying [POST /element] to [POST http://127.0.0.1:8100/session/958B9F67-4F00-4316-B32B-AD8DCB1CC8F9/element] with body: {"using":"predicate string","value":"type ==  'XCUIElementTypeStaticText' AND value BEGINSWITH[c] 'Confirm'"}
&amp#27;[38;5;64m[XCUITestDriver@ab00 (9315c4cc)]&amp#27;[0m Got response with status 200: {"value":{"ELEMENT":"C5000000-0000-0000-1F18-000000000000","element-6066-11e4-a52e-4f735466cecf":"C5000000-0000-0000-1F18-000000000000"},"sessionId":"958B9F67-4F00-4316-B32B-AD8DCB1CC8F9"}
&amp#27;[38;5;64m[XCUITestDriver@ab00 (9315c4cc)]&amp#27;[0m Responding to client with driver.findElement() result: {"element-6066-11e4-a52e-4f735466cecf":"C5000000-0000-0000-1F18-000000000000","ELEMENT":"C5000000-0000-0000-1F18-000000000000"}
&amp#27;[38;5;0m[HTTP]&amp#27;[0m <-- POST /session/9315c4cc-a9ab-416e-b9d1-ebafad3e1fd1/element 200 99 ms - 137
&amp#27;[38;5;0m[HTTP]&amp#27;[0m 
&amp#27;[38;5;0m[HTTP]&amp#27;[0m &amp#27;[37m-->&amp#27;[39m &amp#27;[37mPOST&amp#27;[39m &amp#27;[37m/session/9315c4cc-a9ab-416e-b9d1-ebafad3e1fd1/element/C5000000-0000-0000-1F18-000000000000/click&amp#27;[39m
&amp#27;[38;5;0m[HTTP]&amp#27;[0m {"id":"C5000000-0000-0000-1F18-000000000000"}
&amp#27;[38;5;64m[XCUITestDriver@ab00 (9315c4cc)]&amp#27;[0m Driver proxy active, passing request on via HTTP proxy
&amp#27;[38;5;64m[XCUITestDriver@ab00 (9315c4cc)]&amp#27;[0m Executing command 'proxyReqRes'
&amp#27;[38;5;64m[XCUITestDriver@ab00 (9315c4cc)]&amp#27;[0m Matched '/session/9315c4cc-a9ab-416e-b9d1-ebafad3e1fd1/element/C5000000-0000-0000-1F18-000000000000/click' to command name 'click'
&amp#27;[38;5;64m[XCUITestDriver@ab00 (9315c4cc)]&amp#27;[0m Proxying [POST /session/9315c4cc-a9ab-416e-b9d1-ebafad3e1fd1/element/C5000000-0000-0000-1F18-000000000000/click] to [POST http://127.0.0.1:8100/session/958B9F67-4F00-4316-B32B-AD8DCB1CC8F9/element/C5000000-0000-0000-1F18-000000000000/click] with body: {"id":"C5000000-0000-0000-1F18-000000000000"}
&amp#27;[38;5;64m[XCUITestDriver@ab00 (9315c4cc)]&amp#27;[0m Got response with status 200: {"value":null,"sessionId":"958B9F67-4F00-4316-B32B-AD8DCB1CC8F9"}
&amp#27;[38;5;64m[XCUITestDriver@ab00 (9315c4cc)]&amp#27;[0m Replacing sessionId 958B9F67-4F00-4316-B32B-AD8DCB1CC8F9 with 9315c4cc-a9ab-416e-b9d1-ebafad3e1fd1
&amp#27;[38;5;0m[HTTP]&amp#27;[0m <-- POST /session/9315c4cc-a9ab-416e-b9d1-ebafad3e1fd1/element/C5000000-0000-0000-1F18-000000000000/click 200 665 ms - 65
&amp#27;[38;5;0m[HTTP]&amp#27;[0m 
&amp#27;[38;5;0m[HTTP]&amp#27;[0m &amp#27;[37m-->&amp#27;[39m &amp#27;[37mGET&amp#27;[39m &amp#27;[37m/session/9315c4cc-a9ab-416e-b9d1-ebafad3e1fd1/context&amp#27;[39m
&amp#27;[38;5;0m[HTTP]&amp#27;[0m {}
&amp#27;[38;5;64m[XCUITestDriver@ab00 (9315c4cc)]&amp#27;[0m Calling AppiumDriver.getCurrentContext() with args: ["9315c4cc-a9ab-416e-b9d1-ebafad3e1fd1"]
&amp#27;[38;5;64m[XCUITestDriver@ab00 (9315c4cc)]&amp#27;[0m Executing command 'getCurrentContext'
&amp#27;[38;5;64m[XCUITestDriver@ab00 (9315c4cc)]&amp#27;[0m Responding to client with driver.getCurrentContext() result: "NATIVE_APP"
&amp#27;[38;5;0m[HTTP]&amp#27;[0m <-- GET /session/9315c4cc-a9ab-416e-b9d1-ebafad3e1fd1/context 200 2 ms - 22
&amp#27;[38;5;0m[HTTP]&amp#27;[0m 
&amp#27;[38;5;0m[HTTP]&amp#27;[0m &amp#27;[37m-->&amp#27;[39m &amp#27;[37mPOST&amp#27;[39m &amp#27;[37m/session/9315c4cc-a9ab-416e-b9d1-ebafad3e1fd1/element&amp#27;[39m
&amp#27;[38;5;0m[HTTP]&amp#27;[0m {"using":"-ios predicate string","value":"type ==  'XCUIElementTypeStaticText' AND value BEGINSWITH[c] 'A message'"}
&amp#27;[38;5;64m[XCUITestDriver@ab00 (9315c4cc)]&amp#27;[0m Calling AppiumDriver.findElement() with args: ["-ios predicate string","type ==  'XCUIElementTypeStaticText' AND value BEGINSWITH[c] 'A message'","9315c4cc-a9ab-416e-b9d1-ebafad3e1fd1"]
&amp#27;[38;5;64m[XCUITestDriver@ab00 (9315c4cc)]&amp#27;[0m Executing command 'findElement'
&amp#27;[38;5;64m[XCUITestDriver@ab00 (9315c4cc)]&amp#27;[0m Valid locator strategies for this request: xpath, id, name, class name, -ios predicate string, -ios class chain, accessibility id, css selector
&amp#27;[38;5;64m[XCUITestDriver@ab00 (9315c4cc)]&amp#27;[0m Waiting up to 2300000 ms for condition
&amp#27;[38;5;64m[XCUITestDriver@ab00 (9315c4cc)]&amp#27;[0m Matched '/element' to command name 'findElement'
&amp#27;[38;5;64m[XCUITestDriver@ab00 (9315c4cc)]&amp#27;[0m Proxying [POST /element] to [POST http://127.0.0.1:8100/session/958B9F67-4F00-4316-B32B-AD8DCB1CC8F9/element] with body: {"using":"predicate string","value":"type ==  'XCUIElementTypeStaticText' AND value BEGINSWITH[c] 'A message'"}
&amp#27;[38;5;64m[XCUITestDriver@ab00 (9315c4cc)]&amp#27;[0m Got response with status 200: {"value":{"ELEMENT":"5F010000-0000-0000-1F18-000000000000","element-6066-11e4-a52e-4f735466cecf":"5F010000-0000-0000-1F18-000000000000"},"sessionId":"958B9F67-4F00-4316-B32B-AD8DCB1CC8F9"}
&amp#27;[38;5;64m[XCUITestDriver@ab00 (9315c4cc)]&amp#27;[0m Responding to client with driver.findElement() result: {"element-6066-11e4-a52e-4f735466cecf":"5F010000-0000-0000-1F18-000000000000","ELEMENT":"5F010000-0000-0000-1F18-000000000000"}
&amp#27;[38;5;0m[HTTP]&amp#27;[0m <-- POST /session/9315c4cc-a9ab-416e-b9d1-ebafad3e1fd1/element 200 126 ms - 137
&amp#27;[38;5;0m[HTTP]&amp#27;[0m 
&amp#27;[38;5;0m[HTTP]&amp#27;[0m &amp#27;[37m-->&amp#27;[39m &amp#27;[37mGET&amp#27;[39m &amp#27;[37m/session/9315c4cc-a9ab-416e-b9d1-ebafad3e1fd1/element/5F010000-0000-0000-1F18-000000000000/text&amp#27;[39m
&amp#27;[38;5;0m[HTTP]&amp#27;[0m {}
&amp#27;[38;5;64m[XCUITestDriver@ab00 (9315c4cc)]&amp#27;[0m Driver proxy active, passing request on via HTTP proxy
&amp#27;[38;5;64m[XCUITestDriver@ab00 (9315c4cc)]&amp#27;[0m Executing command 'proxyReqRes'
&amp#27;[38;5;64m[XCUITestDriver@ab00 (9315c4cc)]&amp#27;[0m Matched '/session/9315c4cc-a9ab-416e-b9d1-ebafad3e1fd1/element/5F010000-0000-0000-1F18-000000000000/text' to command name 'getText'
&amp#27;[38;5;64m[XCUITestDriver@ab00 (9315c4cc)]&amp#27;[0m Proxying [GET /session/9315c4cc-a9ab-416e-b9d1-ebafad3e1fd1/element/5F010000-0000-0000-1F18-000000000000/text] to [GET http://127.0.0.1:8100/session/958B9F67-4F00-4316-B32B-AD8DCB1CC8F9/element/5F010000-0000-0000-1F18-000000000000/text] with no body
&amp#27;[38;5;64m[XCUITestDriver@ab00 (9315c4cc)]&amp#27;[0m Got response with status 200: {"value":"A message should be a short, complete sentence.","sessionId":"958B9F67-4F00-4316-B32B-AD8DCB1CC8F9"}
&amp#27;[38;5;64m[XCUITestDriver@ab00 (9315c4cc)]&amp#27;[0m Replacing sessionId 958B9F67-4F00-4316-B32B-AD8DCB1CC8F9 with 9315c4cc-a9ab-416e-b9d1-ebafad3e1fd1
&amp#27;[38;5;0m[HTTP]&amp#27;[0m <-- GET /session/9315c4cc-a9ab-416e-b9d1-ebafad3e1fd1/element/5F010000-0000-0000-1F18-000000000000/text 200 43 ms - 110
&amp#27;[38;5;0m[HTTP]&amp#27;[0m 
&amp#27;[38;5;0m[HTTP]&amp#27;[0m &amp#27;[37m-->&amp#27;[39m &amp#27;[37mPOST&amp#27;[39m &amp#27;[37m/session/9315c4cc-a9ab-416e-b9d1-ebafad3e1fd1/element&amp#27;[39m
&amp#27;[38;5;0m[HTTP]&amp#27;[0m {"using":"-ios predicate string","value":"label == 'Confirm'"}
&amp#27;[38;5;64m[XCUITestDriver@ab00 (9315c4cc)]&amp#27;[0m Calling AppiumDriver.findElement() with args: ["-ios predicate string","label == 'Confirm'","9315c4cc-a9ab-416e-b9d1-ebafad3e1fd1"]
&amp#27;[38;5;64m[XCUITestDriver@ab00 (9315c4cc)]&amp#27;[0m Executing command 'findElement'
&amp#27;[38;5;64m[XCUITestDriver@ab00 (9315c4cc)]&amp#27;[0m Valid locator strategies for this request: xpath, id, name, class name, -ios predicate string, -ios class chain, accessibility id, css selector
&amp#27;[38;5;64m[XCUITestDriver@ab00 (9315c4cc)]&amp#27;[0m Waiting up to 2300000 ms for condition
&amp#27;[38;5;64m[XCUITestDriver@ab00 (9315c4cc)]&amp#27;[0m Matched '/element' to command name 'findElement'
&amp#27;[38;5;64m[XCUITestDriver@ab00 (9315c4cc)]&amp#27;[0m Proxying [POST /element] to [POST http://127.0.0.1:8100/session/958B9F67-4F00-4316-B32B-AD8DCB1CC8F9/element] with body: {"using":"predicate string","value":"label == 'Confirm'"}
&amp#27;[38;5;64m[XCUITestDriver@ab00 (9315c4cc)]&amp#27;[0m Got response with status 200: {"value":{"ELEMENT":"60010000-0000-0000-1F18-000000000000","element-6066-11e4-a52e-4f735466cecf":"60010000-0000-0000-1F18-000000000000"},"sessionId":"958B9F67-4F00-4316-B32B-AD8DCB1CC8F9"}
&amp#27;[38;5;64m[XCUITestDriver@ab00 (9315c4cc)]&amp#27;[0m Responding to client with driver.findElement() result: {"element-6066-11e4-a52e-4f735466cecf":"60010000-0000-0000-1F18-000000000000","ELEMENT":"60010000-0000-0000-1F18-000000000000"}
&amp#27;[38;5;0m[HTTP]&amp#27;[0m <-- POST /session/9315c4cc-a9ab-416e-b9d1-ebafad3e1fd1/element 200 84 ms - 137
&amp#27;[38;5;0m[HTTP]&amp#27;[0m 
&amp#27;[38;5;0m[HTTP]&amp#27;[0m &amp#27;[37m-->&amp#27;[39m &amp#27;[37mPOST&amp#27;[39m &amp#27;[37m/session/9315c4cc-a9ab-416e-b9d1-ebafad3e1fd1/element/60010000-0000-0000-1F18-000000000000/click&amp#27;[39m
&amp#27;[38;5;0m[HTTP]&amp#27;[0m {"id":"60010000-0000-0000-1F18-000000000000"}
&amp#27;[38;5;64m[XCUITestDriver@ab00 (9315c4cc)]&amp#27;[0m Driver proxy active, passing request on via HTTP proxy
&amp#27;[38;5;64m[XCUITestDriver@ab00 (9315c4cc)]&amp#27;[0m Executing command 'proxyReqRes'
&amp#27;[38;5;64m[XCUITestDriver@ab00 (9315c4cc)]&amp#27;[0m Matched '/session/9315c4cc-a9ab-416e-b9d1-ebafad3e1fd1/element/60010000-0000-0000-1F18-000000000000/click' to command name 'click'
&amp#27;[38;5;64m[XCUITestDriver@ab00 (9315c4cc)]&amp#27;[0m Proxying [POST /session/9315c4cc-a9ab-416e-b9d1-ebafad3e1fd1/element/60010000-0000-0000-1F18-000000000000/click] to [POST http://127.0.0.1:8100/session/958B9F67-4F00-4316-B32B-AD8DCB1CC8F9/element/60010000-0000-0000-1F18-000000000000/click] with body: {"id":"60010000-0000-0000-1F18-000000000000"}
&amp#27;[38;5;64m[XCUITestDriver@ab00 (9315c4cc)]&amp#27;[0m Got response with status 200: {"value":null,"sessionId":"958B9F67-4F00-4316-B32B-AD8DCB1CC8F9"}
&amp#27;[38;5;64m[XCUITestDriver@ab00 (9315c4cc)]&amp#27;[0m Replacing sessionId 958B9F67-4F00-4316-B32B-AD8DCB1CC8F9 with 9315c4cc-a9ab-416e-b9d1-ebafad3e1fd1
&amp#27;[38;5;0m[HTTP]&amp#27;[0m <-- POST /session/9315c4cc-a9ab-416e-b9d1-ebafad3e1fd1/element/60010000-0000-0000-1F18-000000000000/click 200 588 ms - 65
&amp#27;[38;5;0m[HTTP]&amp#27;[0m 
]]></system-out>
  </testcase>
  <testcase name="BasicsTest" classname="org.example.Module.IOSBasicsTest" time="6.964">
    <system-out><![CDATA[&amp#27;[38;5;0m[HTTP]&amp#27;[0m &amp#27;[37m-->&amp#27;[39m &amp#27;[37mGET&amp#27;[39m &amp#27;[37m/status&amp#27;[39m
&amp#27;[38;5;0m[HTTP]&amp#27;[0m {}
&amp#27;[38;5;16m[AppiumDriver@d0d6]&amp#27;[0m Calling AppiumDriver.getStatus() with args: []
&amp#27;[38;5;16m[AppiumDriver@d0d6]&amp#27;[0m Responding to client with driver.getStatus() result: {"ready":true,"message":"The server is ready to accept new connections","build":{"version":"2.6.0"}}
&amp#27;[38;5;0m[HTTP]&amp#27;[0m <-- GET /status 200 1 ms - 110
&amp#27;[38;5;0m[HTTP]&amp#27;[0m 
&amp#27;[38;5;0m[HTTP]&amp#27;[0m Request idempotency key: 49d8b074-77bb-4b64-9d8f-184acf84f3ba
&amp#27;[38;5;0m[HTTP]&amp#27;[0m &amp#27;[37m-->&amp#27;[39m &amp#27;[37mPOST&amp#27;[39m &amp#27;[37m/session&amp#27;[39m
&amp#27;[38;5;0m[HTTP]&amp#27;[0m {"capabilities":{"firstMatch":[{"appium:wdaLaunchTimeout":2300000,"appium:deviceName":"iPhone 12 mini","platformName":"IOS","appium:automationName":"XCuiTest","appium:app":"/Users/punchh_divyanshu/Library/Developer/Xcode/DerivedData/UIKitCatalog-awclvqlxxucovxaxgfhxokvvyzjw/Build/Products/Debug-iphonesimulator/UIKitCatalog.app","appium:platformVersion":"17.5"}]}}
&amp#27;[38;5;16m[AppiumDriver@d0d6]&amp#27;[0m Calling AppiumDriver.createSession() with args: [null,null,{"firstMatch":[{"appium:wdaLaunchTimeout":2300000,"appium:deviceName":"iPhone 12 mini","platformName":"IOS","appium:automationName":"XCuiTest","appium:app":"/Users/punchh_divyanshu/Library/Developer/Xcode/DerivedData/UIKitCatalog-awclvqlxxucovxaxgfhxokvvyzjw/Build/Products/Debug-iphonesimulator/UIKitCatalog.app","appium:platformVersion":"17.5"}]}]
&amp#27;[38;5;16m[AppiumDriver@d0d6]&amp#27;[0m Event 'newSessionRequested' logged at 1727430935062 (15:25:35 GMT+0530 (India Standard Time))
[Appium] Attempting to find matching driver for automationName 'XCuiTest' and platformName 'IOS'
[Appium] The 'xcuitest' driver was installed and matched caps.
[Appium] Will require it at /Users/punchh_divyanshu/node_modules/appium-xcuitest-driver
[Appium] Requiring driver at /Users/punchh_divyanshu/node_modules/appium-xcuitest-driver/build/index.js
&amp#27;[38;5;16m[AppiumDriver@d0d6]&amp#27;[0m Appium v2.6.0 creating new XCUITestDriver (v7.18.0) session
&amp#27;[38;5;16m[AppiumDriver@d0d6]&amp#27;[0m Checking BaseDriver versions for Appium and XCUITestDriver
&amp#27;[38;5;16m[AppiumDriver@d0d6]&amp#27;[0m Appium's BaseDriver version is 9.7.0
&amp#27;[38;5;16m[AppiumDriver@d0d6]&amp#27;[0m XCUITestDriver's BaseDriver version is 9.5.2
&amp#27;[38;5;64m[XCUITestDriver@9a40]&amp#27;[0m Creating session with W3C capabilities: {
&amp#27;[38;5;64m[XCUITestDriver@9a40]&amp#27;[0m   "alwaysMatch": {
&amp#27;[38;5;64m[XCUITestDriver@9a40]&amp#27;[0m     "platformName": "IOS",
&amp#27;[38;5;64m[XCUITestDriver@9a40]&amp#27;[0m     "appium:wdaLaunchTimeout": 2300000,
&amp#27;[38;5;64m[XCUITestDriver@9a40]&amp#27;[0m     "appium:deviceName": "iPhone 12 mini",
&amp#27;[38;5;64m[XCUITestDriver@9a40]&amp#27;[0m     "appium:automationName": "XCuiTest",
&amp#27;[38;5;64m[XCUITestDriver@9a40]&amp#27;[0m     "appium:app": "/Users/punchh_divyanshu/Library/Developer/Xcode/DerivedData/UIKitCatalog-awclvqlxxucovxaxgfhxokvvyzjw/Build/Products/Debug-iphonesimulator/UIKitCatalog.app",
&amp#27;[38;5;64m[XCUITestDriver@9a40]&amp#27;[0m     "appium:platformVersion": "17.5"
&amp#27;[38;5;64m[XCUITestDriver@9a40]&amp#27;[0m   },
&amp#27;[38;5;64m[XCUITestDriver@9a40]&amp#27;[0m   "firstMatch": [
&amp#27;[38;5;64m[XCUITestDriver@9a40]&amp#27;[0m     {}
&amp#27;[38;5;64m[XCUITestDriver@9a40]&amp#27;[0m   ]
&amp#27;[38;5;64m[XCUITestDriver@9a40]&amp#27;[0m }
&amp#27;[38;5;80m[BaseDriver]&amp#27;[0m calendarAccessAuthorized is a deprecated capability
&amp#27;[38;5;80m[BaseDriver]&amp#27;[0m useSimpleBuildTest is a deprecated capability
&amp#27;[38;5;80m[BaseDriver]&amp#27;[0m waitForQuiescence is a deprecated capability
&amp#27;[38;5;80m[BaseDriver]&amp#27;[0m appInstallStrategy is a deprecated capability
&amp#27;[38;5;80m[BaseDriver]&amp#27;[0m calendarAccessAuthorized is a deprecated capability
&amp#27;[38;5;80m[BaseDriver]&amp#27;[0m useSimpleBuildTest is a deprecated capability
&amp#27;[38;5;80m[BaseDriver]&amp#27;[0m waitForQuiescence is a deprecated capability
&amp#27;[38;5;80m[BaseDriver]&amp#27;[0m appInstallStrategy is a deprecated capability
&amp#27;[38;5;80m[BaseDriver]&amp#27;[0m calendarAccessAuthorized is a deprecated capability
&amp#27;[38;5;80m[BaseDriver]&amp#27;[0m useSimpleBuildTest is a deprecated capability
&amp#27;[38;5;80m[BaseDriver]&amp#27;[0m waitForQuiescence is a deprecated capability
&amp#27;[38;5;80m[BaseDriver]&amp#27;[0m appInstallStrategy is a deprecated capability
&amp#27;[38;5;64m[XCUITestDriver@9a40 (9260f4af)]&amp#27;[0m Session created with session id: 9260f4af-a716-46f7-8429-3bd26b412a6d
&amp#27;[38;5;96m[XCUITest]&amp#27;[0m Current user: 'punchh_divyanshu'
&amp#27;[38;5;64m[XCUITestDriver@9a40 (9260f4af)]&amp#27;[0m No real device udid has been provided in capabilities. Will select a matching simulator to run the test.
&amp#27;[38;5;64m[XCUITestDriver@9a40 (9260f4af)]&amp#27;[0m iOS SDK Version set to '17.5'
&amp#27;[38;5;64m[XCUITestDriver@9a40 (9260f4af)]&amp#27;[0m Looking for an existing Simulator with platformName: iOS, platformVersion: 17.5, deviceName: iPhone 12 mini
&amp#27;[38;5;64m[XCUITestDriver@9a40 (9260f4af)]&amp#27;[0m Constructing iOS simulator for Xcode version 15.4 with udid '908A038A-7715-466C-AB2E-241C25D68F2F'
&amp#27;[38;5;64m[XCUITestDriver@9a40 (9260f4af)]&amp#27;[0m Determining device to run tests on: udid: '908A038A-7715-466C-AB2E-241C25D68F2F', real device: false
&amp#27;[38;5;64m[XCUITestDriver@9a40 (9260f4af)]&amp#27;[0m Event 'xcodeDetailsRetrieved' logged at 1727430935243 (15:25:35 GMT+0530 (India Standard Time))
&amp#27;[38;5;80m[BaseDriver]&amp#27;[0m Using local app '/Users/punchh_divyanshu/Library/Developer/Xcode/DerivedData/UIKitCatalog-awclvqlxxucovxaxgfhxokvvyzjw/Build/Products/Debug-iphonesimulator/UIKitCatalog.app'
&amp#27;[38;5;64m[XCUITestDriver@9a40 (9260f4af)]&amp#27;[0m Event 'appConfigured' logged at 1727430935250 (15:25:35 GMT+0530 (India Standard Time))
&amp#27;[38;5;96m[XCUITest]&amp#27;[0m Checking whether app '/Users/punchh_divyanshu/Library/Developer/Xcode/DerivedData/UIKitCatalog-awclvqlxxucovxaxgfhxokvvyzjw/Build/Products/Debug-iphonesimulator/UIKitCatalog.app' is actually present on file system
&amp#27;[38;5;96m[XCUITest]&amp#27;[0m App is present
&amp#27;[38;5;64m[XCUITestDriver@9a40 (9260f4af)]&amp#27;[0m CFBundleIdentifier: "com.example28.apple-samplecode.UICatalog"
&amp#27;[38;5;64m[XCUITestDriver@9a40 (9260f4af)]&amp#27;[0m Event 'resetStarted' logged at 1727430935250 (15:25:35 GMT+0530 (India Standard Time))
&amp#27;[38;5;112m[simctl]&amp#27;[0m Error running 'terminate': An error was encountered processing the command (domain=NSPOSIXErrorDomain, code=3):
Simulator device failed to terminate com.example28.apple-samplecode.UICatalog.
found nothing to terminate
Underlying error (domain=NSPOSIXErrorDomain, code=3):
	The request to terminate "com.example28.apple-samplecode.UICatalog" failed. found nothing to terminate
	found nothing to terminate
&amp#27;[38;5;64m[XCUITestDriver@9a40 (9260f4af)]&amp#27;[0m Reset: failed to terminate Simulator application with id "com.example28.apple-samplecode.UICatalog"
&amp#27;[38;5;64m[XCUITestDriver@9a40 (9260f4af)]&amp#27;[0m Not scrubbing third party app in anticipation of uninstall
&amp#27;[38;5;64m[XCUITestDriver@9a40 (9260f4af)]&amp#27;[0m Event 'resetComplete' logged at 1727430935339 (15:25:35 GMT+0530 (India Standard Time))
&amp#27;[38;5;64m[XCUITestDriver@9a40 (9260f4af)]&amp#27;[0m Using WDA path: '/Users/punchh_divyanshu/node_modules/appium-xcuitest-driver/node_modules/appium-webdriveragent'
&amp#27;[38;5;64m[XCUITestDriver@9a40 (9260f4af)]&amp#27;[0m Using WDA agent: '/Users/punchh_divyanshu/node_modules/appium-xcuitest-driver/node_modules/appium-webdriveragent/WebDriverAgent.xcodeproj'
&amp#27;[38;5;128m[IOSSimulatorLog]&amp#27;[0m Starting log capture for iOS Simulator with udid '908A038A-7715-466C-AB2E-241C25D68F2F' using simctl
&amp#27;[38;5;64m[XCUITestDriver@9a40 (9260f4af)]&amp#27;[0m Event 'logCaptureStarted' logged at 1727430935584 (15:25:35 GMT+0530 (India Standard Time))
&amp#27;[38;5;64m[XCUITestDriver@9a40 (9260f4af)]&amp#27;[0m Setting up simulator
&amp#27;[38;5;64m[XCUITestDriver@9a40 (9260f4af)]&amp#27;[0m Setting preferences of 908A038A-7715-466C-AB2E-241C25D68F2F Simulator to {"ConnectHardwareKeyboard":false}
&amp#27;[38;5;64m[XCUITestDriver@9a40 (9260f4af)]&amp#27;[0m Setting common Simulator preferences to {"RotateWindowWhenSignaledByGuest":true,"StartLastDeviceOnLaunch":false,"DetachOnWindowClose":false,"AttachBootedOnStart":true,"ConnectHardwareKeyboard":false,"PasteboardAutomaticSync":false}
&amp#27;[38;5;64m[XCUITestDriver@9a40 (9260f4af)]&amp#27;[0m Updated 908A038A-7715-466C-AB2E-241C25D68F2F Simulator preferences at '/Users/punchh_divyanshu/Library/Preferences/com.apple.iphonesimulator.plist' with {"RotateWindowWhenSignaledByGuest":true,"StartLastDeviceOnLaunch":false,"DetachOnWindowClose":false,"AttachBootedOnStart":true,"ConnectHardwareKeyboard":false,"PasteboardAutomaticSync":false,"DevicePreferences":{"908A038A-7715-466C-AB2E-241C25D68F2F":{"SimulatorExternalDisplay":2114,"ConnectHardwareKeyboard":false,"ChromeTint":"","SimulatorWindowOrientation":"Portrait","SimulatorWindowRotationAngle":0,"SimulatorWindowGeometry":{"8C1DEAA9-C010-4754-826B-FC534D0BEC39":{"WindowCenter":"{719.5, 465.5}","WindowScale":0.9065533980582524}}}}}
&amp#27;[35m[Appium]&amp#27;[39m Welcome to Appium v2.6.0
&amp#27;[35m[Appium]&amp#27;[39m Non-default server args:
&amp#27;[35m[Appium]&amp#27;[39m { address: &amp#27;[32m'127.0.0.1'&amp#27;[39m }
&amp#27;[35m[Appium]&amp#27;[39m The autodetected Appium home path: /Users/punchh_divyanshu
&amp#27;[35m[Appium]&amp#27;[39m Attempting to load driver uiautomator2...
&amp#27;[35m[Appium]&amp#27;[39m Attempting to load driver xcuitest...
&amp#27;[35m[Appium]&amp#27;[39m Requiring driver at /Users/punchh_divyanshu/node_modules/appium-xcuitest-driver/build/index.js
&amp#27;[35m[Appium]&amp#27;[39m Requiring driver at /Users/punchh_divyanshu/node_modules/appium-uiautomator2-driver/build/index.js
&amp#27;[38;5;64m[XCUITestDriver@9a40 (9260f4af)]&amp#27;[0m Got Simulator UI client PID: 90828
&amp#27;[38;5;64m[XCUITestDriver@9a40 (9260f4af)]&amp#27;[0m Both Simulator with UDID '908A038A-7715-466C-AB2E-241C25D68F2F' and the UI client are currently running
&amp#27;[38;5;64m[XCUITestDriver@9a40 (9260f4af)]&amp#27;[0m Event 'simStarted' logged at 1727430935718 (15:25:35 GMT+0530 (India Standard Time))
&amp#27;[38;5;64m[XCUITestDriver@9a40 (9260f4af)]&amp#27;[0m Verifying application platform
&amp#27;[38;5;64m[XCUITestDriver@9a40 (9260f4af)]&amp#27;[0m CFBundleSupportedPlatforms: ["iPhoneSimulator"]
&amp#27;[38;5;64m[XCUITestDriver@9a40 (9260f4af)]&amp#27;[0m CFBundleExecutable: "UIKitCatalog"
&amp#27;[38;5;64m[XCUITestDriver@9a40 (9260f4af)]&amp#27;[0m /Users/punchh_divyanshu/Library/Developer/Xcode/DerivedData/UIKitCatalog-awclvqlxxucovxaxgfhxokvvyzjw/Build/Products/Debug-iphonesimulator/UIKitCatalog.app/UIKitCatalog: Mach-O 64-bit executable arm64
&amp#27;[38;5;64m[XCUITestDriver@9a40 (9260f4af)]&amp#27;[0m App 'com.example28.apple-samplecode.UICatalog' is already installed
&amp#27;[38;5;64m[XCUITestDriver@9a40 (9260f4af)]&amp#27;[0m Reset requested. Removing app with id 'com.example28.apple-samplecode.UICatalog' from the device
&amp#27;[38;5;64m[XCUITestDriver@9a40 (9260f4af)]&amp#27;[0m Installing '/Users/punchh_divyanshu/Library/Developer/Xcode/DerivedData/UIKitCatalog-awclvqlxxucovxaxgfhxokvvyzjw/Build/Products/Debug-iphonesimulator/UIKitCatalog.app' on Simulator with UUID '908A038A-7715-466C-AB2E-241C25D68F2F'...
&amp#27;[38;5;64m[XCUITestDriver@9a40 (9260f4af)]&amp#27;[0m The app has been successfully installed in 406ms
&amp#27;[38;5;64m[XCUITestDriver@9a40 (9260f4af)]&amp#27;[0m Event 'appInstalled' logged at 1727430936631 (15:25:36 GMT+0530 (India Standard Time))
&amp#27;[38;5;64m[XCUITestDriver@9a40 (9260f4af)]&amp#27;[0m Parsed BUILD_DIR configuration value: '/Users/punchh_divyanshu/Library/Developer/Xcode/DerivedData/WebDriverAgent-cjacsydrzqxbziajsmlahvesclrf/Build/Products'
&amp#27;[38;5;64m[XCUITestDriver@9a40 (9260f4af)]&amp#27;[0m Got derived data root: '/Users/punchh_divyanshu/Library/Developer/Xcode/DerivedData/WebDriverAgent-cjacsydrzqxbziajsmlahvesclrf'
&amp#27;[38;5;64m[XCUITestDriver@9a40 (9260f4af)]&amp#27;[0m No obsolete cached processes from previous WDA sessions listening on port 8100 have been found
&amp#27;[38;5;144m[DevCon Factory]&amp#27;[0m Requesting connection for device 908A038A-7715-466C-AB2E-241C25D68F2F on local port 8100
&amp#27;[38;5;144m[DevCon Factory]&amp#27;[0m Cached connections count: 0
&amp#27;[38;5;144m[DevCon Factory]&amp#27;[0m Successfully requested the connection for 908A038A-7715-466C-AB2E-241C25D68F2F:8100
&amp#27;[38;5;64m[XCUITestDriver@9a40 (9260f4af)]&amp#27;[0m Starting WebDriverAgent initialization with the synchronization key 'XCUITestDriver'
&amp#27;[38;5;160m[WD Proxy]&amp#27;[0m Matched '/status' to command name 'getStatus'
&amp#27;[38;5;160m[WD Proxy]&amp#27;[0m Proxying [GET /status] to [GET http://127.0.0.1:8100/status] with no body
&amp#27;[38;5;160m[WD Proxy]&amp#27;[0m Got response with status 200: {"value":{"build":{"upgradedAt":"1719214412139","version":"8.7.4","time":"Sep 23 2024 09:50:51","productBundleIdentifier":"com.facebook.WebDriverAgentRunner"},"os":{"testmanagerdVersion":65535,"name":"iOS","sdkVersion":"17.4","version":"17.5"},"device":"iphone","ios":{"simulatorVersion":"17.5","ip":"192.168.1.5"},"message":"WebDriverAgent is ready to accept commands","state":"success","ready":true},"sessionId":null}
&amp#27;[38;5;64m[XCUITestDriver@9a40 (9260f4af)]&amp#27;[0m Upgrade timestamp of the currently bundled WDA: 1719214412139
&amp#27;[38;5;64m[XCUITestDriver@9a40 (9260f4af)]&amp#27;[0m Upgrade timestamp of the WDA on the device: 1719214412139
&amp#27;[38;5;64m[XCUITestDriver@9a40 (9260f4af)]&amp#27;[0m Will reuse previously cached WDA instance at 'http://127.0.0.1:8100/' with 'com.facebook.WebDriverAgentRunner'. Set the wdaLocalPort capability to a value different from 8100 if this is an undesired behavior.
&amp#27;[38;5;64m[XCUITestDriver@9a40 (9260f4af)]&amp#27;[0m Trying to start WebDriverAgent 2 times with 10000ms interval
&amp#27;[38;5;64m[XCUITestDriver@9a40 (9260f4af)]&amp#27;[0m These values can be customized by changing wdaStartupRetries/wdaStartupRetryInterval capabilities
&amp#27;[38;5;64m[XCUITestDriver@9a40 (9260f4af)]&amp#27;[0m Event 'wdaStartAttempted' logged at 1727430936694 (15:25:36 GMT+0530 (India Standard Time))
&amp#27;[38;5;64m[XCUITestDriver@9a40 (9260f4af)]&amp#27;[0m Using provided WebdriverAgent at 'http://127.0.0.1:8100/'
&amp#27;[38;5;160m[WD Proxy]&amp#27;[0m Matched '/status' to command name 'getStatus'
&amp#27;[38;5;160m[WD Proxy]&amp#27;[0m Proxying [GET /status] to [GET http://127.0.0.1:8100/status] with no body
&amp#27;[38;5;160m[WD Proxy]&amp#27;[0m Got response with status 200: {"value":{"build":{"upgradedAt":"1719214412139","version":"8.7.4","time":"Sep 23 2024 09:50:51","productBundleIdentifier":"com.facebook.WebDriverAgentRunner"},"os":{"testmanagerdVersion":65535,"name":"iOS","sdkVersion":"17.4","version":"17.5"},"device":"iphone","ios":{"simulatorVersion":"17.5","ip":"192.168.1.5"},"message":"WebDriverAgent is ready to accept commands","state":"success","ready":true},"sessionId":null}
&amp#27;[38;5;64m[XCUITestDriver@9a40 (9260f4af)]&amp#27;[0m Event 'wdaSessionAttempted' logged at 1727430936703 (15:25:36 GMT+0530 (India Standard Time))
&amp#27;[38;5;64m[XCUITestDriver@9a40 (9260f4af)]&amp#27;[0m Sending createSession command to WDA
&amp#27;[38;5;64m[XCUITestDriver@9a40 (9260f4af)]&amp#27;[0m Matched '/session' to command name 'createSession'
&amp#27;[38;5;64m[XCUITestDriver@9a40 (9260f4af)]&amp#27;[0m Proxying [POST /session] to [POST http://127.0.0.1:8100/session] with body: {"capabilities":{"firstMatch":[{"bundleId":"com.example28.apple-samplecode.UICatalog","arguments":[],"environment":{},"eventloopIdleDelaySec":0,"shouldWaitForQuiescence":true,"shouldUseTestManagerForVisibilityDetection":false,"maxTypingFrequency":60,"shouldUseSingletonTestManager":true,"shouldTerminateApp":true,"forceAppLaunch":true,"useNativeCachingStrategy":true,"forceSimulatorSoftwareKeyboardPresence":true}],"alwaysMatch":{}}}
[Appium] XCUITestDriver has been successfully loaded in 2.038s
[Appium] AndroidUiautomator2Driver has been successfully loaded in 2.039s
&amp#27;[38;5;0m[HTTP]&amp#27;[0m Could not start REST http interface listener. The requested port may already be in use. Please make sure there is no other instance of this server running already.
[Appium] Could not configure Appium server. It's possible that a driver or plugin tried to update the server and failed. Original error: listen EADDRINUSE: address already in use 127.0.0.1:4723
[Appium] Error: listen EADDRINUSE: address already in use 127.0.0.1:4723
[Appium]     at Server.setupListenHandle [as _listen2] (node:net:1740:16)
[Appium]     at listenInCluster (node:net:1788:12)
[Appium]     at doListen (node:net:1937:7)
[Appium]     at processTicksAndRejections (node:internal/process/task_queues:83:21)
&amp#27;[38;5;64m[XCUITestDriver@9a40 (9260f4af)]&amp#27;[0m Got response with status 200: {"value":{"sessionId":"91B54024-A7AB-42F1-B1E5-19D45140936D","capabilities":{"sdkVersion":"17.5","device":"iphone"}},"sessionId":"91B54024-A7AB-42F1-B1E5-19D45140936D"}
&amp#27;[38;5;64m[XCUITestDriver@9a40 (9260f4af)]&amp#27;[0m Determined the downstream protocol as 'W3C'
&amp#27;[38;5;64m[XCUITestDriver@9a40 (9260f4af)]&amp#27;[0m WDA session startup took 1550ms
&amp#27;[38;5;64m[XCUITestDriver@9a40 (9260f4af)]&amp#27;[0m Event 'wdaSessionStarted' logged at 1727430938255 (15:25:38 GMT+0530 (India Standard Time))
&amp#27;[38;5;64m[XCUITestDriver@9a40 (9260f4af)]&amp#27;[0m Event 'wdaStarted' logged at 1727430938255 (15:25:38 GMT+0530 (India Standard Time))
&amp#27;[38;5;80m[BaseDriver]&amp#27;[0m The value of 'elementResponseAttributes' setting did not change. Skipping the update for it
&amp#27;[38;5;80m[BaseDriver]&amp#27;[0m The value of 'shouldUseCompactResponses' setting did not change. Skipping the update for it
&amp#27;[38;5;16m[AppiumDriver@d0d6]&amp#27;[0m New XCUITestDriver session created successfully, session 9260f4af-a716-46f7-8429-3bd26b412a6d added to master session list
&amp#27;[38;5;16m[AppiumDriver@d0d6]&amp#27;[0m Event 'newSessionStarted' logged at 1727430938256 (15:25:38 GMT+0530 (India Standard Time))
&amp#27;[38;5;64m[XCUITestDriver@9a40 (9260f4af)]&amp#27;[0m Cached the protocol value 'W3C' for the new session 9260f4af-a716-46f7-8429-3bd26b412a6d
&amp#27;[38;5;64m[XCUITestDriver@9a40 (9260f4af)]&amp#27;[0m Responding to client with driver.createSession() result: {"capabilities":{"webStorageEnabled":false,"locationContextEnabled":false,"browserName":"","platform":"MAC","javascriptEnabled":true,"databaseEnabled":false,"takesScreenshot":true,"networkConnectionEnabled":false,"platformName":"IOS","wdaLaunchTimeout":2300000,"deviceName":"iPhone 12 mini","automationName":"XCuiTest","app":"/Users/punchh_divyanshu/Library/Developer/Xcode/DerivedData/UIKitCatalog-awclvqlxxucovxaxgfhxokvvyzjw/Build/Products/Debug-iphonesimulator/UIKitCatalog.app","platformVersion":"17.5","udid":"908A038A-7715-466C-AB2E-241C25D68F2F"}}
&amp#27;[38;5;0m[HTTP]&amp#27;[0m <-- POST /session 200 3196 ms - 616
&amp#27;[38;5;0m[HTTP]&amp#27;[0m 
&amp#27;[38;5;0m[HTTP]&amp#27;[0m &amp#27;[37m-->&amp#27;[39m &amp#27;[37mPOST&amp#27;[39m &amp#27;[37m/session/9260f4af-a716-46f7-8429-3bd26b412a6d/timeouts&amp#27;[39m
&amp#27;[38;5;0m[HTTP]&amp#27;[0m {"implicit":2300000}
&amp#27;[38;5;64m[XCUITestDriver@9a40 (9260f4af)]&amp#27;[0m Calling AppiumDriver.timeouts() with args: [null,null,null,null,2300000,"9260f4af-a716-46f7-8429-3bd26b412a6d"]
&amp#27;[38;5;64m[XCUITestDriver@9a40 (9260f4af)]&amp#27;[0m Executing command 'timeouts'
&amp#27;[38;5;64m[XCUITestDriver@9a40 (9260f4af)]&amp#27;[0m W3C timeout argument: {"implicit":2300000}}
&amp#27;[38;5;64m[XCUITestDriver@9a40 (9260f4af)]&amp#27;[0m Set implicit wait to 2300000ms
&amp#27;[38;5;64m[XCUITestDriver@9a40 (9260f4af)]&amp#27;[0m Responding to client with driver.timeouts() result: null
&amp#27;[38;5;0m[HTTP]&amp#27;[0m <-- POST /session/9260f4af-a716-46f7-8429-3bd26b412a6d/timeouts 200 2 ms - 14
&amp#27;[38;5;0m[HTTP]&amp#27;[0m 
&amp#27;[38;5;0m[HTTP]&amp#27;[0m &amp#27;[37m-->&amp#27;[39m &amp#27;[37mGET&amp#27;[39m &amp#27;[37m/session/9260f4af-a716-46f7-8429-3bd26b412a6d/context&amp#27;[39m
&amp#27;[38;5;0m[HTTP]&amp#27;[0m {}
&amp#27;[38;5;64m[XCUITestDriver@9a40 (9260f4af)]&amp#27;[0m Calling AppiumDriver.getCurrentContext() with args: ["9260f4af-a716-46f7-8429-3bd26b412a6d"]
&amp#27;[38;5;64m[XCUITestDriver@9a40 (9260f4af)]&amp#27;[0m Executing command 'getCurrentContext'
&amp#27;[38;5;64m[XCUITestDriver@9a40 (9260f4af)]&amp#27;[0m Responding to client with driver.getCurrentContext() result: "NATIVE_APP"
&amp#27;[38;5;0m[HTTP]&amp#27;[0m <-- GET /session/9260f4af-a716-46f7-8429-3bd26b412a6d/context 200 1 ms - 22
&amp#27;[38;5;0m[HTTP]&amp#27;[0m 
&amp#27;[38;5;0m[HTTP]&amp#27;[0m &amp#27;[37m-->&amp#27;[39m &amp#27;[37mPOST&amp#27;[39m &amp#27;[37m/session/9260f4af-a716-46f7-8429-3bd26b412a6d/element&amp#27;[39m
&amp#27;[38;5;0m[HTTP]&amp#27;[0m {"using":"accessibility id","value":"Alert Views"}
&amp#27;[38;5;64m[XCUITestDriver@9a40 (9260f4af)]&amp#27;[0m Calling AppiumDriver.findElement() with args: ["accessibility id","Alert Views","9260f4af-a716-46f7-8429-3bd26b412a6d"]
&amp#27;[38;5;64m[XCUITestDriver@9a40 (9260f4af)]&amp#27;[0m Executing command 'findElement'
&amp#27;[38;5;64m[XCUITestDriver@9a40 (9260f4af)]&amp#27;[0m Valid locator strategies for this request: xpath, id, name, class name, -ios predicate string, -ios class chain, accessibility id, css selector
&amp#27;[38;5;64m[XCUITestDriver@9a40 (9260f4af)]&amp#27;[0m Waiting up to 2300000 ms for condition
&amp#27;[38;5;64m[XCUITestDriver@9a40 (9260f4af)]&amp#27;[0m Matched '/element' to command name 'findElement'
&amp#27;[38;5;64m[XCUITestDriver@9a40 (9260f4af)]&amp#27;[0m Proxying [POST /element] to [POST http://127.0.0.1:8100/session/91B54024-A7AB-42F1-B1E5-19D45140936D/element] with body: {"using":"accessibility id","value":"Alert Views"}
&amp#27;[38;5;64m[XCUITestDriver@9a40 (9260f4af)]&amp#27;[0m Got response with status 200: {"value":{"ELEMENT":"29000000-0000-0000-7D19-000000000000","element-6066-11e4-a52e-4f735466cecf":"29000000-0000-0000-7D19-000000000000"},"sessionId":"91B54024-A7AB-42F1-B1E5-19D45140936D"}
&amp#27;[38;5;64m[XCUITestDriver@9a40 (9260f4af)]&amp#27;[0m Responding to client with driver.findElement() result: {"element-6066-11e4-a52e-4f735466cecf":"29000000-0000-0000-7D19-000000000000","ELEMENT":"29000000-0000-0000-7D19-000000000000"}
&amp#27;[38;5;0m[HTTP]&amp#27;[0m <-- POST /session/9260f4af-a716-46f7-8429-3bd26b412a6d/element 200 194 ms - 137
&amp#27;[38;5;0m[HTTP]&amp#27;[0m 
&amp#27;[38;5;0m[HTTP]&amp#27;[0m &amp#27;[37m-->&amp#27;[39m &amp#27;[37mPOST&amp#27;[39m &amp#27;[37m/session/9260f4af-a716-46f7-8429-3bd26b412a6d/element/29000000-0000-0000-7D19-000000000000/click&amp#27;[39m
&amp#27;[38;5;0m[HTTP]&amp#27;[0m {"id":"29000000-0000-0000-7D19-000000000000"}
&amp#27;[38;5;64m[XCUITestDriver@9a40 (9260f4af)]&amp#27;[0m Driver proxy active, passing request on via HTTP proxy
&amp#27;[38;5;64m[XCUITestDriver@9a40 (9260f4af)]&amp#27;[0m Executing command 'proxyReqRes'
&amp#27;[38;5;64m[XCUITestDriver@9a40 (9260f4af)]&amp#27;[0m Matched '/session/9260f4af-a716-46f7-8429-3bd26b412a6d/element/29000000-0000-0000-7D19-000000000000/click' to command name 'click'
&amp#27;[38;5;64m[XCUITestDriver@9a40 (9260f4af)]&amp#27;[0m Proxying [POST /session/9260f4af-a716-46f7-8429-3bd26b412a6d/element/29000000-0000-0000-7D19-000000000000/click] to [POST http://127.0.0.1:8100/session/91B54024-A7AB-42F1-B1E5-19D45140936D/element/29000000-0000-0000-7D19-000000000000/click] with body: {"id":"29000000-0000-0000-7D19-000000000000"}
&amp#27;[38;5;64m[XCUITestDriver@9a40 (9260f4af)]&amp#27;[0m Got response with status 200: {"value":null,"sessionId":"91B54024-A7AB-42F1-B1E5-19D45140936D"}
&amp#27;[38;5;64m[XCUITestDriver@9a40 (9260f4af)]&amp#27;[0m Replacing sessionId 91B54024-A7AB-42F1-B1E5-19D45140936D with 9260f4af-a716-46f7-8429-3bd26b412a6d
&amp#27;[38;5;0m[HTTP]&amp#27;[0m <-- POST /session/9260f4af-a716-46f7-8429-3bd26b412a6d/element/29000000-0000-0000-7D19-000000000000/click 200 985 ms - 65
&amp#27;[38;5;0m[HTTP]&amp#27;[0m 
&amp#27;[38;5;0m[HTTP]&amp#27;[0m &amp#27;[37m-->&amp#27;[39m &amp#27;[37mGET&amp#27;[39m &amp#27;[37m/session/9260f4af-a716-46f7-8429-3bd26b412a6d/context&amp#27;[39m
&amp#27;[38;5;0m[HTTP]&amp#27;[0m {}
&amp#27;[38;5;64m[XCUITestDriver@9a40 (9260f4af)]&amp#27;[0m Calling AppiumDriver.getCurrentContext() with args: ["9260f4af-a716-46f7-8429-3bd26b412a6d"]
&amp#27;[38;5;64m[XCUITestDriver@9a40 (9260f4af)]&amp#27;[0m Executing command 'getCurrentContext'
&amp#27;[38;5;64m[XCUITestDriver@9a40 (9260f4af)]&amp#27;[0m Responding to client with driver.getCurrentContext() result: "NATIVE_APP"
&amp#27;[38;5;0m[HTTP]&amp#27;[0m <-- GET /session/9260f4af-a716-46f7-8429-3bd26b412a6d/context 200 2 ms - 22
&amp#27;[38;5;0m[HTTP]&amp#27;[0m 
&amp#27;[38;5;0m[HTTP]&amp#27;[0m &amp#27;[37m-->&amp#27;[39m &amp#27;[37mPOST&amp#27;[39m &amp#27;[37m/session/9260f4af-a716-46f7-8429-3bd26b412a6d/element&amp#27;[39m
&amp#27;[38;5;0m[HTTP]&amp#27;[0m {"using":"-ios class chain","value":"**/XCUIElementTypeStaticText[`label == 'Text Entry'`]"}
&amp#27;[38;5;64m[XCUITestDriver@9a40 (9260f4af)]&amp#27;[0m Calling AppiumDriver.findElement() with args: ["-ios class chain","**/XCUIElementTypeStaticText[`label == 'Text Entry'`]","9260f4af-a716-46f7-8429-3bd26b412a6d"]
&amp#27;[38;5;64m[XCUITestDriver@9a40 (9260f4af)]&amp#27;[0m Executing command 'findElement'
&amp#27;[38;5;64m[XCUITestDriver@9a40 (9260f4af)]&amp#27;[0m Valid locator strategies for this request: xpath, id, name, class name, -ios predicate string, -ios class chain, accessibility id, css selector
&amp#27;[38;5;64m[XCUITestDriver@9a40 (9260f4af)]&amp#27;[0m Waiting up to 2300000 ms for condition
&amp#27;[38;5;64m[XCUITestDriver@9a40 (9260f4af)]&amp#27;[0m Matched '/element' to command name 'findElement'
&amp#27;[38;5;64m[XCUITestDriver@9a40 (9260f4af)]&amp#27;[0m Proxying [POST /element] to [POST http://127.0.0.1:8100/session/91B54024-A7AB-42F1-B1E5-19D45140936D/element] with body: {"using":"class chain","value":"**/XCUIElementTypeStaticText[`label == 'Text Entry'`]"}
&amp#27;[38;5;64m[XCUITestDriver@9a40 (9260f4af)]&amp#27;[0m Got response with status 200: {"value":{"ELEMENT":"BB000000-0000-0000-7D19-000000000000","element-6066-11e4-a52e-4f735466cecf":"BB000000-0000-0000-7D19-000000000000"},"sessionId":"91B54024-A7AB-42F1-B1E5-19D45140936D"}
&amp#27;[38;5;64m[XCUITestDriver@9a40 (9260f4af)]&amp#27;[0m Responding to client with driver.findElement() result: {"element-6066-11e4-a52e-4f735466cecf":"BB000000-0000-0000-7D19-000000000000","ELEMENT":"BB000000-0000-0000-7D19-000000000000"}
&amp#27;[38;5;0m[HTTP]&amp#27;[0m <-- POST /session/9260f4af-a716-46f7-8429-3bd26b412a6d/element 200 91 ms - 137
&amp#27;[38;5;0m[HTTP]&amp#27;[0m 
&amp#27;[38;5;0m[HTTP]&amp#27;[0m &amp#27;[37m-->&amp#27;[39m &amp#27;[37mPOST&amp#27;[39m &amp#27;[37m/session/9260f4af-a716-46f7-8429-3bd26b412a6d/element/BB000000-0000-0000-7D19-000000000000/click&amp#27;[39m
&amp#27;[38;5;0m[HTTP]&amp#27;[0m {"id":"BB000000-0000-0000-7D19-000000000000"}
&amp#27;[38;5;64m[XCUITestDriver@9a40 (9260f4af)]&amp#27;[0m Driver proxy active, passing request on via HTTP proxy
&amp#27;[38;5;64m[XCUITestDriver@9a40 (9260f4af)]&amp#27;[0m Executing command 'proxyReqRes'
&amp#27;[38;5;64m[XCUITestDriver@9a40 (9260f4af)]&amp#27;[0m Matched '/session/9260f4af-a716-46f7-8429-3bd26b412a6d/element/BB000000-0000-0000-7D19-000000000000/click' to command name 'click'
&amp#27;[38;5;64m[XCUITestDriver@9a40 (9260f4af)]&amp#27;[0m Proxying [POST /session/9260f4af-a716-46f7-8429-3bd26b412a6d/element/BB000000-0000-0000-7D19-000000000000/click] to [POST http://127.0.0.1:8100/session/91B54024-A7AB-42F1-B1E5-19D45140936D/element/BB000000-0000-0000-7D19-000000000000/click] with body: {"id":"BB000000-0000-0000-7D19-000000000000"}
&amp#27;[38;5;64m[XCUITestDriver@9a40 (9260f4af)]&amp#27;[0m Got response with status 200: {"value":null,"sessionId":"91B54024-A7AB-42F1-B1E5-19D45140936D"}
&amp#27;[38;5;64m[XCUITestDriver@9a40 (9260f4af)]&amp#27;[0m Replacing sessionId 91B54024-A7AB-42F1-B1E5-19D45140936D with 9260f4af-a716-46f7-8429-3bd26b412a6d
&amp#27;[38;5;0m[HTTP]&amp#27;[0m <-- POST /session/9260f4af-a716-46f7-8429-3bd26b412a6d/element/BB000000-0000-0000-7D19-000000000000/click 200 841 ms - 65
&amp#27;[38;5;0m[HTTP]&amp#27;[0m 
&amp#27;[38;5;0m[HTTP]&amp#27;[0m &amp#27;[37m-->&amp#27;[39m &amp#27;[37mGET&amp#27;[39m &amp#27;[37m/session/9260f4af-a716-46f7-8429-3bd26b412a6d/context&amp#27;[39m
&amp#27;[38;5;0m[HTTP]&amp#27;[0m {}
&amp#27;[38;5;64m[XCUITestDriver@9a40 (9260f4af)]&amp#27;[0m Calling AppiumDriver.getCurrentContext() with args: ["9260f4af-a716-46f7-8429-3bd26b412a6d"]
&amp#27;[38;5;64m[XCUITestDriver@9a40 (9260f4af)]&amp#27;[0m Executing command 'getCurrentContext'
&amp#27;[38;5;64m[XCUITestDriver@9a40 (9260f4af)]&amp#27;[0m Responding to client with driver.getCurrentContext() result: "NATIVE_APP"
&amp#27;[38;5;0m[HTTP]&amp#27;[0m <-- GET /session/9260f4af-a716-46f7-8429-3bd26b412a6d/context 200 3 ms - 22
&amp#27;[38;5;0m[HTTP]&amp#27;[0m 
&amp#27;[38;5;0m[HTTP]&amp#27;[0m &amp#27;[37m-->&amp#27;[39m &amp#27;[37mPOST&amp#27;[39m &amp#27;[37m/session/9260f4af-a716-46f7-8429-3bd26b412a6d/element&amp#27;[39m
&amp#27;[38;5;0m[HTTP]&amp#27;[0m {"using":"-ios class chain","value":"**/XCUIElementTypeCell"}
&amp#27;[38;5;64m[XCUITestDriver@9a40 (9260f4af)]&amp#27;[0m Calling AppiumDriver.findElement() with args: ["-ios class chain","**/XCUIElementTypeCell","9260f4af-a716-46f7-8429-3bd26b412a6d"]
&amp#27;[38;5;64m[XCUITestDriver@9a40 (9260f4af)]&amp#27;[0m Executing command 'findElement'
&amp#27;[38;5;64m[XCUITestDriver@9a40 (9260f4af)]&amp#27;[0m Valid locator strategies for this request: xpath, id, name, class name, -ios predicate string, -ios class chain, accessibility id, css selector
&amp#27;[38;5;64m[XCUITestDriver@9a40 (9260f4af)]&amp#27;[0m Waiting up to 2300000 ms for condition
&amp#27;[38;5;64m[XCUITestDriver@9a40 (9260f4af)]&amp#27;[0m Matched '/element' to command name 'findElement'
&amp#27;[38;5;64m[XCUITestDriver@9a40 (9260f4af)]&amp#27;[0m Proxying [POST /element] to [POST http://127.0.0.1:8100/session/91B54024-A7AB-42F1-B1E5-19D45140936D/element] with body: {"using":"class chain","value":"**/XCUIElementTypeCell"}
&amp#27;[38;5;64m[XCUITestDriver@9a40 (9260f4af)]&amp#27;[0m Got response with status 200: {"value":{"ELEMENT":"A4000000-0000-0000-7D19-000000000000","element-6066-11e4-a52e-4f735466cecf":"A4000000-0000-0000-7D19-000000000000"},"sessionId":"91B54024-A7AB-42F1-B1E5-19D45140936D"}
&amp#27;[38;5;64m[XCUITestDriver@9a40 (9260f4af)]&amp#27;[0m Responding to client with driver.findElement() result: {"element-6066-11e4-a52e-4f735466cecf":"A4000000-0000-0000-7D19-000000000000","ELEMENT":"A4000000-0000-0000-7D19-000000000000"}
&amp#27;[38;5;0m[HTTP]&amp#27;[0m <-- POST /session/9260f4af-a716-46f7-8429-3bd26b412a6d/element 200 118 ms - 137
&amp#27;[38;5;0m[HTTP]&amp#27;[0m 
&amp#27;[38;5;0m[HTTP]&amp#27;[0m &amp#27;[37m-->&amp#27;[39m &amp#27;[37mPOST&amp#27;[39m &amp#27;[37m/session/9260f4af-a716-46f7-8429-3bd26b412a6d/element/A4000000-0000-0000-7D19-000000000000/value&amp#27;[39m
&amp#27;[38;5;0m[HTTP]&amp#27;[0m {"text":"Hello Himanshu","id":"A4000000-0000-0000-7D19-000000000000","value":["H","e","l","l","o"," ","H","i","m","a","n","s","h","u"]}
&amp#27;[38;5;64m[XCUITestDriver@9a40 (9260f4af)]&amp#27;[0m Calling AppiumDriver.setValue() with args: [["H","e","l","l","o"," ","H","i","m","a","n","s","h","u"],"A4000000-0000-0000-7D19-000000000000","9260f4af-a716-46f7-8429-3bd26b412a6d"]
&amp#27;[38;5;64m[XCUITestDriver@9a40 (9260f4af)]&amp#27;[0m Executing command 'setValue'
&amp#27;[38;5;64m[XCUITestDriver@9a40 (9260f4af)]&amp#27;[0m Matched '/element/A4000000-0000-0000-7D19-000000000000/value' to command name 'setValue'
&amp#27;[38;5;64m[XCUITestDriver@9a40 (9260f4af)]&amp#27;[0m Added 'text' property "Hello Himanshu" to 'setValue' request body
&amp#27;[38;5;64m[XCUITestDriver@9a40 (9260f4af)]&amp#27;[0m Proxying [POST /element/A4000000-0000-0000-7D19-000000000000/value] to [POST http://127.0.0.1:8100/session/91B54024-A7AB-42F1-B1E5-19D45140936D/element/A4000000-0000-0000-7D19-000000000000/value] with body: {"value":["H","e","l","l","o"," ","H","i","m","a","n","s","h","u"],"text":"Hello Himanshu"}
&amp#27;[38;5;64m[XCUITestDriver@9a40 (9260f4af)]&amp#27;[0m Got response with status 200: {"value":null,"sessionId":"91B54024-A7AB-42F1-B1E5-19D45140936D"}
&amp#27;[38;5;64m[XCUITestDriver@9a40 (9260f4af)]&amp#27;[0m Responding to client with driver.setValue() result: null
&amp#27;[38;5;0m[HTTP]&amp#27;[0m <-- POST /session/9260f4af-a716-46f7-8429-3bd26b412a6d/element/A4000000-0000-0000-7D19-000000000000/value 200 1438 ms - 14
&amp#27;[38;5;0m[HTTP]&amp#27;[0m 
&amp#27;[38;5;0m[HTTP]&amp#27;[0m &amp#27;[37m-->&amp#27;[39m &amp#27;[37mGET&amp#27;[39m &amp#27;[37m/session/9260f4af-a716-46f7-8429-3bd26b412a6d/context&amp#27;[39m
&amp#27;[38;5;0m[HTTP]&amp#27;[0m {}
&amp#27;[38;5;64m[XCUITestDriver@9a40 (9260f4af)]&amp#27;[0m Calling AppiumDriver.getCurrentContext() with args: ["9260f4af-a716-46f7-8429-3bd26b412a6d"]
&amp#27;[38;5;64m[XCUITestDriver@9a40 (9260f4af)]&amp#27;[0m Executing command 'getCurrentContext'
&amp#27;[38;5;64m[XCUITestDriver@9a40 (9260f4af)]&amp#27;[0m Responding to client with driver.getCurrentContext() result: "NATIVE_APP"
&amp#27;[38;5;0m[HTTP]&amp#27;[0m <-- GET /session/9260f4af-a716-46f7-8429-3bd26b412a6d/context 200 2 ms - 22
&amp#27;[38;5;0m[HTTP]&amp#27;[0m 
&amp#27;[38;5;0m[HTTP]&amp#27;[0m &amp#27;[37m-->&amp#27;[39m &amp#27;[37mPOST&amp#27;[39m &amp#27;[37m/session/9260f4af-a716-46f7-8429-3bd26b412a6d/element&amp#27;[39m
&amp#27;[38;5;0m[HTTP]&amp#27;[0m {"using":"id","value":"OK"}
&amp#27;[38;5;64m[XCUITestDriver@9a40 (9260f4af)]&amp#27;[0m Calling AppiumDriver.findElement() with args: ["id","OK","9260f4af-a716-46f7-8429-3bd26b412a6d"]
&amp#27;[38;5;64m[XCUITestDriver@9a40 (9260f4af)]&amp#27;[0m Executing command 'findElement'
&amp#27;[38;5;64m[XCUITestDriver@9a40 (9260f4af)]&amp#27;[0m Valid locator strategies for this request: xpath, id, name, class name, -ios predicate string, -ios class chain, accessibility id, css selector
&amp#27;[38;5;64m[XCUITestDriver@9a40 (9260f4af)]&amp#27;[0m Waiting up to 2300000 ms for condition
&amp#27;[38;5;64m[XCUITestDriver@9a40 (9260f4af)]&amp#27;[0m Matched '/element' to command name 'findElement'
&amp#27;[38;5;64m[XCUITestDriver@9a40 (9260f4af)]&amp#27;[0m Proxying [POST /element] to [POST http://127.0.0.1:8100/session/91B54024-A7AB-42F1-B1E5-19D45140936D/element] with body: {"using":"id","value":"OK"}
&amp#27;[38;5;64m[XCUITestDriver@9a40 (9260f4af)]&amp#27;[0m Got response with status 200: {"value":{"ELEMENT":"2C010000-0000-0000-7D19-000000000000","element-6066-11e4-a52e-4f735466cecf":"2C010000-0000-0000-7D19-000000000000"},"sessionId":"91B54024-A7AB-42F1-B1E5-19D45140936D"}
&amp#27;[38;5;64m[XCUITestDriver@9a40 (9260f4af)]&amp#27;[0m Responding to client with driver.findElement() result: {"element-6066-11e4-a52e-4f735466cecf":"2C010000-0000-0000-7D19-000000000000","ELEMENT":"2C010000-0000-0000-7D19-000000000000"}
&amp#27;[38;5;0m[HTTP]&amp#27;[0m <-- POST /session/9260f4af-a716-46f7-8429-3bd26b412a6d/element 200 136 ms - 137
&amp#27;[38;5;0m[HTTP]&amp#27;[0m 
&amp#27;[38;5;0m[HTTP]&amp#27;[0m &amp#27;[37m-->&amp#27;[39m &amp#27;[37mPOST&amp#27;[39m &amp#27;[37m/session/9260f4af-a716-46f7-8429-3bd26b412a6d/element/2C010000-0000-0000-7D19-000000000000/click&amp#27;[39m
&amp#27;[38;5;0m[HTTP]&amp#27;[0m {"id":"2C010000-0000-0000-7D19-000000000000"}
&amp#27;[38;5;64m[XCUITestDriver@9a40 (9260f4af)]&amp#27;[0m Driver proxy active, passing request on via HTTP proxy
&amp#27;[38;5;64m[XCUITestDriver@9a40 (9260f4af)]&amp#27;[0m Executing command 'proxyReqRes'
&amp#27;[38;5;64m[XCUITestDriver@9a40 (9260f4af)]&amp#27;[0m Matched '/session/9260f4af-a716-46f7-8429-3bd26b412a6d/element/2C010000-0000-0000-7D19-000000000000/click' to command name 'click'
&amp#27;[38;5;64m[XCUITestDriver@9a40 (9260f4af)]&amp#27;[0m Proxying [POST /session/9260f4af-a716-46f7-8429-3bd26b412a6d/element/2C010000-0000-0000-7D19-000000000000/click] to [POST http://127.0.0.1:8100/session/91B54024-A7AB-42F1-B1E5-19D45140936D/element/2C010000-0000-0000-7D19-000000000000/click] with body: {"id":"2C010000-0000-0000-7D19-000000000000"}
&amp#27;[38;5;64m[XCUITestDriver@9a40 (9260f4af)]&amp#27;[0m Got response with status 200: {"value":null,"sessionId":"91B54024-A7AB-42F1-B1E5-19D45140936D"}
&amp#27;[38;5;64m[XCUITestDriver@9a40 (9260f4af)]&amp#27;[0m Replacing sessionId 91B54024-A7AB-42F1-B1E5-19D45140936D with 9260f4af-a716-46f7-8429-3bd26b412a6d
&amp#27;[38;5;0m[HTTP]&amp#27;[0m <-- POST /session/9260f4af-a716-46f7-8429-3bd26b412a6d/element/2C010000-0000-0000-7D19-000000000000/click 200 754 ms - 65
&amp#27;[38;5;0m[HTTP]&amp#27;[0m 
&amp#27;[38;5;0m[HTTP]&amp#27;[0m &amp#27;[37m-->&amp#27;[39m &amp#27;[37mGET&amp#27;[39m &amp#27;[37m/session/9260f4af-a716-46f7-8429-3bd26b412a6d/context&amp#27;[39m
&amp#27;[38;5;0m[HTTP]&amp#27;[0m {}
&amp#27;[38;5;64m[XCUITestDriver@9a40 (9260f4af)]&amp#27;[0m Calling AppiumDriver.getCurrentContext() with args: ["9260f4af-a716-46f7-8429-3bd26b412a6d"]
&amp#27;[38;5;64m[XCUITestDriver@9a40 (9260f4af)]&amp#27;[0m Executing command 'getCurrentContext'
&amp#27;[38;5;64m[XCUITestDriver@9a40 (9260f4af)]&amp#27;[0m Responding to client with driver.getCurrentContext() result: "NATIVE_APP"
&amp#27;[38;5;0m[HTTP]&amp#27;[0m <-- GET /session/9260f4af-a716-46f7-8429-3bd26b412a6d/context 200 2 ms - 22
&amp#27;[38;5;0m[HTTP]&amp#27;[0m 
&amp#27;[38;5;0m[HTTP]&amp#27;[0m &amp#27;[37m-->&amp#27;[39m &amp#27;[37mPOST&amp#27;[39m &amp#27;[37m/session/9260f4af-a716-46f7-8429-3bd26b412a6d/element&amp#27;[39m
&amp#27;[38;5;0m[HTTP]&amp#27;[0m {"using":"accessibility id","value":"Alert Views"}
&amp#27;[38;5;64m[XCUITestDriver@9a40 (9260f4af)]&amp#27;[0m Calling AppiumDriver.findElement() with args: ["accessibility id","Alert Views","9260f4af-a716-46f7-8429-3bd26b412a6d"]
&amp#27;[38;5;64m[XCUITestDriver@9a40 (9260f4af)]&amp#27;[0m Executing command 'findElement'
&amp#27;[38;5;64m[XCUITestDriver@9a40 (9260f4af)]&amp#27;[0m Valid locator strategies for this request: xpath, id, name, class name, -ios predicate string, -ios class chain, accessibility id, css selector
&amp#27;[38;5;64m[XCUITestDriver@9a40 (9260f4af)]&amp#27;[0m Waiting up to 2300000 ms for condition
&amp#27;[38;5;64m[XCUITestDriver@9a40 (9260f4af)]&amp#27;[0m Matched '/element' to command name 'findElement'
&amp#27;[38;5;64m[XCUITestDriver@9a40 (9260f4af)]&amp#27;[0m Proxying [POST /element] to [POST http://127.0.0.1:8100/session/91B54024-A7AB-42F1-B1E5-19D45140936D/element] with body: {"using":"accessibility id","value":"Alert Views"}
&amp#27;[38;5;64m[XCUITestDriver@9a40 (9260f4af)]&amp#27;[0m Got response with status 200: {"value":{"ELEMENT":"0A000000-0000-0000-7D19-000000000000","element-6066-11e4-a52e-4f735466cecf":"0A000000-0000-0000-7D19-000000000000"},"sessionId":"91B54024-A7AB-42F1-B1E5-19D45140936D"}
&amp#27;[38;5;64m[XCUITestDriver@9a40 (9260f4af)]&amp#27;[0m Responding to client with driver.findElement() result: {"element-6066-11e4-a52e-4f735466cecf":"0A000000-0000-0000-7D19-000000000000","ELEMENT":"0A000000-0000-0000-7D19-000000000000"}
&amp#27;[38;5;0m[HTTP]&amp#27;[0m <-- POST /session/9260f4af-a716-46f7-8429-3bd26b412a6d/element 200 158 ms - 137
&amp#27;[38;5;0m[HTTP]&amp#27;[0m 
&amp#27;[38;5;0m[HTTP]&amp#27;[0m &amp#27;[37m-->&amp#27;[39m &amp#27;[37mPOST&amp#27;[39m &amp#27;[37m/session/9260f4af-a716-46f7-8429-3bd26b412a6d/element/0A000000-0000-0000-7D19-000000000000/click&amp#27;[39m
&amp#27;[38;5;0m[HTTP]&amp#27;[0m {"id":"0A000000-0000-0000-7D19-000000000000"}
&amp#27;[38;5;64m[XCUITestDriver@9a40 (9260f4af)]&amp#27;[0m Driver proxy active, passing request on via HTTP proxy
&amp#27;[38;5;64m[XCUITestDriver@9a40 (9260f4af)]&amp#27;[0m Executing command 'proxyReqRes'
&amp#27;[38;5;64m[XCUITestDriver@9a40 (9260f4af)]&amp#27;[0m Matched '/session/9260f4af-a716-46f7-8429-3bd26b412a6d/element/0A000000-0000-0000-7D19-000000000000/click' to command name 'click'
&amp#27;[38;5;64m[XCUITestDriver@9a40 (9260f4af)]&amp#27;[0m Proxying [POST /session/9260f4af-a716-46f7-8429-3bd26b412a6d/element/0A000000-0000-0000-7D19-000000000000/click] to [POST http://127.0.0.1:8100/session/91B54024-A7AB-42F1-B1E5-19D45140936D/element/0A000000-0000-0000-7D19-000000000000/click] with body: {"id":"0A000000-0000-0000-7D19-000000000000"}
&amp#27;[38;5;64m[XCUITestDriver@9a40 (9260f4af)]&amp#27;[0m Got response with status 200: {"value":null,"sessionId":"91B54024-A7AB-42F1-B1E5-19D45140936D"}
&amp#27;[38;5;64m[XCUITestDriver@9a40 (9260f4af)]&amp#27;[0m Replacing sessionId 91B54024-A7AB-42F1-B1E5-19D45140936D with 9260f4af-a716-46f7-8429-3bd26b412a6d
&amp#27;[38;5;0m[HTTP]&amp#27;[0m <-- POST /session/9260f4af-a716-46f7-8429-3bd26b412a6d/element/0A000000-0000-0000-7D19-000000000000/click 200 503 ms - 65
&amp#27;[38;5;0m[HTTP]&amp#27;[0m 
&amp#27;[38;5;0m[HTTP]&amp#27;[0m &amp#27;[37m-->&amp#27;[39m &amp#27;[37mGET&amp#27;[39m &amp#27;[37m/session/9260f4af-a716-46f7-8429-3bd26b412a6d/context&amp#27;[39m
&amp#27;[38;5;0m[HTTP]&amp#27;[0m {}
&amp#27;[38;5;64m[XCUITestDriver@9a40 (9260f4af)]&amp#27;[0m Calling AppiumDriver.getCurrentContext() with args: ["9260f4af-a716-46f7-8429-3bd26b412a6d"]
&amp#27;[38;5;64m[XCUITestDriver@9a40 (9260f4af)]&amp#27;[0m Executing command 'getCurrentContext'
&amp#27;[38;5;64m[XCUITestDriver@9a40 (9260f4af)]&amp#27;[0m Responding to client with driver.getCurrentContext() result: "NATIVE_APP"
&amp#27;[38;5;0m[HTTP]&amp#27;[0m <-- GET /session/9260f4af-a716-46f7-8429-3bd26b412a6d/context 200 1 ms - 22
&amp#27;[38;5;0m[HTTP]&amp#27;[0m 
&amp#27;[38;5;0m[HTTP]&amp#27;[0m &amp#27;[37m-->&amp#27;[39m &amp#27;[37mPOST&amp#27;[39m &amp#27;[37m/session/9260f4af-a716-46f7-8429-3bd26b412a6d/element&amp#27;[39m
&amp#27;[38;5;0m[HTTP]&amp#27;[0m {"using":"-ios predicate string","value":"type ==  'XCUIElementTypeStaticText' AND value BEGINSWITH[c] 'Confirm'"}
&amp#27;[38;5;64m[XCUITestDriver@9a40 (9260f4af)]&amp#27;[0m Calling AppiumDriver.findElement() with args: ["-ios predicate string","type ==  'XCUIElementTypeStaticText' AND value BEGINSWITH[c] 'Confirm'","9260f4af-a716-46f7-8429-3bd26b412a6d"]
&amp#27;[38;5;64m[XCUITestDriver@9a40 (9260f4af)]&amp#27;[0m Executing command 'findElement'
&amp#27;[38;5;64m[XCUITestDriver@9a40 (9260f4af)]&amp#27;[0m Valid locator strategies for this request: xpath, id, name, class name, -ios predicate string, -ios class chain, accessibility id, css selector
&amp#27;[38;5;64m[XCUITestDriver@9a40 (9260f4af)]&amp#27;[0m Waiting up to 2300000 ms for condition
&amp#27;[38;5;64m[XCUITestDriver@9a40 (9260f4af)]&amp#27;[0m Matched '/element' to command name 'findElement'
&amp#27;[38;5;64m[XCUITestDriver@9a40 (9260f4af)]&amp#27;[0m Proxying [POST /element] to [POST http://127.0.0.1:8100/session/91B54024-A7AB-42F1-B1E5-19D45140936D/element] with body: {"using":"predicate string","value":"type ==  'XCUIElementTypeStaticText' AND value BEGINSWITH[c] 'Confirm'"}
&amp#27;[38;5;64m[XCUITestDriver@9a40 (9260f4af)]&amp#27;[0m Got response with status 200: {"value":{"ELEMENT":"C5000000-0000-0000-7D19-000000000000","element-6066-11e4-a52e-4f735466cecf":"C5000000-0000-0000-7D19-000000000000"},"sessionId":"91B54024-A7AB-42F1-B1E5-19D45140936D"}
&amp#27;[38;5;64m[XCUITestDriver@9a40 (9260f4af)]&amp#27;[0m Responding to client with driver.findElement() result: {"element-6066-11e4-a52e-4f735466cecf":"C5000000-0000-0000-7D19-000000000000","ELEMENT":"C5000000-0000-0000-7D19-000000000000"}
&amp#27;[38;5;0m[HTTP]&amp#27;[0m <-- POST /session/9260f4af-a716-46f7-8429-3bd26b412a6d/element 200 96 ms - 137
&amp#27;[38;5;0m[HTTP]&amp#27;[0m 
&amp#27;[38;5;0m[HTTP]&amp#27;[0m &amp#27;[37m-->&amp#27;[39m &amp#27;[37mPOST&amp#27;[39m &amp#27;[37m/session/9260f4af-a716-46f7-8429-3bd26b412a6d/element/C5000000-0000-0000-7D19-000000000000/click&amp#27;[39m
&amp#27;[38;5;0m[HTTP]&amp#27;[0m {"id":"C5000000-0000-0000-7D19-000000000000"}
&amp#27;[38;5;64m[XCUITestDriver@9a40 (9260f4af)]&amp#27;[0m Driver proxy active, passing request on via HTTP proxy
&amp#27;[38;5;64m[XCUITestDriver@9a40 (9260f4af)]&amp#27;[0m Executing command 'proxyReqRes'
&amp#27;[38;5;64m[XCUITestDriver@9a40 (9260f4af)]&amp#27;[0m Matched '/session/9260f4af-a716-46f7-8429-3bd26b412a6d/element/C5000000-0000-0000-7D19-000000000000/click' to command name 'click'
&amp#27;[38;5;64m[XCUITestDriver@9a40 (9260f4af)]&amp#27;[0m Proxying [POST /session/9260f4af-a716-46f7-8429-3bd26b412a6d/element/C5000000-0000-0000-7D19-000000000000/click] to [POST http://127.0.0.1:8100/session/91B54024-A7AB-42F1-B1E5-19D45140936D/element/C5000000-0000-0000-7D19-000000000000/click] with body: {"id":"C5000000-0000-0000-7D19-000000000000"}
&amp#27;[38;5;64m[XCUITestDriver@9a40 (9260f4af)]&amp#27;[0m Got response with status 200: {"value":null,"sessionId":"91B54024-A7AB-42F1-B1E5-19D45140936D"}
&amp#27;[38;5;64m[XCUITestDriver@9a40 (9260f4af)]&amp#27;[0m Replacing sessionId 91B54024-A7AB-42F1-B1E5-19D45140936D with 9260f4af-a716-46f7-8429-3bd26b412a6d
&amp#27;[38;5;0m[HTTP]&amp#27;[0m <-- POST /session/9260f4af-a716-46f7-8429-3bd26b412a6d/element/C5000000-0000-0000-7D19-000000000000/click 200 667 ms - 65
&amp#27;[38;5;0m[HTTP]&amp#27;[0m 
&amp#27;[38;5;0m[HTTP]&amp#27;[0m &amp#27;[37m-->&amp#27;[39m &amp#27;[37mGET&amp#27;[39m &amp#27;[37m/session/9260f4af-a716-46f7-8429-3bd26b412a6d/context&amp#27;[39m
&amp#27;[38;5;0m[HTTP]&amp#27;[0m {}
&amp#27;[38;5;64m[XCUITestDriver@9a40 (9260f4af)]&amp#27;[0m Calling AppiumDriver.getCurrentContext() with args: ["9260f4af-a716-46f7-8429-3bd26b412a6d"]
&amp#27;[38;5;64m[XCUITestDriver@9a40 (9260f4af)]&amp#27;[0m Executing command 'getCurrentContext'
&amp#27;[38;5;64m[XCUITestDriver@9a40 (9260f4af)]&amp#27;[0m Responding to client with driver.getCurrentContext() result: "NATIVE_APP"
&amp#27;[38;5;0m[HTTP]&amp#27;[0m <-- GET /session/9260f4af-a716-46f7-8429-3bd26b412a6d/context 200 2 ms - 22
&amp#27;[38;5;0m[HTTP]&amp#27;[0m 
&amp#27;[38;5;0m[HTTP]&amp#27;[0m &amp#27;[37m-->&amp#27;[39m &amp#27;[37mPOST&amp#27;[39m &amp#27;[37m/session/9260f4af-a716-46f7-8429-3bd26b412a6d/element&amp#27;[39m
&amp#27;[38;5;0m[HTTP]&amp#27;[0m {"using":"-ios predicate string","value":"type ==  'XCUIElementTypeStaticText' AND value BEGINSWITH[c] 'A message'"}
&amp#27;[38;5;64m[XCUITestDriver@9a40 (9260f4af)]&amp#27;[0m Calling AppiumDriver.findElement() with args: ["-ios predicate string","type ==  'XCUIElementTypeStaticText' AND value BEGINSWITH[c] 'A message'","9260f4af-a716-46f7-8429-3bd26b412a6d"]
&amp#27;[38;5;64m[XCUITestDriver@9a40 (9260f4af)]&amp#27;[0m Executing command 'findElement'
&amp#27;[38;5;64m[XCUITestDriver@9a40 (9260f4af)]&amp#27;[0m Valid locator strategies for this request: xpath, id, name, class name, -ios predicate string, -ios class chain, accessibility id, css selector
&amp#27;[38;5;64m[XCUITestDriver@9a40 (9260f4af)]&amp#27;[0m Waiting up to 2300000 ms for condition
&amp#27;[38;5;64m[XCUITestDriver@9a40 (9260f4af)]&amp#27;[0m Matched '/element' to command name 'findElement'
&amp#27;[38;5;64m[XCUITestDriver@9a40 (9260f4af)]&amp#27;[0m Proxying [POST /element] to [POST http://127.0.0.1:8100/session/91B54024-A7AB-42F1-B1E5-19D45140936D/element] with body: {"using":"predicate string","value":"type ==  'XCUIElementTypeStaticText' AND value BEGINSWITH[c] 'A message'"}
&amp#27;[38;5;64m[XCUITestDriver@9a40 (9260f4af)]&amp#27;[0m Got response with status 200: {"value":{"ELEMENT":"5F010000-0000-0000-7D19-000000000000","element-6066-11e4-a52e-4f735466cecf":"5F010000-0000-0000-7D19-000000000000"},"sessionId":"91B54024-A7AB-42F1-B1E5-19D45140936D"}
&amp#27;[38;5;64m[XCUITestDriver@9a40 (9260f4af)]&amp#27;[0m Responding to client with driver.findElement() result: {"element-6066-11e4-a52e-4f735466cecf":"5F010000-0000-0000-7D19-000000000000","ELEMENT":"5F010000-0000-0000-7D19-000000000000"}
&amp#27;[38;5;0m[HTTP]&amp#27;[0m <-- POST /session/9260f4af-a716-46f7-8429-3bd26b412a6d/element 200 95 ms - 137
&amp#27;[38;5;0m[HTTP]&amp#27;[0m 
&amp#27;[38;5;0m[HTTP]&amp#27;[0m &amp#27;[37m-->&amp#27;[39m &amp#27;[37mGET&amp#27;[39m &amp#27;[37m/session/9260f4af-a716-46f7-8429-3bd26b412a6d/element/5F010000-0000-0000-7D19-000000000000/text&amp#27;[39m
&amp#27;[38;5;0m[HTTP]&amp#27;[0m {}
&amp#27;[38;5;64m[XCUITestDriver@9a40 (9260f4af)]&amp#27;[0m Driver proxy active, passing request on via HTTP proxy
&amp#27;[38;5;64m[XCUITestDriver@9a40 (9260f4af)]&amp#27;[0m Executing command 'proxyReqRes'
&amp#27;[38;5;64m[XCUITestDriver@9a40 (9260f4af)]&amp#27;[0m Matched '/session/9260f4af-a716-46f7-8429-3bd26b412a6d/element/5F010000-0000-0000-7D19-000000000000/text' to command name 'getText'
&amp#27;[38;5;64m[XCUITestDriver@9a40 (9260f4af)]&amp#27;[0m Proxying [GET /session/9260f4af-a716-46f7-8429-3bd26b412a6d/element/5F010000-0000-0000-7D19-000000000000/text] to [GET http://127.0.0.1:8100/session/91B54024-A7AB-42F1-B1E5-19D45140936D/element/5F010000-0000-0000-7D19-000000000000/text] with no body
&amp#27;[38;5;64m[XCUITestDriver@9a40 (9260f4af)]&amp#27;[0m Got response with status 200: {"value":"A message should be a short, complete sentence.","sessionId":"91B54024-A7AB-42F1-B1E5-19D45140936D"}
&amp#27;[38;5;64m[XCUITestDriver@9a40 (9260f4af)]&amp#27;[0m Replacing sessionId 91B54024-A7AB-42F1-B1E5-19D45140936D with 9260f4af-a716-46f7-8429-3bd26b412a6d
&amp#27;[38;5;0m[HTTP]&amp#27;[0m <-- GET /session/9260f4af-a716-46f7-8429-3bd26b412a6d/element/5F010000-0000-0000-7D19-000000000000/text 200 52 ms - 110
&amp#27;[38;5;0m[HTTP]&amp#27;[0m 
&amp#27;[38;5;0m[HTTP]&amp#27;[0m &amp#27;[37m-->&amp#27;[39m &amp#27;[37mPOST&amp#27;[39m &amp#27;[37m/session/9260f4af-a716-46f7-8429-3bd26b412a6d/element&amp#27;[39m
&amp#27;[38;5;0m[HTTP]&amp#27;[0m {"using":"-ios predicate string","value":"label == 'Confirm'"}
&amp#27;[38;5;64m[XCUITestDriver@9a40 (9260f4af)]&amp#27;[0m Calling AppiumDriver.findElement() with args: ["-ios predicate string","label == 'Confirm'","9260f4af-a716-46f7-8429-3bd26b412a6d"]
&amp#27;[38;5;64m[XCUITestDriver@9a40 (9260f4af)]&amp#27;[0m Executing command 'findElement'
&amp#27;[38;5;64m[XCUITestDriver@9a40 (9260f4af)]&amp#27;[0m Valid locator strategies for this request: xpath, id, name, class name, -ios predicate string, -ios class chain, accessibility id, css selector
&amp#27;[38;5;64m[XCUITestDriver@9a40 (9260f4af)]&amp#27;[0m Waiting up to 2300000 ms for condition
&amp#27;[38;5;64m[XCUITestDriver@9a40 (9260f4af)]&amp#27;[0m Matched '/element' to command name 'findElement'
&amp#27;[38;5;64m[XCUITestDriver@9a40 (9260f4af)]&amp#27;[0m Proxying [POST /element] to [POST http://127.0.0.1:8100/session/91B54024-A7AB-42F1-B1E5-19D45140936D/element] with body: {"using":"predicate string","value":"label == 'Confirm'"}
&amp#27;[38;5;64m[XCUITestDriver@9a40 (9260f4af)]&amp#27;[0m Got response with status 200: {"value":{"ELEMENT":"60010000-0000-0000-7D19-000000000000","element-6066-11e4-a52e-4f735466cecf":"60010000-0000-0000-7D19-000000000000"},"sessionId":"91B54024-A7AB-42F1-B1E5-19D45140936D"}
&amp#27;[38;5;64m[XCUITestDriver@9a40 (9260f4af)]&amp#27;[0m Responding to client with driver.findElement() result: {"element-6066-11e4-a52e-4f735466cecf":"60010000-0000-0000-7D19-000000000000","ELEMENT":"60010000-0000-0000-7D19-000000000000"}
&amp#27;[38;5;0m[HTTP]&amp#27;[0m <-- POST /session/9260f4af-a716-46f7-8429-3bd26b412a6d/element 200 84 ms - 137
&amp#27;[38;5;0m[HTTP]&amp#27;[0m 
&amp#27;[38;5;0m[HTTP]&amp#27;[0m &amp#27;[37m-->&amp#27;[39m &amp#27;[37mPOST&amp#27;[39m &amp#27;[37m/session/9260f4af-a716-46f7-8429-3bd26b412a6d/element/60010000-0000-0000-7D19-000000000000/click&amp#27;[39m
&amp#27;[38;5;0m[HTTP]&amp#27;[0m {"id":"60010000-0000-0000-7D19-000000000000"}
&amp#27;[38;5;64m[XCUITestDriver@9a40 (9260f4af)]&amp#27;[0m Driver proxy active, passing request on via HTTP proxy
&amp#27;[38;5;64m[XCUITestDriver@9a40 (9260f4af)]&amp#27;[0m Executing command 'proxyReqRes'
&amp#27;[38;5;64m[XCUITestDriver@9a40 (9260f4af)]&amp#27;[0m Matched '/session/9260f4af-a716-46f7-8429-3bd26b412a6d/element/60010000-0000-0000-7D19-000000000000/click' to command name 'click'
&amp#27;[38;5;64m[XCUITestDriver@9a40 (9260f4af)]&amp#27;[0m Proxying [POST /session/9260f4af-a716-46f7-8429-3bd26b412a6d/element/60010000-0000-0000-7D19-000000000000/click] to [POST http://127.0.0.1:8100/session/91B54024-A7AB-42F1-B1E5-19D45140936D/element/60010000-0000-0000-7D19-000000000000/click] with body: {"id":"60010000-0000-0000-7D19-000000000000"}
&amp#27;[38;5;64m[XCUITestDriver@9a40 (9260f4af)]&amp#27;[0m Got response with status 200: {"value":null,"sessionId":"91B54024-A7AB-42F1-B1E5-19D45140936D"}
&amp#27;[38;5;64m[XCUITestDriver@9a40 (9260f4af)]&amp#27;[0m Replacing sessionId 91B54024-A7AB-42F1-B1E5-19D45140936D with 9260f4af-a716-46f7-8429-3bd26b412a6d
&amp#27;[38;5;0m[HTTP]&amp#27;[0m <-- POST /session/9260f4af-a716-46f7-8429-3bd26b412a6d/element/60010000-0000-0000-7D19-000000000000/click 200 593 ms - 65
&amp#27;[38;5;0m[HTTP]&amp#27;[0m 
]]></system-out>
  </testcase>
</testsuite>