<?xml version="1.0" encoding="UTF-8"?>
<!-- Generated by org.testng.reporters.JUnitReportReporter -->
<testsuite hostname="192.168.1.5" failures="0" tests="2" name="org.example.Module.IOSBasicsTest" time="13.931" errors="0" timestamp="27 Sept 2024 09:55:46 GMT" skipped="0">
  <testcase classname="org.example.Module.IOSBasicsTest" name="BasicsTest" time="6.968"/>
  <testcase classname="org.example.Module.IOSBasicsTest" name="BasicsTest" time="6.963"/>
</testsuite> <!-- org.example.Module.IOSBasicsTest -->
